#
# There is insufficient memory for the Java Runtime Environment to continue.
# Native memory allocation (malloc) failed to allocate 131088 bytes for Chunk::new
# Possible reasons:
#   The system is out of physical RAM or swap space
#   The process is running with CompressedOops enabled, and the Java Heap may be blocking the growth of the native heap
# Possible solutions:
#   Reduce memory load on the system
#   Increase physical memory or swap space
#   Check if swap backing store is full
#   Decrease Java heap size (-Xmx/-Xms)
#   Decrease number of Java threads
#   Decrease Java thread stack sizes (-Xss)
#   Set larger code cache with -XX:ReservedCodeCacheSize=
#   JVM is running with Unscaled Compressed Oops mode in which the Java heap is
#     placed in the first 4GB address space. The Java Heap base address is the
#     maximum limit for the native heap growth. Please use -XX:HeapBaseMinAddress
#     to set the Java Heap base and to place the Java Heap above 4GB virtual address.
# This output file may be truncated or incomplete.
#
#  Out of Memory Error (./open/src/hotspot/share/memory/arena.cpp:197), pid=17664, tid=19460
#
# JRE version: Java(TM) SE Runtime Environment 18.9 (11.0.19+9) (build 11.0.19+9-LTS-224)
# Java VM: Java HotSpot(TM) 64-Bit Server VM 18.9 (11.0.19+9-LTS-224, mixed mode, tiered, compressed oops, g1 gc, windows-amd64)
# No core dump will be written. Minidumps are not enabled by default on client versions of Windows
#

---------------  S U M M A R Y ------------

Command Line: --add-opens=java.base/java.util=ALL-UNNAMED -XX:+HeapDumpOnOutOfMemoryError -Xmx1024m -Dfile.encoding=windows-1252 -Duser.country=IN -Duser.language=en -Duser.variant -Xmx512M org.gradle.launcher.daemon.bootstrap.GradleDaemon 4.10.3

Host: 11th Gen Intel(R) Core(TM) i5-1135G7 @ 2.40GHz, 8 cores, 15G,  Windows 11 , 64 bit Build 26100 (10.0.26100.2454)
Time: Thu Feb  6 11:16:53 2025 India Standard Time elapsed time: 28.801130 seconds (0d 0h 0m 28s)

---------------  T H R E A D  ---------------

Current thread (0x0000021b7faac000):  JavaThread "C2 CompilerThread0" daemon [_thread_in_native, id=19460, stack(0x000000b841600000,0x000000b841700000)]


Current CompileTask:
C2:  28801 9031       4       org.gradle.internal.file.DefaultFileHierarchySet$Node::contains (87 bytes)

Stack: [0x000000b841600000,0x000000b841700000]
Native frames: (J=compiled Java code, j=interpreted, Vv=VM code, C=native code)
V  [jvm.dll+0x65fe1a]
V  [jvm.dll+0x7a2bbf]
V  [jvm.dll+0x7a4289]
V  [jvm.dll+0x7a4923]
V  [jvm.dll+0x258a25]
V  [jvm.dll+0xb29cc]
V  [jvm.dll+0xb2f8c]
V  [jvm.dll+0x68bf1f]
V  [jvm.dll+0x68c273]
V  [jvm.dll+0x68de68]
V  [jvm.dll+0x68c7f9]
V  [jvm.dll+0x56f6d5]
V  [jvm.dll+0x21a5d1]
V  [jvm.dll+0x213db5]
V  [jvm.dll+0x2105e4]
V  [jvm.dll+0x18c841]
V  [jvm.dll+0x220989]
V  [jvm.dll+0x21ecac]
V  [jvm.dll+0x766921]
V  [jvm.dll+0x75f2e4]
V  [jvm.dll+0x65ecc5]
C  [ucrtbase.dll+0x14ea0]
C  [KERNEL32.DLL+0x2e8d7]
C  [ntdll.dll+0xdfbcc]


---------------  P R O C E S S  ---------------

Threads class SMR info:
_java_thread_list=0x0000021b044fc760, length=48, elements={
0x0000021b6433e800, 0x0000021b7fa21000, 0x0000021b7fa4f800, 0x0000021b7faa6800,
0x0000021b7faa8000, 0x0000021b7faab000, 0x0000021b7faac000, 0x0000021b7fac6000,
0x0000021b7fad0800, 0x0000021b7fc35000, 0x0000021b00b67800, 0x0000021b00690000,
0x0000021b00bd3800, 0x0000021b00aba000, 0x0000021b01002800, 0x0000021b01747800,
0x0000021b01748800, 0x0000021b0173c800, 0x0000021b016fd800, 0x0000021b0140b800,
0x0000021b0140f000, 0x0000021b0140c800, 0x0000021b01410000, 0x0000021b0140d800,
0x0000021b01410800, 0x0000021b01411800, 0x0000021b01412800, 0x0000021b02b75000,
0x0000021b02b76000, 0x0000021b02b76800, 0x0000021b02b74800, 0x0000021b02b7a000,
0x0000021b02b77800, 0x0000021b02b7b000, 0x0000021b02b78800, 0x0000021b02b79000,
0x0000021b02b7f000, 0x0000021b02b7d000, 0x0000021b02b7c800, 0x0000021b02b7f800,
0x0000021b02b80800, 0x0000021b02b7e000, 0x0000021b02b81800, 0x0000021b02b82000,
0x0000021b02b83000, 0x0000021b08429000, 0x0000021b08429800, 0x0000021b0ad82800
}

Java Threads: ( => current thread )
  0x0000021b6433e800 JavaThread "main" [_thread_blocked, id=20720, stack(0x000000b840a00000,0x000000b840b00000)]
  0x0000021b7fa21000 JavaThread "Reference Handler" daemon [_thread_blocked, id=7352, stack(0x000000b841100000,0x000000b841200000)]
  0x0000021b7fa4f800 JavaThread "Finalizer" daemon [_thread_blocked, id=11860, stack(0x000000b841200000,0x000000b841300000)]
  0x0000021b7faa6800 JavaThread "Signal Dispatcher" daemon [_thread_blocked, id=17060, stack(0x000000b841300000,0x000000b841400000)]
  0x0000021b7faa8000 JavaThread "Attach Listener" daemon [_thread_blocked, id=11648, stack(0x000000b841400000,0x000000b841500000)]
  0x0000021b7faab000 JavaThread "Service Thread" daemon [_thread_blocked, id=16752, stack(0x000000b841500000,0x000000b841600000)]
=>0x0000021b7faac000 JavaThread "C2 CompilerThread0" daemon [_thread_in_native, id=19460, stack(0x000000b841600000,0x000000b841700000)]
  0x0000021b7fac6000 JavaThread "C1 CompilerThread0" daemon [_thread_blocked, id=11340, stack(0x000000b841700000,0x000000b841800000)]
  0x0000021b7fad0800 JavaThread "Sweeper thread" daemon [_thread_blocked, id=2076, stack(0x000000b841800000,0x000000b841900000)]
  0x0000021b7fc35000 JavaThread "Common-Cleaner" daemon [_thread_blocked, id=13624, stack(0x000000b841900000,0x000000b841a00000)]
  0x0000021b00b67800 JavaThread "Daemon health stats" [_thread_blocked, id=9188, stack(0x000000b842100000,0x000000b842200000)]
  0x0000021b00690000 JavaThread "Incoming local TCP Connector on port 61792" [_thread_in_native, id=17852, stack(0x000000b841b00000,0x000000b841c00000)]
  0x0000021b00bd3800 JavaThread "Daemon periodic checks" [_thread_blocked, id=21856, stack(0x000000b842200000,0x000000b842300000)]
  0x0000021b00aba000 JavaThread "Daemon" [_thread_blocked, id=13392, stack(0x000000b842300000,0x000000b842400000)]
  0x0000021b01002800 JavaThread "Handler for socket connection from /127.0.0.1:61792 to /127.0.0.1:61793" [_thread_in_native, id=5988, stack(0x000000b842400000,0x000000b842500000)]
  0x0000021b01747800 JavaThread "Cancel handler" [_thread_blocked, id=22972, stack(0x000000b842500000,0x000000b842600000)]
  0x0000021b01748800 JavaThread "Daemon worker" [_thread_blocked, id=4048, stack(0x000000b842600000,0x000000b842700000)]
  0x0000021b0173c800 JavaThread "Asynchronous log dispatcher for DefaultDaemonConnection: socket connection from /127.0.0.1:61792 to /127.0.0.1:61793" [_thread_blocked, id=15120, stack(0x000000b842700000,0x000000b842800000)]
  0x0000021b016fd800 JavaThread "Stdin handler" [_thread_blocked, id=10236, stack(0x000000b842800000,0x000000b842900000)]
  0x0000021b0140b800 JavaThread "Cache worker for file hash cache (C:\Users\Mohammad.Junaid\.gradle\caches\4.10.3\fileHashes)" [_thread_blocked, id=24668, stack(0x000000b842900000,0x000000b842a00000)]
  0x0000021b0140f000 JavaThread "File lock request listener" [_thread_in_native, id=21300, stack(0x000000b842a00000,0x000000b842b00000)]
  0x0000021b0140c800 JavaThread "Cache worker for file hash cache (D:\MobileApp\CELEBI_DEL\platforms\android\.gradle\4.10.3\fileHashes)" [_thread_in_native, id=9192, stack(0x000000b842b00000,0x000000b842c00000)]
  0x0000021b01410000 JavaThread "Cache worker for journal cache (C:\Users\Mohammad.Junaid\.gradle\caches\journal-1)" [_thread_blocked, id=23920, stack(0x000000b842c00000,0x000000b842d00000)]
  0x0000021b0140d800 JavaThread "Cache worker for cache directory md-supplier (C:\Users\Mohammad.Junaid\.gradle\caches\4.10.3\md-supplier)" [_thread_blocked, id=14516, stack(0x000000b843200000,0x000000b843300000)]
  0x0000021b01410800 JavaThread "Cache worker for cache directory md-rule (C:\Users\Mohammad.Junaid\.gradle\caches\4.10.3\md-rule)" [_thread_blocked, id=1696, stack(0x000000b843300000,0x000000b843400000)]
  0x0000021b01411800 JavaThread "Cache worker for Artifact transforms cache (C:\Users\Mohammad.Junaid\.gradle\caches\transforms-1)" [_thread_blocked, id=22712, stack(0x000000b843400000,0x000000b843500000)]
  0x0000021b01412800 JavaThread "Build operations" [_thread_blocked, id=8652, stack(0x000000b843500000,0x000000b843600000)]
  0x0000021b02b75000 JavaThread "Build operations Thread 2" [_thread_blocked, id=21424, stack(0x000000b843600000,0x000000b843700000)]
  0x0000021b02b76000 JavaThread "Build operations Thread 3" [_thread_blocked, id=26404, stack(0x000000b843700000,0x000000b843800000)]
  0x0000021b02b76800 JavaThread "Build operations Thread 4" [_thread_blocked, id=27056, stack(0x000000b843800000,0x000000b843900000)]
  0x0000021b02b74800 JavaThread "Build operations Thread 5" [_thread_blocked, id=6236, stack(0x000000b843900000,0x000000b843a00000)]
  0x0000021b02b7a000 JavaThread "Build operations Thread 6" [_thread_blocked, id=9240, stack(0x000000b843a00000,0x000000b843b00000)]
  0x0000021b02b77800 JavaThread "Build operations Thread 7" [_thread_blocked, id=2340, stack(0x000000b843b00000,0x000000b843c00000)]
  0x0000021b02b7b000 JavaThread "Build operations Thread 8" [_thread_blocked, id=19940, stack(0x000000b843c00000,0x000000b843d00000)]
  0x0000021b02b78800 JavaThread "pool-1-thread-1" [_thread_blocked, id=11732, stack(0x000000b843100000,0x000000b843200000)]
  0x0000021b02b79000 JavaThread "Memory manager" [_thread_blocked, id=19496, stack(0x000000b844200000,0x000000b844300000)]
  0x0000021b02b7f000 JavaThread "Cache worker for file content cache (C:\Users\Mohammad.Junaid\.gradle\caches\4.10.3\fileContent)" [_thread_blocked, id=10636, stack(0x000000b844300000,0x000000b844400000)]
  0x0000021b02b7d000 JavaThread "Cache worker for file content cache (D:\MobileApp\CELEBI_DEL\platforms\android\.gradle\4.10.3\fileContent)" [_thread_blocked, id=1892, stack(0x000000b844400000,0x000000b844500000)]
  0x0000021b02b7c800 JavaThread "Task worker for ':'" [_thread_blocked, id=19336, stack(0x000000b844500000,0x000000b844600000)]
  0x0000021b02b7f800 JavaThread "Task worker for ':' Thread 2" [_thread_blocked, id=16328, stack(0x000000b844600000,0x000000b844700000)]
  0x0000021b02b80800 JavaThread "Task worker for ':' Thread 3" [_thread_blocked, id=18956, stack(0x000000b844700000,0x000000b844800000)]
  0x0000021b02b7e000 JavaThread "Task worker for ':' Thread 4" [_thread_blocked, id=20216, stack(0x000000b844800000,0x000000b844900000)]
  0x0000021b02b81800 JavaThread "Task worker for ':' Thread 5" [_thread_blocked, id=18544, stack(0x000000b844900000,0x000000b844a00000)]
  0x0000021b02b82000 JavaThread "Task worker for ':' Thread 6" [_thread_blocked, id=8756, stack(0x000000b844a00000,0x000000b844b00000)]
  0x0000021b02b83000 JavaThread "Task worker for ':' Thread 7" [_thread_blocked, id=21420, stack(0x000000b844b00000,0x000000b844c00000)]
  0x0000021b08429000 JavaThread "Cache worker for task history cache (D:\MobileApp\CELEBI_DEL\platforms\android\.gradle\4.10.3\taskHistory)" [_thread_blocked, id=13932, stack(0x000000b844c00000,0x000000b844d00000)]
  0x0000021b08429800 JavaThread "Cache worker for Build Output Cleanup Cache (D:\MobileApp\CELEBI_DEL\platforms\android\.gradle\buildOutputCleanup)" [_thread_blocked, id=17908, stack(0x000000b844d00000,0x000000b844e00000)]
  0x0000021b0ad82800 JavaThread "C2 CompilerThread1" daemon [_thread_in_native, id=24916, stack(0x000000b843000000,0x000000b843100000)]

Other Threads:
  0x0000021b7fa1e000 VMThread "VM Thread" [stack: 0x000000b841000000,0x000000b841100000] [id=10220]
  0x0000021b7fc3f000 WatcherThread [stack: 0x000000b841a00000,0x000000b841b00000] [id=16588]
  0x0000021b64356800 GCTaskThread "GC Thread#0" [stack: 0x000000b840b00000,0x000000b840c00000] [id=11460]
  0x0000021b003ce000 GCTaskThread "GC Thread#1" [stack: 0x000000b841c00000,0x000000b841d00000] [id=4432]
  0x0000021b007cc000 GCTaskThread "GC Thread#2" [stack: 0x000000b841d00000,0x000000b841e00000] [id=11000]
  0x0000021b007cd000 GCTaskThread "GC Thread#3" [stack: 0x000000b841e00000,0x000000b841f00000] [id=1556]
  0x0000021b00591000 GCTaskThread "GC Thread#4" [stack: 0x000000b841f00000,0x000000b842000000] [id=15348]
  0x0000021b00591800 GCTaskThread "GC Thread#5" [stack: 0x000000b842000000,0x000000b842100000] [id=20500]
  0x0000021b028d1000 GCTaskThread "GC Thread#6" [stack: 0x000000b842d00000,0x000000b842e00000] [id=1040]
  0x0000021b02783000 GCTaskThread "GC Thread#7" [stack: 0x000000b842e00000,0x000000b842f00000] [id=27528]
  0x0000021b6436b000 ConcurrentGCThread "G1 Main Marker" [stack: 0x000000b840c00000,0x000000b840d00000] [id=14932]
  0x0000021b64372000 ConcurrentGCThread "G1 Conc#0" [stack: 0x000000b840d00000,0x000000b840e00000] [id=16280]
  0x0000021b027e4000 ConcurrentGCThread "G1 Conc#1" [stack: 0x000000b842f00000,0x000000b843000000] [id=26248]
  0x0000021b64368000 ConcurrentGCThread "G1 Refine#0" [stack: 0x000000b840e00000,0x000000b840f00000] [id=27144]
  0x0000021b01586000 ConcurrentGCThread "G1 Refine#1" [stack: 0x000000b843e00000,0x000000b843f00000] [id=1740]
  0x0000021b07432000 ConcurrentGCThread "G1 Refine#2" [stack: 0x000000b843f00000,0x000000b844000000] [id=18664]
  0x0000021b07433000 ConcurrentGCThread "G1 Refine#3" [stack: 0x000000b844000000,0x000000b844100000] [id=15440]
  0x0000021b07435000 ConcurrentGCThread "G1 Refine#4" [stack: 0x000000b844100000,0x000000b844200000] [id=12264]
  0x0000021b7f087000 ConcurrentGCThread "G1 Young RemSet Sampling" [stack: 0x000000b840f00000,0x000000b841000000] [id=17764]

Threads with active compile tasks:
C2 CompilerThread0    29843 9031       4       org.gradle.internal.file.DefaultFileHierarchySet$Node::contains (87 bytes)
C2 CompilerThread1    29843 9122   !   4       java.io.WinNTFileSystem::resolve (362 bytes)

VM state:not at safepoint (normal execution)

VM Mutex/Monitor currently owned by a thread: None

Heap address: 0x00000000e0000000, size: 512 MB, Compressed Oops mode: 32-bit
Narrow klass base: 0x0000000000000000, Narrow klass shift: 3
Compressed class space size: 1073741824 Address: 0x0000000100000000

Heap:
 garbage-first heap   total 258048K, used 135168K [0x00000000e0000000, 0x0000000100000000)
  region size 1024K, 95 young (97280K), 19 survivors (19456K)
 Metaspace       used 76424K, capacity 78352K, committed 78540K, reserved 1118208K
  class space    used 9790K, capacity 10422K, committed 10444K, reserved 1048576K
Heap Regions: E=young(eden), S=young(survivor), O=old, HS=humongous(starts), HC=humongous(continues), CS=collection set, F=free, A=archive, TAMS=top-at-mark-start (previous, next)
|   0|0x00000000e0000000, 0x00000000e0100000, 0x00000000e0100000|100%|HS|  |TAMS 0x00000000e0100000, 0x00000000e0000000| Complete 
|   1|0x00000000e0100000, 0x00000000e0200000, 0x00000000e0200000|100%|HC|  |TAMS 0x00000000e0200000, 0x00000000e0100000| Complete 
|   2|0x00000000e0200000, 0x00000000e0300000, 0x00000000e0300000|100%| O|  |TAMS 0x00000000e0300000, 0x00000000e0200000| Untracked 
|   3|0x00000000e0300000, 0x00000000e0400000, 0x00000000e0400000|100%| O|  |TAMS 0x00000000e0400000, 0x00000000e0300000| Untracked 
|   4|0x00000000e0400000, 0x00000000e0500000, 0x00000000e0500000|100%|HS|  |TAMS 0x00000000e0500000, 0x00000000e0400000| Complete 
|   5|0x00000000e0500000, 0x00000000e0600000, 0x00000000e0600000|100%|HC|  |TAMS 0x00000000e0600000, 0x00000000e0500000| Complete 
|   6|0x00000000e0600000, 0x00000000e0700000, 0x00000000e0700000|100%|HC|  |TAMS 0x00000000e0700000, 0x00000000e0600000| Complete 
|   7|0x00000000e0700000, 0x00000000e0800000, 0x00000000e0800000|100%| O|  |TAMS 0x00000000e0800000, 0x00000000e0700000| Untracked 
|   8|0x00000000e0800000, 0x00000000e0900000, 0x00000000e0900000|100%| O|  |TAMS 0x00000000e0900000, 0x00000000e0800000| Untracked 
|   9|0x00000000e0900000, 0x00000000e0a00000, 0x00000000e0a00000|100%| O|  |TAMS 0x00000000e0a00000, 0x00000000e0900000| Untracked 
|  10|0x00000000e0a00000, 0x00000000e0b00000, 0x00000000e0b00000|100%| O|  |TAMS 0x00000000e0b00000, 0x00000000e0a00000| Untracked 
|  11|0x00000000e0b00000, 0x00000000e0c00000, 0x00000000e0c00000|100%| O|  |TAMS 0x00000000e0c00000, 0x00000000e0b00000| Untracked 
|  12|0x00000000e0c00000, 0x00000000e0d00000, 0x00000000e0d00000|100%| O|  |TAMS 0x00000000e0d00000, 0x00000000e0c00000| Untracked 
|  13|0x00000000e0d00000, 0x00000000e0e00000, 0x00000000e0e00000|100%| O|  |TAMS 0x00000000e0e00000, 0x00000000e0d00000| Untracked 
|  14|0x00000000e0e00000, 0x00000000e0f00000, 0x00000000e0f00000|100%| O|  |TAMS 0x00000000e0f00000, 0x00000000e0e00000| Untracked 
|  15|0x00000000e0f00000, 0x00000000e1000000, 0x00000000e1000000|100%| O|  |TAMS 0x00000000e1000000, 0x00000000e0f00000| Untracked 
|  16|0x00000000e1000000, 0x00000000e1100000, 0x00000000e1100000|100%| O|  |TAMS 0x00000000e1100000, 0x00000000e1000000| Untracked 
|  17|0x00000000e1100000, 0x00000000e1200000, 0x00000000e1200000|100%|HS|  |TAMS 0x00000000e1200000, 0x00000000e1100000| Complete 
|  18|0x00000000e1200000, 0x00000000e1300000, 0x00000000e1300000|100%|HC|  |TAMS 0x00000000e1300000, 0x00000000e1200000| Complete 
|  19|0x00000000e1300000, 0x00000000e1400000, 0x00000000e1400000|100%| O|  |TAMS 0x00000000e1400000, 0x00000000e1300000| Untracked 
|  20|0x00000000e1400000, 0x00000000e1500000, 0x00000000e1500000|100%| O|  |TAMS 0x00000000e1500000, 0x00000000e1400000| Untracked 
|  21|0x00000000e1500000, 0x00000000e1600000, 0x00000000e1600000|100%| O|  |TAMS 0x00000000e1600000, 0x00000000e1500000| Untracked 
|  22|0x00000000e1600000, 0x00000000e1700000, 0x00000000e1700000|100%| O|  |TAMS 0x00000000e1700000, 0x00000000e1600000| Untracked 
|  23|0x00000000e1700000, 0x00000000e1800000, 0x00000000e1800000|100%| O|  |TAMS 0x00000000e1800000, 0x00000000e1700000| Untracked 
|  24|0x00000000e1800000, 0x00000000e1900000, 0x00000000e1900000|100%| O|  |TAMS 0x00000000e1900000, 0x00000000e1800000| Untracked 
|  25|0x00000000e1900000, 0x00000000e1a00000, 0x00000000e1a00000|100%| O|  |TAMS 0x00000000e1a00000, 0x00000000e1900000| Untracked 
|  26|0x00000000e1a00000, 0x00000000e1b00000, 0x00000000e1b00000|100%| O|  |TAMS 0x00000000e1b00000, 0x00000000e1a00000| Untracked 
|  27|0x00000000e1b00000, 0x00000000e1c00000, 0x00000000e1c00000|100%| O|  |TAMS 0x00000000e1c00000, 0x00000000e1b00000| Untracked 
|  28|0x00000000e1c00000, 0x00000000e1d00000, 0x00000000e1d00000|100%| O|  |TAMS 0x00000000e1d00000, 0x00000000e1c00000| Untracked 
|  29|0x00000000e1d00000, 0x00000000e1e00000, 0x00000000e1e00000|100%| O|  |TAMS 0x00000000e1e00000, 0x00000000e1d00000| Untracked 
|  30|0x00000000e1e00000, 0x00000000e1f00000, 0x00000000e1f00000|100%| O|  |TAMS 0x00000000e1f00000, 0x00000000e1e00000| Untracked 
|  31|0x00000000e1f00000, 0x00000000e2000000, 0x00000000e2000000|100%| O|  |TAMS 0x00000000e2000000, 0x00000000e1f00000| Untracked 
|  32|0x00000000e2000000, 0x00000000e2100000, 0x00000000e2100000|100%| O|  |TAMS 0x00000000e2100000, 0x00000000e2000000| Untracked 
|  33|0x00000000e2100000, 0x00000000e2200000, 0x00000000e2200000|100%| O|  |TAMS 0x00000000e2200000, 0x00000000e2100000| Untracked 
|  34|0x00000000e2200000, 0x00000000e2300000, 0x00000000e2300000|100%| O|  |TAMS 0x00000000e2300000, 0x00000000e2200000| Untracked 
|  35|0x00000000e2300000, 0x00000000e2400000, 0x00000000e2400000|100%| O|  |TAMS 0x00000000e2400000, 0x00000000e2300000| Untracked 
|  36|0x00000000e2400000, 0x00000000e2500000, 0x00000000e2500000|100%| O|  |TAMS 0x00000000e2500000, 0x00000000e2400000| Untracked 
|  37|0x00000000e2500000, 0x00000000e2600000, 0x00000000e2600000|100%| O|  |TAMS 0x00000000e2600000, 0x00000000e2500000| Untracked 
|  38|0x00000000e2600000, 0x00000000e2700000, 0x00000000e2700000|100%| O|  |TAMS 0x00000000e2700000, 0x00000000e2600000| Untracked 
|  39|0x00000000e2700000, 0x00000000e2700000, 0x00000000e2800000|  0%| F|  |TAMS 0x00000000e2700000, 0x00000000e2700000| Untracked 
|  40|0x00000000e2800000, 0x00000000e2800000, 0x00000000e2900000|  0%| F|  |TAMS 0x00000000e2800000, 0x00000000e2800000| Untracked 
|  41|0x00000000e2900000, 0x00000000e2900000, 0x00000000e2a00000|  0%| F|  |TAMS 0x00000000e2900000, 0x00000000e2900000| Untracked 
|  42|0x00000000e2a00000, 0x00000000e2a00000, 0x00000000e2b00000|  0%| F|  |TAMS 0x00000000e2a00000, 0x00000000e2a00000| Untracked 
|  43|0x00000000e2b00000, 0x00000000e2b00000, 0x00000000e2c00000|  0%| F|  |TAMS 0x00000000e2b00000, 0x00000000e2b00000| Untracked 
|  44|0x00000000e2c00000, 0x00000000e2c00000, 0x00000000e2d00000|  0%| F|  |TAMS 0x00000000e2c00000, 0x00000000e2c00000| Untracked 
|  45|0x00000000e2d00000, 0x00000000e2d00000, 0x00000000e2e00000|  0%| F|  |TAMS 0x00000000e2d00000, 0x00000000e2d00000| Untracked 
|  46|0x00000000e2e00000, 0x00000000e2e00000, 0x00000000e2f00000|  0%| F|  |TAMS 0x00000000e2e00000, 0x00000000e2e00000| Untracked 
|  47|0x00000000e2f00000, 0x00000000e2f00000, 0x00000000e3000000|  0%| F|  |TAMS 0x00000000e2f00000, 0x00000000e2f00000| Untracked 
|  48|0x00000000e3000000, 0x00000000e3000000, 0x00000000e3100000|  0%| F|  |TAMS 0x00000000e3000000, 0x00000000e3000000| Untracked 
|  49|0x00000000e3100000, 0x00000000e3100000, 0x00000000e3200000|  0%| F|  |TAMS 0x00000000e3100000, 0x00000000e3100000| Untracked 
|  50|0x00000000e3200000, 0x00000000e3200000, 0x00000000e3300000|  0%| F|  |TAMS 0x00000000e3200000, 0x00000000e3200000| Untracked 
|  51|0x00000000e3300000, 0x00000000e3300000, 0x00000000e3400000|  0%| F|  |TAMS 0x00000000e3300000, 0x00000000e3300000| Untracked 
|  52|0x00000000e3400000, 0x00000000e3400000, 0x00000000e3500000|  0%| F|  |TAMS 0x00000000e3400000, 0x00000000e3400000| Untracked 
|  53|0x00000000e3500000, 0x00000000e3500000, 0x00000000e3600000|  0%| F|  |TAMS 0x00000000e3500000, 0x00000000e3500000| Untracked 
|  54|0x00000000e3600000, 0x00000000e3600000, 0x00000000e3700000|  0%| F|  |TAMS 0x00000000e3600000, 0x00000000e3600000| Untracked 
|  55|0x00000000e3700000, 0x00000000e3700000, 0x00000000e3800000|  0%| F|  |TAMS 0x00000000e3700000, 0x00000000e3700000| Untracked 
|  56|0x00000000e3800000, 0x00000000e3800000, 0x00000000e3900000|  0%| F|  |TAMS 0x00000000e3800000, 0x00000000e3800000| Untracked 
|  57|0x00000000e3900000, 0x00000000e3900000, 0x00000000e3a00000|  0%| F|  |TAMS 0x00000000e3900000, 0x00000000e3900000| Untracked 
|  58|0x00000000e3a00000, 0x00000000e3a00000, 0x00000000e3b00000|  0%| F|  |TAMS 0x00000000e3a00000, 0x00000000e3a00000| Untracked 
|  59|0x00000000e3b00000, 0x00000000e3b00000, 0x00000000e3c00000|  0%| F|  |TAMS 0x00000000e3b00000, 0x00000000e3b00000| Untracked 
|  60|0x00000000e3c00000, 0x00000000e3c00000, 0x00000000e3d00000|  0%| F|  |TAMS 0x00000000e3c00000, 0x00000000e3c00000| Untracked 
|  61|0x00000000e3d00000, 0x00000000e3d00000, 0x00000000e3e00000|  0%| F|  |TAMS 0x00000000e3d00000, 0x00000000e3d00000| Untracked 
|  62|0x00000000e3e00000, 0x00000000e3e00000, 0x00000000e3f00000|  0%| F|  |TAMS 0x00000000e3e00000, 0x00000000e3e00000| Untracked 
|  63|0x00000000e3f00000, 0x00000000e3f00000, 0x00000000e4000000|  0%| F|  |TAMS 0x00000000e3f00000, 0x00000000e3f00000| Untracked 
|  64|0x00000000e4000000, 0x00000000e4000000, 0x00000000e4100000|  0%| F|  |TAMS 0x00000000e4000000, 0x00000000e4000000| Untracked 
|  65|0x00000000e4100000, 0x00000000e4100000, 0x00000000e4200000|  0%| F|  |TAMS 0x00000000e4100000, 0x00000000e4100000| Untracked 
|  66|0x00000000e4200000, 0x00000000e4200000, 0x00000000e4300000|  0%| F|  |TAMS 0x00000000e4200000, 0x00000000e4200000| Untracked 
|  67|0x00000000e4300000, 0x00000000e4300000, 0x00000000e4400000|  0%| F|  |TAMS 0x00000000e4300000, 0x00000000e4300000| Untracked 
|  68|0x00000000e4400000, 0x00000000e4400000, 0x00000000e4500000|  0%| F|  |TAMS 0x00000000e4400000, 0x00000000e4400000| Untracked 
|  69|0x00000000e4500000, 0x00000000e4500000, 0x00000000e4600000|  0%| F|  |TAMS 0x00000000e4500000, 0x00000000e4500000| Untracked 
|  70|0x00000000e4600000, 0x00000000e4600000, 0x00000000e4700000|  0%| F|  |TAMS 0x00000000e4600000, 0x00000000e4600000| Untracked 
|  71|0x00000000e4700000, 0x00000000e4700000, 0x00000000e4800000|  0%| F|  |TAMS 0x00000000e4700000, 0x00000000e4700000| Untracked 
|  72|0x00000000e4800000, 0x00000000e4800000, 0x00000000e4900000|  0%| F|  |TAMS 0x00000000e4800000, 0x00000000e4800000| Untracked 
|  73|0x00000000e4900000, 0x00000000e4900000, 0x00000000e4a00000|  0%| F|  |TAMS 0x00000000e4900000, 0x00000000e4900000| Untracked 
|  74|0x00000000e4a00000, 0x00000000e4a00000, 0x00000000e4b00000|  0%| F|  |TAMS 0x00000000e4a00000, 0x00000000e4a00000| Untracked 
|  75|0x00000000e4b00000, 0x00000000e4b00000, 0x00000000e4c00000|  0%| F|  |TAMS 0x00000000e4b00000, 0x00000000e4b00000| Untracked 
|  76|0x00000000e4c00000, 0x00000000e4c00000, 0x00000000e4d00000|  0%| F|  |TAMS 0x00000000e4c00000, 0x00000000e4c00000| Untracked 
|  77|0x00000000e4d00000, 0x00000000e4d00000, 0x00000000e4e00000|  0%| F|  |TAMS 0x00000000e4d00000, 0x00000000e4d00000| Untracked 
|  78|0x00000000e4e00000, 0x00000000e4e00000, 0x00000000e4f00000|  0%| F|  |TAMS 0x00000000e4e00000, 0x00000000e4e00000| Untracked 
|  79|0x00000000e4f00000, 0x00000000e4f00000, 0x00000000e5000000|  0%| F|  |TAMS 0x00000000e4f00000, 0x00000000e4f00000| Untracked 
|  80|0x00000000e5000000, 0x00000000e5000000, 0x00000000e5100000|  0%| F|  |TAMS 0x00000000e5000000, 0x00000000e5000000| Untracked 
|  81|0x00000000e5100000, 0x00000000e5100000, 0x00000000e5200000|  0%| F|  |TAMS 0x00000000e5100000, 0x00000000e5100000| Untracked 
|  82|0x00000000e5200000, 0x00000000e5200000, 0x00000000e5300000|  0%| F|  |TAMS 0x00000000e5200000, 0x00000000e5200000| Untracked 
|  83|0x00000000e5300000, 0x00000000e5300000, 0x00000000e5400000|  0%| F|  |TAMS 0x00000000e5300000, 0x00000000e5300000| Untracked 
|  84|0x00000000e5400000, 0x00000000e5400000, 0x00000000e5500000|  0%| F|  |TAMS 0x00000000e5400000, 0x00000000e5400000| Untracked 
|  85|0x00000000e5500000, 0x00000000e5500000, 0x00000000e5600000|  0%| F|  |TAMS 0x00000000e5500000, 0x00000000e5500000| Untracked 
|  86|0x00000000e5600000, 0x00000000e5600000, 0x00000000e5700000|  0%| F|  |TAMS 0x00000000e5600000, 0x00000000e5600000| Untracked 
|  87|0x00000000e5700000, 0x00000000e5800000, 0x00000000e5800000|100%| S|CS|TAMS 0x00000000e5700000, 0x00000000e5700000| Complete 
|  88|0x00000000e5800000, 0x00000000e5900000, 0x00000000e5900000|100%| S|CS|TAMS 0x00000000e5800000, 0x00000000e5800000| Complete 
|  89|0x00000000e5900000, 0x00000000e5a00000, 0x00000000e5a00000|100%| S|CS|TAMS 0x00000000e5900000, 0x00000000e5900000| Complete 
|  90|0x00000000e5a00000, 0x00000000e5b00000, 0x00000000e5b00000|100%| S|CS|TAMS 0x00000000e5a00000, 0x00000000e5a00000| Complete 
|  91|0x00000000e5b00000, 0x00000000e5c00000, 0x00000000e5c00000|100%| S|CS|TAMS 0x00000000e5b00000, 0x00000000e5b00000| Complete 
|  92|0x00000000e5c00000, 0x00000000e5d00000, 0x00000000e5d00000|100%| S|CS|TAMS 0x00000000e5c00000, 0x00000000e5c00000| Complete 
|  93|0x00000000e5d00000, 0x00000000e5e00000, 0x00000000e5e00000|100%| S|CS|TAMS 0x00000000e5d00000, 0x00000000e5d00000| Complete 
|  94|0x00000000e5e00000, 0x00000000e5f00000, 0x00000000e5f00000|100%| S|CS|TAMS 0x00000000e5e00000, 0x00000000e5e00000| Complete 
|  95|0x00000000e5f00000, 0x00000000e6000000, 0x00000000e6000000|100%| S|CS|TAMS 0x00000000e5f00000, 0x00000000e5f00000| Complete 
|  96|0x00000000e6000000, 0x00000000e6100000, 0x00000000e6100000|100%| S|CS|TAMS 0x00000000e6000000, 0x00000000e6000000| Complete 
|  97|0x00000000e6100000, 0x00000000e6200000, 0x00000000e6200000|100%| S|CS|TAMS 0x00000000e6100000, 0x00000000e6100000| Complete 
|  98|0x00000000e6200000, 0x00000000e6300000, 0x00000000e6300000|100%| S|CS|TAMS 0x00000000e6200000, 0x00000000e6200000| Complete 
|  99|0x00000000e6300000, 0x00000000e6400000, 0x00000000e6400000|100%| S|CS|TAMS 0x00000000e6300000, 0x00000000e6300000| Complete 
| 100|0x00000000e6400000, 0x00000000e6500000, 0x00000000e6500000|100%| S|CS|TAMS 0x00000000e6400000, 0x00000000e6400000| Complete 
| 101|0x00000000e6500000, 0x00000000e6600000, 0x00000000e6600000|100%| S|CS|TAMS 0x00000000e6500000, 0x00000000e6500000| Complete 
| 102|0x00000000e6600000, 0x00000000e6700000, 0x00000000e6700000|100%| S|CS|TAMS 0x00000000e6600000, 0x00000000e6600000| Complete 
| 103|0x00000000e6700000, 0x00000000e6800000, 0x00000000e6800000|100%| S|CS|TAMS 0x00000000e6700000, 0x00000000e6700000| Complete 
| 104|0x00000000e6800000, 0x00000000e6900000, 0x00000000e6900000|100%| S|CS|TAMS 0x00000000e6800000, 0x00000000e6800000| Complete 
| 105|0x00000000e6900000, 0x00000000e6a00000, 0x00000000e6a00000|100%| S|CS|TAMS 0x00000000e6900000, 0x00000000e6900000| Complete 
| 106|0x00000000e6a00000, 0x00000000e6a00000, 0x00000000e6b00000|  0%| F|  |TAMS 0x00000000e6a00000, 0x00000000e6a00000| Untracked 
| 107|0x00000000e6b00000, 0x00000000e6b00000, 0x00000000e6c00000|  0%| F|  |TAMS 0x00000000e6b00000, 0x00000000e6b00000| Untracked 
| 108|0x00000000e6c00000, 0x00000000e6c00000, 0x00000000e6d00000|  0%| F|  |TAMS 0x00000000e6c00000, 0x00000000e6c00000| Untracked 
| 109|0x00000000e6d00000, 0x00000000e6d00000, 0x00000000e6e00000|  0%| F|  |TAMS 0x00000000e6d00000, 0x00000000e6d00000| Untracked 
| 110|0x00000000e6e00000, 0x00000000e6e00000, 0x00000000e6f00000|  0%| F|  |TAMS 0x00000000e6e00000, 0x00000000e6e00000| Untracked 
| 111|0x00000000e6f00000, 0x00000000e6f00000, 0x00000000e7000000|  0%| F|  |TAMS 0x00000000e6f00000, 0x00000000e6f00000| Untracked 
| 112|0x00000000e7000000, 0x00000000e7000000, 0x00000000e7100000|  0%| F|  |TAMS 0x00000000e7000000, 0x00000000e7000000| Untracked 
| 113|0x00000000e7100000, 0x00000000e7100000, 0x00000000e7200000|  0%| F|  |TAMS 0x00000000e7100000, 0x00000000e7100000| Untracked 
| 114|0x00000000e7200000, 0x00000000e7200000, 0x00000000e7300000|  0%| F|  |TAMS 0x00000000e7200000, 0x00000000e7200000| Untracked 
| 115|0x00000000e7300000, 0x00000000e7300000, 0x00000000e7400000|  0%| F|  |TAMS 0x00000000e7300000, 0x00000000e7300000| Untracked 
| 116|0x00000000e7400000, 0x00000000e7400000, 0x00000000e7500000|  0%| F|  |TAMS 0x00000000e7400000, 0x00000000e7400000| Untracked 
| 117|0x00000000e7500000, 0x00000000e7500000, 0x00000000e7600000|  0%| F|  |TAMS 0x00000000e7500000, 0x00000000e7500000| Untracked 
| 118|0x00000000e7600000, 0x00000000e7600000, 0x00000000e7700000|  0%| F|  |TAMS 0x00000000e7600000, 0x00000000e7600000| Untracked 
| 119|0x00000000e7700000, 0x00000000e7700000, 0x00000000e7800000|  0%| F|  |TAMS 0x00000000e7700000, 0x00000000e7700000| Untracked 
| 120|0x00000000e7800000, 0x00000000e7800000, 0x00000000e7900000|  0%| F|  |TAMS 0x00000000e7800000, 0x00000000e7800000| Untracked 
| 121|0x00000000e7900000, 0x00000000e7900000, 0x00000000e7a00000|  0%| F|  |TAMS 0x00000000e7900000, 0x00000000e7900000| Untracked 
| 122|0x00000000e7a00000, 0x00000000e7a00000, 0x00000000e7b00000|  0%| F|  |TAMS 0x00000000e7a00000, 0x00000000e7a00000| Untracked 
| 123|0x00000000e7b00000, 0x00000000e7b00000, 0x00000000e7c00000|  0%| F|  |TAMS 0x00000000e7b00000, 0x00000000e7b00000| Untracked 
| 124|0x00000000e7c00000, 0x00000000e7c00000, 0x00000000e7d00000|  0%| F|  |TAMS 0x00000000e7c00000, 0x00000000e7c00000| Untracked 
| 125|0x00000000e7d00000, 0x00000000e7d00000, 0x00000000e7e00000|  0%| F|  |TAMS 0x00000000e7d00000, 0x00000000e7d00000| Untracked 
| 126|0x00000000e7e00000, 0x00000000e7e00000, 0x00000000e7f00000|  0%| F|  |TAMS 0x00000000e7e00000, 0x00000000e7e00000| Untracked 
| 127|0x00000000e7f00000, 0x00000000e7f00000, 0x00000000e8000000|  0%| F|  |TAMS 0x00000000e7f00000, 0x00000000e7f00000| Untracked 
| 128|0x00000000e8000000, 0x00000000e8000000, 0x00000000e8100000|  0%| F|  |TAMS 0x00000000e8000000, 0x00000000e8000000| Untracked 
| 129|0x00000000e8100000, 0x00000000e8100000, 0x00000000e8200000|  0%| F|  |TAMS 0x00000000e8100000, 0x00000000e8100000| Untracked 
| 130|0x00000000e8200000, 0x00000000e8200000, 0x00000000e8300000|  0%| F|  |TAMS 0x00000000e8200000, 0x00000000e8200000| Untracked 
| 131|0x00000000e8300000, 0x00000000e8300000, 0x00000000e8400000|  0%| F|  |TAMS 0x00000000e8300000, 0x00000000e8300000| Untracked 
| 132|0x00000000e8400000, 0x00000000e8400000, 0x00000000e8500000|  0%| F|  |TAMS 0x00000000e8400000, 0x00000000e8400000| Untracked 
| 133|0x00000000e8500000, 0x00000000e8500000, 0x00000000e8600000|  0%| F|  |TAMS 0x00000000e8500000, 0x00000000e8500000| Untracked 
| 134|0x00000000e8600000, 0x00000000e8600000, 0x00000000e8700000|  0%| F|  |TAMS 0x00000000e8600000, 0x00000000e8600000| Untracked 
| 135|0x00000000e8700000, 0x00000000e8700000, 0x00000000e8800000|  0%| F|  |TAMS 0x00000000e8700000, 0x00000000e8700000| Untracked 
| 136|0x00000000e8800000, 0x00000000e8800000, 0x00000000e8900000|  0%| F|  |TAMS 0x00000000e8800000, 0x00000000e8800000| Untracked 
| 137|0x00000000e8900000, 0x00000000e8900000, 0x00000000e8a00000|  0%| F|  |TAMS 0x00000000e8900000, 0x00000000e8900000| Untracked 
| 138|0x00000000e8a00000, 0x00000000e8a00000, 0x00000000e8b00000|  0%| F|  |TAMS 0x00000000e8a00000, 0x00000000e8a00000| Untracked 
| 139|0x00000000e8b00000, 0x00000000e8b00000, 0x00000000e8c00000|  0%| F|  |TAMS 0x00000000e8b00000, 0x00000000e8b00000| Untracked 
| 140|0x00000000e8c00000, 0x00000000e8c00000, 0x00000000e8d00000|  0%| F|  |TAMS 0x00000000e8c00000, 0x00000000e8c00000| Untracked 
| 141|0x00000000e8d00000, 0x00000000e8d00000, 0x00000000e8e00000|  0%| F|  |TAMS 0x00000000e8d00000, 0x00000000e8d00000| Untracked 
| 142|0x00000000e8e00000, 0x00000000e8e00000, 0x00000000e8f00000|  0%| F|  |TAMS 0x00000000e8e00000, 0x00000000e8e00000| Untracked 
| 143|0x00000000e8f00000, 0x00000000e8f00000, 0x00000000e9000000|  0%| F|  |TAMS 0x00000000e8f00000, 0x00000000e8f00000| Untracked 
| 144|0x00000000e9000000, 0x00000000e9000000, 0x00000000e9100000|  0%| F|  |TAMS 0x00000000e9000000, 0x00000000e9000000| Untracked 
| 145|0x00000000e9100000, 0x00000000e9100000, 0x00000000e9200000|  0%| F|  |TAMS 0x00000000e9100000, 0x00000000e9100000| Untracked 
| 146|0x00000000e9200000, 0x00000000e9200000, 0x00000000e9300000|  0%| F|  |TAMS 0x00000000e9200000, 0x00000000e9200000| Untracked 
| 147|0x00000000e9300000, 0x00000000e9300000, 0x00000000e9400000|  0%| F|  |TAMS 0x00000000e9300000, 0x00000000e9300000| Untracked 
| 148|0x00000000e9400000, 0x00000000e9400000, 0x00000000e9500000|  0%| F|  |TAMS 0x00000000e9400000, 0x00000000e9400000| Untracked 
| 149|0x00000000e9500000, 0x00000000e9500000, 0x00000000e9600000|  0%| F|  |TAMS 0x00000000e9500000, 0x00000000e9500000| Untracked 
| 150|0x00000000e9600000, 0x00000000e9600000, 0x00000000e9700000|  0%| F|  |TAMS 0x00000000e9600000, 0x00000000e9600000| Untracked 
| 151|0x00000000e9700000, 0x00000000e9700000, 0x00000000e9800000|  0%| F|  |TAMS 0x00000000e9700000, 0x00000000e9700000| Untracked 
| 152|0x00000000e9800000, 0x00000000e9800000, 0x00000000e9900000|  0%| F|  |TAMS 0x00000000e9800000, 0x00000000e9800000| Untracked 
| 153|0x00000000e9900000, 0x00000000e9900000, 0x00000000e9a00000|  0%| F|  |TAMS 0x00000000e9900000, 0x00000000e9900000| Untracked 
| 154|0x00000000e9a00000, 0x00000000e9a00000, 0x00000000e9b00000|  0%| F|  |TAMS 0x00000000e9a00000, 0x00000000e9a00000| Untracked 
| 155|0x00000000e9b00000, 0x00000000e9b00000, 0x00000000e9c00000|  0%| F|  |TAMS 0x00000000e9b00000, 0x00000000e9b00000| Untracked 
| 156|0x00000000e9c00000, 0x00000000e9c00000, 0x00000000e9d00000|  0%| F|  |TAMS 0x00000000e9c00000, 0x00000000e9c00000| Untracked 
| 157|0x00000000e9d00000, 0x00000000e9d00000, 0x00000000e9e00000|  0%| F|  |TAMS 0x00000000e9d00000, 0x00000000e9d00000| Untracked 
| 158|0x00000000e9e00000, 0x00000000e9e00000, 0x00000000e9f00000|  0%| F|  |TAMS 0x00000000e9e00000, 0x00000000e9e00000| Untracked 
| 159|0x00000000e9f00000, 0x00000000e9f00000, 0x00000000ea000000|  0%| F|  |TAMS 0x00000000e9f00000, 0x00000000e9f00000| Untracked 
| 160|0x00000000ea000000, 0x00000000ea000000, 0x00000000ea100000|  0%| F|  |TAMS 0x00000000ea000000, 0x00000000ea000000| Untracked 
| 161|0x00000000ea100000, 0x00000000ea100000, 0x00000000ea200000|  0%| F|  |TAMS 0x00000000ea100000, 0x00000000ea100000| Untracked 
| 162|0x00000000ea200000, 0x00000000ea200000, 0x00000000ea300000|  0%| F|  |TAMS 0x00000000ea200000, 0x00000000ea200000| Untracked 
| 163|0x00000000ea300000, 0x00000000ea300000, 0x00000000ea400000|  0%| F|  |TAMS 0x00000000ea300000, 0x00000000ea300000| Untracked 
| 164|0x00000000ea400000, 0x00000000ea400000, 0x00000000ea500000|  0%| F|  |TAMS 0x00000000ea400000, 0x00000000ea400000| Untracked 
| 165|0x00000000ea500000, 0x00000000ea500000, 0x00000000ea600000|  0%| F|  |TAMS 0x00000000ea500000, 0x00000000ea500000| Untracked 
| 166|0x00000000ea600000, 0x00000000ea600000, 0x00000000ea700000|  0%| F|  |TAMS 0x00000000ea600000, 0x00000000ea600000| Untracked 
| 167|0x00000000ea700000, 0x00000000ea700000, 0x00000000ea800000|  0%| F|  |TAMS 0x00000000ea700000, 0x00000000ea700000| Untracked 
| 168|0x00000000ea800000, 0x00000000ea800000, 0x00000000ea900000|  0%| F|  |TAMS 0x00000000ea800000, 0x00000000ea800000| Untracked 
| 169|0x00000000ea900000, 0x00000000ea900000, 0x00000000eaa00000|  0%| F|  |TAMS 0x00000000ea900000, 0x00000000ea900000| Untracked 
| 170|0x00000000eaa00000, 0x00000000eaa00000, 0x00000000eab00000|  0%| F|  |TAMS 0x00000000eaa00000, 0x00000000eaa00000| Untracked 
| 171|0x00000000eab00000, 0x00000000eab00000, 0x00000000eac00000|  0%| F|  |TAMS 0x00000000eab00000, 0x00000000eab00000| Untracked 
| 172|0x00000000eac00000, 0x00000000eac00000, 0x00000000ead00000|  0%| F|  |TAMS 0x00000000eac00000, 0x00000000eac00000| Untracked 
| 173|0x00000000ead00000, 0x00000000ead00000, 0x00000000eae00000|  0%| F|  |TAMS 0x00000000ead00000, 0x00000000ead00000| Untracked 
| 174|0x00000000eae00000, 0x00000000eae00000, 0x00000000eaf00000|  0%| F|  |TAMS 0x00000000eae00000, 0x00000000eae00000| Untracked 
| 175|0x00000000eaf00000, 0x00000000eaf00000, 0x00000000eb000000|  0%| F|  |TAMS 0x00000000eaf00000, 0x00000000eaf00000| Untracked 
| 176|0x00000000eb000000, 0x00000000eb085818, 0x00000000eb100000| 52%| E|  |TAMS 0x00000000eb000000, 0x00000000eb000000| Complete 
| 177|0x00000000eb100000, 0x00000000eb200000, 0x00000000eb200000|100%| E|CS|TAMS 0x00000000eb100000, 0x00000000eb100000| Complete 
| 178|0x00000000eb200000, 0x00000000eb300000, 0x00000000eb300000|100%| E|CS|TAMS 0x00000000eb200000, 0x00000000eb200000| Complete 
| 179|0x00000000eb300000, 0x00000000eb400000, 0x00000000eb400000|100%| E|CS|TAMS 0x00000000eb300000, 0x00000000eb300000| Complete 
| 180|0x00000000eb400000, 0x00000000eb500000, 0x00000000eb500000|100%| E|CS|TAMS 0x00000000eb400000, 0x00000000eb400000| Complete 
| 181|0x00000000eb500000, 0x00000000eb600000, 0x00000000eb600000|100%| E|CS|TAMS 0x00000000eb500000, 0x00000000eb500000| Complete 
| 182|0x00000000eb600000, 0x00000000eb700000, 0x00000000eb700000|100%| E|CS|TAMS 0x00000000eb600000, 0x00000000eb600000| Complete 
| 183|0x00000000eb700000, 0x00000000eb800000, 0x00000000eb800000|100%| E|CS|TAMS 0x00000000eb700000, 0x00000000eb700000| Complete 
| 184|0x00000000eb800000, 0x00000000eb900000, 0x00000000eb900000|100%| E|CS|TAMS 0x00000000eb800000, 0x00000000eb800000| Complete 
| 185|0x00000000eb900000, 0x00000000eba00000, 0x00000000eba00000|100%| E|CS|TAMS 0x00000000eb900000, 0x00000000eb900000| Complete 
| 186|0x00000000eba00000, 0x00000000ebb00000, 0x00000000ebb00000|100%| E|CS|TAMS 0x00000000eba00000, 0x00000000eba00000| Complete 
| 187|0x00000000ebb00000, 0x00000000ebc00000, 0x00000000ebc00000|100%| E|CS|TAMS 0x00000000ebb00000, 0x00000000ebb00000| Complete 
| 188|0x00000000ebc00000, 0x00000000ebd00000, 0x00000000ebd00000|100%| E|CS|TAMS 0x00000000ebc00000, 0x00000000ebc00000| Complete 
| 189|0x00000000ebd00000, 0x00000000ebe00000, 0x00000000ebe00000|100%| E|CS|TAMS 0x00000000ebd00000, 0x00000000ebd00000| Complete 
| 190|0x00000000ebe00000, 0x00000000ebf00000, 0x00000000ebf00000|100%| E|CS|TAMS 0x00000000ebe00000, 0x00000000ebe00000| Complete 
| 191|0x00000000ebf00000, 0x00000000ec000000, 0x00000000ec000000|100%| E|CS|TAMS 0x00000000ebf00000, 0x00000000ebf00000| Complete 
| 192|0x00000000ec000000, 0x00000000ec100000, 0x00000000ec100000|100%| E|CS|TAMS 0x00000000ec000000, 0x00000000ec000000| Complete 
| 193|0x00000000ec100000, 0x00000000ec200000, 0x00000000ec200000|100%| E|CS|TAMS 0x00000000ec100000, 0x00000000ec100000| Complete 
| 194|0x00000000ec200000, 0x00000000ec300000, 0x00000000ec300000|100%| E|CS|TAMS 0x00000000ec200000, 0x00000000ec200000| Complete 
| 195|0x00000000ec300000, 0x00000000ec400000, 0x00000000ec400000|100%| E|CS|TAMS 0x00000000ec300000, 0x00000000ec300000| Complete 
| 196|0x00000000ec400000, 0x00000000ec500000, 0x00000000ec500000|100%| E|CS|TAMS 0x00000000ec400000, 0x00000000ec400000| Complete 
| 197|0x00000000ec500000, 0x00000000ec600000, 0x00000000ec600000|100%| E|CS|TAMS 0x00000000ec500000, 0x00000000ec500000| Complete 
| 198|0x00000000ec600000, 0x00000000ec700000, 0x00000000ec700000|100%| E|CS|TAMS 0x00000000ec600000, 0x00000000ec600000| Complete 
| 199|0x00000000ec700000, 0x00000000ec800000, 0x00000000ec800000|100%| E|  |TAMS 0x00000000ec700000, 0x00000000ec700000| Complete 
| 200|0x00000000ec800000, 0x00000000ec900000, 0x00000000ec900000|100%| E|CS|TAMS 0x00000000ec800000, 0x00000000ec800000| Complete 
| 201|0x00000000ec900000, 0x00000000eca00000, 0x00000000eca00000|100%| E|CS|TAMS 0x00000000ec900000, 0x00000000ec900000| Complete 
| 202|0x00000000eca00000, 0x00000000ecb00000, 0x00000000ecb00000|100%| E|CS|TAMS 0x00000000eca00000, 0x00000000eca00000| Complete 
| 203|0x00000000ecb00000, 0x00000000ecc00000, 0x00000000ecc00000|100%| E|CS|TAMS 0x00000000ecb00000, 0x00000000ecb00000| Complete 
| 204|0x00000000ecc00000, 0x00000000ecd00000, 0x00000000ecd00000|100%| E|CS|TAMS 0x00000000ecc00000, 0x00000000ecc00000| Complete 
| 205|0x00000000ecd00000, 0x00000000ece00000, 0x00000000ece00000|100%| E|CS|TAMS 0x00000000ecd00000, 0x00000000ecd00000| Complete 
| 206|0x00000000ece00000, 0x00000000ecf00000, 0x00000000ecf00000|100%| E|CS|TAMS 0x00000000ece00000, 0x00000000ece00000| Complete 
| 207|0x00000000ecf00000, 0x00000000ed000000, 0x00000000ed000000|100%| E|CS|TAMS 0x00000000ecf00000, 0x00000000ecf00000| Complete 
| 208|0x00000000ed000000, 0x00000000ed100000, 0x00000000ed100000|100%| E|CS|TAMS 0x00000000ed000000, 0x00000000ed000000| Complete 
| 209|0x00000000ed100000, 0x00000000ed200000, 0x00000000ed200000|100%| E|CS|TAMS 0x00000000ed100000, 0x00000000ed100000| Complete 
| 210|0x00000000ed200000, 0x00000000ed300000, 0x00000000ed300000|100%| E|CS|TAMS 0x00000000ed200000, 0x00000000ed200000| Complete 
| 211|0x00000000ed300000, 0x00000000ed400000, 0x00000000ed400000|100%| E|CS|TAMS 0x00000000ed300000, 0x00000000ed300000| Complete 
| 212|0x00000000ed400000, 0x00000000ed500000, 0x00000000ed500000|100%| E|CS|TAMS 0x00000000ed400000, 0x00000000ed400000| Complete 
| 213|0x00000000ed500000, 0x00000000ed600000, 0x00000000ed600000|100%| E|CS|TAMS 0x00000000ed500000, 0x00000000ed500000| Complete 
| 214|0x00000000ed600000, 0x00000000ed700000, 0x00000000ed700000|100%| E|CS|TAMS 0x00000000ed600000, 0x00000000ed600000| Complete 
| 215|0x00000000ed700000, 0x00000000ed800000, 0x00000000ed800000|100%| E|CS|TAMS 0x00000000ed700000, 0x00000000ed700000| Complete 
| 216|0x00000000ed800000, 0x00000000ed900000, 0x00000000ed900000|100%| E|CS|TAMS 0x00000000ed800000, 0x00000000ed800000| Complete 
| 217|0x00000000ed900000, 0x00000000eda00000, 0x00000000eda00000|100%| E|CS|TAMS 0x00000000ed900000, 0x00000000ed900000| Complete 
| 218|0x00000000eda00000, 0x00000000edb00000, 0x00000000edb00000|100%| E|CS|TAMS 0x00000000eda00000, 0x00000000eda00000| Complete 
| 219|0x00000000edb00000, 0x00000000edc00000, 0x00000000edc00000|100%| E|CS|TAMS 0x00000000edb00000, 0x00000000edb00000| Complete 
| 220|0x00000000edc00000, 0x00000000edd00000, 0x00000000edd00000|100%| E|CS|TAMS 0x00000000edc00000, 0x00000000edc00000| Complete 
| 221|0x00000000edd00000, 0x00000000ede00000, 0x00000000ede00000|100%| E|CS|TAMS 0x00000000edd00000, 0x00000000edd00000| Complete 
| 222|0x00000000ede00000, 0x00000000edf00000, 0x00000000edf00000|100%| E|CS|TAMS 0x00000000ede00000, 0x00000000ede00000| Complete 
| 223|0x00000000edf00000, 0x00000000ee000000, 0x00000000ee000000|100%| E|CS|TAMS 0x00000000edf00000, 0x00000000edf00000| Complete 
| 224|0x00000000ee000000, 0x00000000ee100000, 0x00000000ee100000|100%| E|CS|TAMS 0x00000000ee000000, 0x00000000ee000000| Complete 
| 225|0x00000000ee100000, 0x00000000ee200000, 0x00000000ee200000|100%| E|CS|TAMS 0x00000000ee100000, 0x00000000ee100000| Complete 
| 226|0x00000000ee200000, 0x00000000ee300000, 0x00000000ee300000|100%| E|CS|TAMS 0x00000000ee200000, 0x00000000ee200000| Complete 
| 227|0x00000000ee300000, 0x00000000ee400000, 0x00000000ee400000|100%| E|CS|TAMS 0x00000000ee300000, 0x00000000ee300000| Complete 
| 228|0x00000000ee400000, 0x00000000ee500000, 0x00000000ee500000|100%| E|CS|TAMS 0x00000000ee400000, 0x00000000ee400000| Complete 
| 229|0x00000000ee500000, 0x00000000ee600000, 0x00000000ee600000|100%| E|CS|TAMS 0x00000000ee500000, 0x00000000ee500000| Complete 
| 230|0x00000000ee600000, 0x00000000ee700000, 0x00000000ee700000|100%| E|CS|TAMS 0x00000000ee600000, 0x00000000ee600000| Complete 
| 231|0x00000000ee700000, 0x00000000ee800000, 0x00000000ee800000|100%| E|CS|TAMS 0x00000000ee700000, 0x00000000ee700000| Complete 
| 232|0x00000000ee800000, 0x00000000ee900000, 0x00000000ee900000|100%| E|CS|TAMS 0x00000000ee800000, 0x00000000ee800000| Complete 
| 233|0x00000000ee900000, 0x00000000eea00000, 0x00000000eea00000|100%| E|CS|TAMS 0x00000000ee900000, 0x00000000ee900000| Complete 
| 234|0x00000000eea00000, 0x00000000eeb00000, 0x00000000eeb00000|100%| E|CS|TAMS 0x00000000eea00000, 0x00000000eea00000| Complete 
| 235|0x00000000eeb00000, 0x00000000eec00000, 0x00000000eec00000|100%| E|CS|TAMS 0x00000000eeb00000, 0x00000000eeb00000| Complete 
| 236|0x00000000eec00000, 0x00000000eed00000, 0x00000000eed00000|100%| E|CS|TAMS 0x00000000eec00000, 0x00000000eec00000| Complete 
| 237|0x00000000eed00000, 0x00000000eee00000, 0x00000000eee00000|100%| E|CS|TAMS 0x00000000eed00000, 0x00000000eed00000| Complete 
| 238|0x00000000eee00000, 0x00000000eef00000, 0x00000000eef00000|100%| E|CS|TAMS 0x00000000eee00000, 0x00000000eee00000| Complete 
| 239|0x00000000eef00000, 0x00000000ef000000, 0x00000000ef000000|100%| E|CS|TAMS 0x00000000eef00000, 0x00000000eef00000| Complete 
| 240|0x00000000ef000000, 0x00000000ef100000, 0x00000000ef100000|100%| E|CS|TAMS 0x00000000ef000000, 0x00000000ef000000| Complete 
| 241|0x00000000ef100000, 0x00000000ef200000, 0x00000000ef200000|100%| E|CS|TAMS 0x00000000ef100000, 0x00000000ef100000| Complete 
| 242|0x00000000ef200000, 0x00000000ef300000, 0x00000000ef300000|100%| E|CS|TAMS 0x00000000ef200000, 0x00000000ef200000| Complete 
| 243|0x00000000ef300000, 0x00000000ef400000, 0x00000000ef400000|100%| E|CS|TAMS 0x00000000ef300000, 0x00000000ef300000| Complete 
| 244|0x00000000ef400000, 0x00000000ef500000, 0x00000000ef500000|100%| E|CS|TAMS 0x00000000ef400000, 0x00000000ef400000| Complete 
| 245|0x00000000ef500000, 0x00000000ef600000, 0x00000000ef600000|100%| E|CS|TAMS 0x00000000ef500000, 0x00000000ef500000| Complete 
| 246|0x00000000ef600000, 0x00000000ef700000, 0x00000000ef700000|100%| E|CS|TAMS 0x00000000ef600000, 0x00000000ef600000| Complete 
| 247|0x00000000ef700000, 0x00000000ef800000, 0x00000000ef800000|100%| E|CS|TAMS 0x00000000ef700000, 0x00000000ef700000| Complete 
| 248|0x00000000ef800000, 0x00000000ef900000, 0x00000000ef900000|100%| E|CS|TAMS 0x00000000ef800000, 0x00000000ef800000| Complete 
| 249|0x00000000ef900000, 0x00000000efa00000, 0x00000000efa00000|100%| E|CS|TAMS 0x00000000ef900000, 0x00000000ef900000| Complete 
| 250|0x00000000efa00000, 0x00000000efb00000, 0x00000000efb00000|100%| E|CS|TAMS 0x00000000efa00000, 0x00000000efa00000| Complete 
| 251|0x00000000efb00000, 0x00000000efc00000, 0x00000000efc00000|100%| E|CS|TAMS 0x00000000efb00000, 0x00000000efb00000| Complete 

Card table byte_map: [0x0000021b7b590000,0x0000021b7b690000] _byte_map_base: 0x0000021b7ae90000

Marking Bits (Prev, Next): (CMBitMap*) 0x0000021b643653d8, (CMBitMap*) 0x0000021b64365410
 Prev Bits: [0x0000021b7b790000, 0x0000021b7bf90000)
 Next Bits: [0x0000021b7bf90000, 0x0000021b7c790000)

Polling page: 0x0000021b62ae0000

Metaspace:

Usage:
  Non-class:     66.34 MB capacity,    65.07 MB ( 98%) used,     1.13 MB (  2%) free+waste,   143.12 KB ( <1%) overhead. 
      Class:     10.18 MB capacity,     9.56 MB ( 94%) used,   564.26 KB (  5%) free+waste,    67.50 KB ( <1%) overhead. 
       Both:     76.52 MB capacity,    74.63 MB ( 98%) used,     1.68 MB (  2%) free+waste,   210.62 KB ( <1%) overhead. 

Virtual space:
  Non-class space:       68.00 MB reserved,      66.50 MB ( 98%) committed 
      Class space:        1.00 GB reserved,      10.20 MB ( <1%) committed 
             Both:        1.07 GB reserved,      76.70 MB (  7%) committed 

Chunk freelists:
   Non-Class:  4.75 KB
       Class:  1.25 KB
        Both:  6.00 KB

CodeHeap 'non-profiled nmethods': size=120000Kb used=5590Kb max_used=5590Kb free=114409Kb
 bounds [0x0000021b734e0000, 0x0000021b73a60000, 0x0000021b7aa10000]
CodeHeap 'profiled nmethods': size=120000Kb used=20738Kb max_used=20738Kb free=99261Kb
 bounds [0x0000021b6bfb0000, 0x0000021b6d400000, 0x0000021b734e0000]
CodeHeap 'non-nmethods': size=5760Kb used=2290Kb max_used=2316Kb free=3469Kb
 bounds [0x0000021b6ba10000, 0x0000021b6bc80000, 0x0000021b6bfb0000]
 total_blobs=10021 nmethods=9140 adapters=791
 compilation: enabled
              stopped_count=0, restarted_count=0
 full_count=0

Compilation events (10 events):
Event: 26.764 Thread 0x0000021b7fac6000 nmethod 9125 0x0000021b73a50f90 code [0x0000021b73a51120, 0x0000021b73a511d8]
Event: 26.764 Thread 0x0000021b7fac6000 9124       1       org.gradle.api.internal.file.collections.ListBackedFileSet::getFiles (5 bytes)
Event: 26.765 Thread 0x0000021b7fac6000 nmethod 9124 0x0000021b73a51290 code [0x0000021b73a51420, 0x0000021b73a514d8]
Event: 26.765 Thread 0x0000021b7fac6000 9126       1       com.google.common.collect.RegularImmutableSortedMap::access$100 (5 bytes)
Event: 26.765 Thread 0x0000021b7fac6000 nmethod 9126 0x0000021b73a51590 code [0x0000021b73a51720, 0x0000021b73a517b8]
Event: 26.765 Thread 0x0000021b7fac6000 9119       1       org.gradle.api.internal.artifacts.transform.UserCodeBackedTransformer::getFrom (5 bytes)
Event: 26.765 Thread 0x0000021b7fac6000 nmethod 9119 0x0000021b73a51890 code [0x0000021b73a51a20, 0x0000021b73a51ad8]
Event: 26.768 Thread 0x0000021b7fac6000 9127       3       com.google.common.collect.AbstractMapBasedMultimap::<init> (19 bytes)
Event: 26.768 Thread 0x0000021b7fac6000 nmethod 9127 0x0000021b6d3df010 code [0x0000021b6d3df1e0, 0x0000021b6d3df618]
Event: 26.775 Thread 0x0000021b7fac6000 9128       3       com.sun.org.apache.xerces.internal.impl.dtd.XMLSimpleType::<init> (5 bytes)

GC Heap History (10 events):
Event: 5.069 GC heap before
{Heap before GC invocations=4 (full 0):
 garbage-first heap   total 258048K, used 78108K [0x00000000e0000000, 0x0000000100000000)
  region size 1024K, 64 young (65536K), 4 survivors (4096K)
 Metaspace       used 35205K, capacity 35770K, committed 35840K, reserved 1081344K
  class space    used 4535K, capacity 4733K, committed 4736K, reserved 1048576K
}
Event: 5.075 GC heap after
{Heap after GC invocations=5 (full 0):
 garbage-first heap   total 258048K, used 20330K [0x00000000e0000000, 0x0000000100000000)
  region size 1024K, 7 young (7168K), 7 survivors (7168K)
 Metaspace       used 35205K, capacity 35770K, committed 35840K, reserved 1081344K
  class space    used 4535K, capacity 4733K, committed 4736K, reserved 1048576K
}
Event: 6.752 GC heap before
{Heap before GC invocations=6 (full 0):
 garbage-first heap   total 258048K, used 112490K [0x00000000e0000000, 0x0000000100000000)
  region size 1024K, 93 young (95232K), 7 survivors (7168K)
 Metaspace       used 45942K, capacity 46965K, committed 47232K, reserved 1089536K
  class space    used 5842K, capacity 6185K, committed 6272K, reserved 1048576K
}
Event: 6.763 GC heap after
{Heap after GC invocations=7 (full 0):
 garbage-first heap   total 258048K, used 35840K [0x00000000e0000000, 0x0000000100000000)
  region size 1024K, 12 young (12288K), 12 survivors (12288K)
 Metaspace       used 45942K, capacity 46965K, committed 47232K, reserved 1089536K
  class space    used 5842K, capacity 6185K, committed 6272K, reserved 1048576K
}
Event: 9.078 GC heap before
{Heap before GC invocations=7 (full 0):
 garbage-first heap   total 258048K, used 179200K [0x00000000e0000000, 0x0000000100000000)
  region size 1024K, 151 young (154624K), 12 survivors (12288K)
 Metaspace       used 56780K, capacity 58074K, committed 58368K, reserved 1099776K
  class space    used 7177K, capacity 7612K, committed 7680K, reserved 1048576K
}
Event: 9.092 GC heap after
{Heap after GC invocations=8 (full 0):
 garbage-first heap   total 258048K, used 44405K [0x00000000e0000000, 0x0000000100000000)
  region size 1024K, 18 young (18432K), 18 survivors (18432K)
 Metaspace       used 56780K, capacity 58074K, committed 58368K, reserved 1099776K
  class space    used 7177K, capacity 7612K, committed 7680K, reserved 1048576K
}
Event: 10.445 GC heap before
{Heap before GC invocations=8 (full 0):
 garbage-first heap   total 258048K, used 127349K [0x00000000e0000000, 0x0000000100000000)
  region size 1024K, 100 young (102400K), 18 survivors (18432K)
 Metaspace       used 58887K, capacity 60252K, committed 60288K, reserved 1101824K
  class space    used 7404K, capacity 7910K, committed 7936K, reserved 1048576K
}
Event: 10.456 GC heap after
{Heap after GC invocations=9 (full 0):
 garbage-first heap   total 258048K, used 46287K [0x00000000e0000000, 0x0000000100000000)
  region size 1024K, 10 young (10240K), 10 survivors (10240K)
 Metaspace       used 58887K, capacity 60252K, committed 60288K, reserved 1101824K
  class space    used 7404K, capacity 7910K, committed 7936K, reserved 1048576K
}
Event: 12.632 GC heap before
{Heap before GC invocations=10 (full 0):
 garbage-first heap   total 258048K, used 185551K [0x00000000e0000000, 0x0000000100000000)
  region size 1024K, 146 young (149504K), 10 survivors (10240K)
 Metaspace       used 68424K, capacity 70258K, committed 70348K, reserved 1110016K
  class space    used 8765K, capacity 9379K, committed 9420K, reserved 1048576K
}
Event: 12.648 GC heap after
{Heap after GC invocations=11 (full 0):
 garbage-first heap   total 258048K, used 59392K [0x00000000e0000000, 0x0000000100000000)
  region size 1024K, 19 young (19456K), 19 survivors (19456K)
 Metaspace       used 68424K, capacity 70258K, committed 70348K, reserved 1110016K
  class space    used 8765K, capacity 9379K, committed 9420K, reserved 1048576K
}

Deoptimization events (10 events):
Event: 18.109 Thread 0x0000021b02b82000 Uncommon trap: reason=unstable_if action=reinterpret pc=0x0000021b738c66a0 method=java.util.zip.InflaterInputStream.close()V @ 11 c2
Event: 18.486 Thread 0x0000021b02b82000 Uncommon trap: reason=class_check action=maybe_recompile pc=0x0000021b7358fc88 method=java.util.zip.InflaterInputStream.read([BII)I @ 100 c2
Event: 18.486 Thread 0x0000021b02b82000 Uncommon trap: reason=class_check action=maybe_recompile pc=0x0000021b7358fc88 method=java.util.zip.InflaterInputStream.read([BII)I @ 100 c2
Event: 22.756 Thread 0x0000021b00bd3800 Uncommon trap: reason=speculate_class_check action=maybe_recompile pc=0x0000021b73962ae4 method=java.util.AbstractList.listIterator()Ljava/util/ListIterator; @ 2 c2
Event: 26.528 Thread 0x0000021b02b74800 Uncommon trap: reason=unstable_if action=reinterpret pc=0x0000021b738b5a08 method=sun.nio.fs.NativeBuffers.getNativeBufferFromCache(I)Lsun/nio/fs/NativeBuffer; @ 18 c2
Event: 26.553 Thread 0x0000021b02b82000 Uncommon trap: reason=class_check action=maybe_recompile pc=0x0000021b73945570 method=java.util.concurrent.ConcurrentHashMap.get(Ljava/lang/Object;)Ljava/lang/Object; @ 93 c2
Event: 26.553 Thread 0x0000021b02b75000 Uncommon trap: reason=class_check action=maybe_recompile pc=0x0000021b73945570 method=java.util.concurrent.ConcurrentHashMap.get(Ljava/lang/Object;)Ljava/lang/Object; @ 93 c2
Event: 26.559 Thread 0x0000021b02b74800 Uncommon trap: reason=unstable_if action=reinterpret pc=0x0000021b738b6284 method=sun.nio.fs.NativeBuffers.releaseNativeBuffer(Lsun/nio/fs/NativeBuffer;)V @ 35 c2
Event: 26.701 Thread 0x0000021b02b7b000 Uncommon trap: reason=unstable_if action=reinterpret pc=0x0000021b73952d38 method=java.util.concurrent.ConcurrentHashMap.addCount(JI)V @ 34 c2
Event: 26.702 Thread 0x0000021b02b77800 Uncommon trap: reason=unstable_if action=reinterpret pc=0x0000021b7354d588 method=java.util.concurrent.ConcurrentHashMap.addCount(JI)V @ 7 c2

Classes redefined (0 events):
No events

Internal exceptions (10 events):
Event: 12.899 Thread 0x0000021b01748800 Exception <a 'java/lang/ClassNotFoundException'{0x00000000ee9f5e10}: com/android/build/gradle/tasks/PackageApplicationBeanInfo> (0x00000000ee9f5e10) thrown at [./open/src/hotspot/share/classfile/systemDictionary.cpp, line 226]
Event: 12.899 Thread 0x0000021b01748800 Exception <a 'java/lang/ClassNotFoundException'{0x00000000ee8064a8}: com/android/build/gradle/tasks/PackageAndroidArtifactBeanInfo> (0x00000000ee8064a8) thrown at [./open/src/hotspot/share/classfile/systemDictionary.cpp, line 226]
Event: 12.900 Thread 0x0000021b01748800 Exception <a 'java/lang/ClassNotFoundException'{0x00000000ee8165e0}: com/android/build/gradle/tasks/PackageAndroidArtifactCustomizer> (0x00000000ee8165e0) thrown at [./open/src/hotspot/share/classfile/systemDictionary.cpp, line 226]
Event: 12.902 Thread 0x0000021b01748800 Exception <a 'java/lang/ClassNotFoundException'{0x00000000ee856ba0}: com/android/build/gradle/tasks/PackageApplicationCustomizer> (0x00000000ee856ba0) thrown at [./open/src/hotspot/share/classfile/systemDictionary.cpp, line 226]
Event: 12.903 Thread 0x0000021b01748800 Exception <a 'java/lang/ClassNotFoundException'{0x00000000ee87a248}: com/android/build/gradle/tasks/PackageApplication_DecoratedCustomizer> (0x00000000ee87a248) thrown at [./open/src/hotspot/share/classfile/systemDictionary.cpp, line 226]
Event: 14.147 Thread 0x0000021b02b82000 Exception <a 'sun/nio/fs/WindowsException'{0x00000000ed3e38b0}> (0x00000000ed3e38b0) thrown at [./open/src/hotspot/share/prims/jni.cpp, line 611]
Event: 14.156 Thread 0x0000021b02b82000 Implicit null exception at 0x0000021b738713bb to 0x0000021b73874590
Event: 14.164 Thread 0x0000021b02b82000 Exception <a 'java/lang/NoSuchMethodError'{0x00000000ed205e90}: java.lang.invoke.DirectMethodHandle$Holder.invokeStaticInit(Ljava/lang/Object;Ljava/lang/Object;Ljava/lang/Object;Ljava/lang/Object;)I> (0x00000000ed205e90) thrown at [./open/src/hotspot/shar
Event: 14.165 Thread 0x0000021b02b82000 Exception <a 'java/lang/IncompatibleClassChangeError'{0x00000000ed20f558}: Found class java.lang.Object, but interface was expected> (0x00000000ed20f558) thrown at [./open/src/hotspot/share/interpreter/linkResolver.cpp, line 838]
Event: 14.166 Thread 0x0000021b02b82000 Exception <a 'java/lang/NoSuchMethodError'{0x00000000ed214e88}: java.lang.invoke.DirectMethodHandle$Holder.invokeStaticInit(Ljava/lang/Object;Ljava/lang/Object;)I> (0x00000000ed214e88) thrown at [./open/src/hotspot/share/interpreter/linkResolver.cpp, line

Events (10 events):
Event: 26.716 Executing VM operation: RevokeBias
Event: 26.717 Executing VM operation: RevokeBias done
Event: 26.724 Thread 0x0000021b02b82000 DEOPT PACKING pc=0x0000021b6d081ef5 sp=0x000000b844afda50
Event: 26.724 Thread 0x0000021b02b82000 DEOPT UNPACKING pc=0x0000021b6ba37b8e sp=0x000000b844afcfb0 mode 0
Event: 26.724 loading class org/gradle/api/internal/file/AbstractFileTree$2
Event: 26.724 loading class org/gradle/api/internal/file/AbstractFileTree$2 done
Event: 26.749 loading class org/gradle/api/internal/changedetection/state/mirror/PhysicalMissingSnapshot
Event: 26.749 loading class org/gradle/api/internal/changedetection/state/mirror/PhysicalMissingSnapshot done
Event: 26.777 loading class org/gradle/api/internal/changedetection/state/ListValueSnapshot
Event: 26.777 loading class org/gradle/api/internal/changedetection/state/ListValueSnapshot done


Dynamic libraries:
0x00007ff79b510000 - 0x00007ff79b520000 	C:\Program Files\Java\jdk-11.0.19\bin\java.exe
0x00007ffc75940000 - 0x00007ffc75ba3000 	C:\WINDOWS\SYSTEM32\ntdll.dll
0x00007ffc75130000 - 0x00007ffc751f8000 	C:\WINDOWS\System32\KERNEL32.DLL
0x00007ffc73100000 - 0x00007ffc734b2000 	C:\WINDOWS\System32\KERNELBASE.dll
0x0000000071e60000 - 0x0000000071efe000 	C:\ProgramData\Symantec\Symantec Endpoint Protection\14.3.9681.7000.105\Data\Sysfer\x64\sysfer.dll
0x00007ffc72d10000 - 0x00007ffc72e5b000 	C:\WINDOWS\System32\ucrtbase.dll
0x00007ffc5fab0000 - 0x00007ffc5fac9000 	C:\Program Files\Java\jdk-11.0.19\bin\jli.dll
0x00007ffc5d390000 - 0x00007ffc5d3ab000 	C:\Program Files\Java\jdk-11.0.19\bin\VCRUNTIME140.dll
0x00007ffc739d0000 - 0x00007ffc73a84000 	C:\WINDOWS\System32\ADVAPI32.dll
0x00007ffc75850000 - 0x00007ffc758f9000 	C:\WINDOWS\System32\msvcrt.dll
0x00007ffc752e0000 - 0x00007ffc75386000 	C:\WINDOWS\System32\sechost.dll
0x00007ffc73800000 - 0x00007ffc73916000 	C:\WINDOWS\System32\RPCRT4.dll
0x00007ffc74f60000 - 0x00007ffc75128000 	C:\WINDOWS\System32\USER32.dll
0x00007ffc734c0000 - 0x00007ffc734e7000 	C:\WINDOWS\System32\win32u.dll
0x00007ffc3a1b0000 - 0x00007ffc3a440000 	C:\WINDOWS\WinSxS\amd64_microsoft.windows.common-controls_6595b64144ccf1df_6.0.26100.2454_none_3e0b68a2e331ad60\COMCTL32.dll
0x00007ffc75390000 - 0x00007ffc753ba000 	C:\WINDOWS\System32\GDI32.dll
0x00007ffc72f20000 - 0x00007ffc7304b000 	C:\WINDOWS\System32\gdi32full.dll
0x00007ffc73050000 - 0x00007ffc730f3000 	C:\WINDOWS\System32\msvcp_win.dll
0x00007ffc69870000 - 0x00007ffc6987b000 	C:\WINDOWS\SYSTEM32\VERSION.dll
0x00007ffc74320000 - 0x00007ffc7434f000 	C:\WINDOWS\System32\IMM32.DLL
0x00007ffc69f30000 - 0x00007ffc69f3c000 	C:\Program Files\Java\jdk-11.0.19\bin\vcruntime140_1.dll
0x00007ffc57df0000 - 0x00007ffc57e7e000 	C:\Program Files\Java\jdk-11.0.19\bin\msvcp140.dll
0x00007ffbb6730000 - 0x00007ffbb729c000 	C:\Program Files\Java\jdk-11.0.19\bin\server\jvm.dll
0x00007ffc73920000 - 0x00007ffc73928000 	C:\WINDOWS\System32\PSAPI.DLL
0x00007ffc67320000 - 0x00007ffc6732a000 	C:\WINDOWS\SYSTEM32\WSOCK32.dll
0x00007ffc73950000 - 0x00007ffc739c4000 	C:\WINDOWS\System32\WS2_32.dll
0x00007ffc5a650000 - 0x00007ffc5a686000 	C:\WINDOWS\SYSTEM32\WINMM.dll
0x00007ffc71b10000 - 0x00007ffc71b2a000 	C:\WINDOWS\SYSTEM32\kernel.appcore.dll
0x00007ffc63570000 - 0x00007ffc63580000 	C:\Program Files\Java\jdk-11.0.19\bin\verify.dll
0x00007ffc70280000 - 0x00007ffc704c1000 	C:\WINDOWS\SYSTEM32\DBGHELP.DLL
0x00007ffc74620000 - 0x00007ffc7499e000 	C:\WINDOWS\System32\combase.dll
0x00007ffc75200000 - 0x00007ffc752d6000 	C:\WINDOWS\System32\OLEAUT32.dll
0x00007ffc66b80000 - 0x00007ffc66bb9000 	C:\WINDOWS\SYSTEM32\dbgcore.DLL
0x00007ffc73700000 - 0x00007ffc73799000 	C:\WINDOWS\System32\bcryptPrimitives.dll
0x00007ffc58040000 - 0x00007ffc58068000 	C:\Program Files\Java\jdk-11.0.19\bin\java.dll
0x00007ffc62970000 - 0x00007ffc6297a000 	C:\Program Files\Java\jdk-11.0.19\bin\jimage.dll
0x00007ffc58020000 - 0x00007ffc58037000 	C:\Program Files\Java\jdk-11.0.19\bin\zip.dll
0x00007ffc73a90000 - 0x00007ffc74191000 	C:\WINDOWS\System32\SHELL32.dll
0x00007ffc707e0000 - 0x00007ffc71011000 	C:\WINDOWS\SYSTEM32\windows.storage.dll
0x00007ffc74b60000 - 0x00007ffc74c3a000 	C:\WINDOWS\System32\SHCORE.dll
0x00007ffc742b0000 - 0x00007ffc7430d000 	C:\WINDOWS\System32\shlwapi.dll
0x00007ffc72c20000 - 0x00007ffc72c4e000 	C:\WINDOWS\SYSTEM32\profapi.dll
0x00007ffc58000000 - 0x00007ffc58019000 	C:\Program Files\Java\jdk-11.0.19\bin\net.dll
0x00007ffc6b040000 - 0x00007ffc6b166000 	C:\WINDOWS\SYSTEM32\WINHTTP.dll
0x00007ffc71ff0000 - 0x00007ffc72058000 	C:\WINDOWS\system32\mswsock.dll
0x00007ffc57f30000 - 0x00007ffc57f42000 	C:\Program Files\Java\jdk-11.0.19\bin\nio.dll
0x00007ffc57f10000 - 0x00007ffc57f2e000 	C:\Users\Mohammad.Junaid\.gradle\native\25\windows-amd64\native-platform.dll
0x00007ffc5c960000 - 0x00007ffc5c969000 	C:\Program Files\Java\jdk-11.0.19\bin\management.dll
0x00007ffc582c0000 - 0x00007ffc582cb000 	C:\Program Files\Java\jdk-11.0.19\bin\management_ext.dll
0x00007ffc723a0000 - 0x00007ffc723bc000 	C:\WINDOWS\SYSTEM32\CRYPTSP.dll
0x00007ffc71a70000 - 0x00007ffc71aa8000 	C:\WINDOWS\system32\rsaenh.dll
0x00007ffc72090000 - 0x00007ffc720bb000 	C:\WINDOWS\SYSTEM32\USERENV.dll
0x00007ffc72530000 - 0x00007ffc72556000 	C:\WINDOWS\SYSTEM32\bcrypt.dll
0x00007ffc72220000 - 0x00007ffc7222c000 	C:\WINDOWS\SYSTEM32\CRYPTBASE.dll
0x00007ffc71330000 - 0x00007ffc71362000 	C:\WINDOWS\SYSTEM32\IPHLPAPI.DLL
0x00007ffc74310000 - 0x00007ffc7431a000 	C:\WINDOWS\System32\NSI.dll
0x00007ffc6bcf0000 - 0x00007ffc6bd0e000 	C:\WINDOWS\SYSTEM32\dhcpcsvc6.DLL
0x00007ffc6bcc0000 - 0x00007ffc6bce5000 	C:\WINDOWS\SYSTEM32\dhcpcsvc.DLL
0x00007ffc71370000 - 0x00007ffc71495000 	C:\WINDOWS\SYSTEM32\DNSAPI.dll
0x00007ffc567e0000 - 0x00007ffc56807000 	C:\Program Files\Java\jdk-11.0.19\bin\sunec.dll
0x00007ffc6ac10000 - 0x00007ffc6ac1b000 	C:\Windows\System32\rasadhlp.dll
0x00007ffc6bf90000 - 0x00007ffc6c015000 	C:\WINDOWS\System32\fwpuclnt.dll
0x00007ffc57f00000 - 0x00007ffc57f0d000 	C:\Program Files\Java\jdk-11.0.19\bin\sunmscapi.dll
0x00007ffc734f0000 - 0x00007ffc73666000 	C:\WINDOWS\System32\CRYPT32.dll
0x00007ffc724f0000 - 0x00007ffc72520000 	C:\WINDOWS\SYSTEM32\ncrypt.dll
0x00007ffc724a0000 - 0x00007ffc724df000 	C:\WINDOWS\SYSTEM32\NTASN1.dll

dbghelp: loaded successfully - version: 4.0.5 - missing functions: none
symbol engine: initialized successfully - sym options: 0x614 - pdb path: .;C:\Program Files\Java\jdk-11.0.19\bin;C:\WINDOWS\SYSTEM32;C:\ProgramData\Symantec\Symantec Endpoint Protection\14.3.9681.7000.105\Data\Sysfer\x64;C:\WINDOWS\WinSxS\amd64_microsoft.windows.common-controls_6595b64144ccf1df_6.0.26100.2454_none_3e0b68a2e331ad60;C:\Program Files\Java\jdk-11.0.19\bin\server;C:\Users\Mohammad.Junaid\.gradle\native\25\windows-amd64

VM Arguments:
jvm_args: --add-opens=java.base/java.util=ALL-UNNAMED -XX:+HeapDumpOnOutOfMemoryError -Xmx1024m -Dfile.encoding=windows-1252 -Duser.country=IN -Duser.language=en -Duser.variant -Xmx512M 
java_command: org.gradle.launcher.daemon.bootstrap.GradleDaemon 4.10.3
java_class_path (initial): C:\Users\Mohammad.Junaid\.gradle\wrapper\dists\gradle-4.10.3-all\81msde2dx9p4vji0mjgtvxkcb\gradle-4.10.3\lib\gradle-launcher-4.10.3.jar
Launcher Type: SUN_STANDARD

[Global flags]
     intx CICompilerCount                          = 4                                         {product} {ergonomic}
     uint ConcGCThreads                            = 2                                         {product} {ergonomic}
     uint G1ConcRefinementThreads                  = 8                                         {product} {ergonomic}
   size_t G1HeapRegionSize                         = 1048576                                   {product} {ergonomic}
    uintx GCDrainStackTargetSize                   = 64                                        {product} {ergonomic}
     bool HeapDumpOnOutOfMemoryError               = true                                   {manageable} {command line}
   size_t InitialHeapSize                          = 264241152                                 {product} {ergonomic}
   size_t MarkStackSize                            = 4194304                                   {product} {ergonomic}
   size_t MaxHeapSize                              = 536870912                                 {product} {command line}
   size_t MaxNewSize                               = 321912832                                 {product} {ergonomic}
   size_t MinHeapDeltaBytes                        = 1048576                                   {product} {ergonomic}
    uintx NonNMethodCodeHeapSize                   = 5836300                                {pd product} {ergonomic}
    uintx NonProfiledCodeHeapSize                  = 122910970                              {pd product} {ergonomic}
    uintx ProfiledCodeHeapSize                     = 122910970                              {pd product} {ergonomic}
    uintx ReservedCodeCacheSize                    = 251658240                              {pd product} {ergonomic}
     bool SegmentedCodeCache                       = true                                      {product} {ergonomic}
     bool UseCompressedClassPointers               = true                                 {lp64_product} {ergonomic}
     bool UseCompressedOops                        = true                                 {lp64_product} {ergonomic}
     bool UseG1GC                                  = true                                      {product} {ergonomic}
     bool UseLargePagesIndividualAllocation        = false                                  {pd product} {ergonomic}

Logging:
Log output configuration:
 #0: stdout all=warning uptime,level,tags
 #1: stderr all=off uptime,level,tags

Environment Variables:
JAVA_HOME=C:\Program Files\Java\jdk-11.0.19
JRE_HOME=C:\Program Files\Java\jre1.8.0_202
_JAVA_OPTIONS=-Xmx512M
CLASSPATH=D:\MobileApp\CELEBI_DEL\platforms\android\\gradle\wrapper\gradle-wrapper.jar
PATH=C:\Users\Mohammad.Junaid\AppData\Roaming\npm;C:\Program Files\nodejs\;C:\Program Files\Python311\Scripts\;C:\Program Files\Python311\;C:\oraclexe\app\oracle\product\11.2.0\server\bin;C:\Program Files\Eclipse Foundation\jdk-8.0.302.8-hotspot\bin;C:\Program Files (x86)\Common Files\Oracle\Java\javapath;C:\Windows\system32;C:\Windows;C:\Windows\System32\Wbem;C:\Windows\System32\WindowsPowerShell\v1.0\;C:\Windows\System32\OpenSSH\;C:\Program Files (x86)\Microsoft SQL Server\150\DTS\Binn\;C:\Program Files\Azure Data Studio\bin;C:\Program Files (x86)\Microsoft SQL Server\130\Tools\Binn\;C:\Program Files\Microsoft SQL Server\130\Tools\Binn\;C:\Program Files (x86)\Microsoft SQL Server\130\DTS\Binn\;C:\Program Files\Microsoft SQL Server\130\DTS\Binn\;C:\Program Files\Microsoft SQL Server\Client SDK\ODBC\130\Tools\Binn\;C:\Program Files\gradle-5.1.1\bin;C:\Program Files\nodejs\;C:\Program Files\dotnet\;C:\Program Files\Microsoft SQL Server\Client SDK\ODBC\170\Tools\Binn\;C:\Program Files\Java\jdk-11.0.19;C:\Program Files\Java\jre1.8.0_202;C:\Users\Mohammad.Junaid\AppData\Local\Microsoft\WindowsApps;C:\Program Files\JetBrains;C:\Program Files\Microsoft SQL Server\120\Tools\Binn\;C:\Program Files (x86)\Microsoft SQL Server\150\Tools\Binn\;C:\Program Files\Microsoft SQL Server\150\Tools\Binn\;C:\Program Files\Microsoft SQL Server\150\DTS\Binn\;C:\Program Files (x86)\dotnet\;C:\Program Files\flutter\bin;C:\Users\Mohammad.Junaid\AppData\Roaming\npm;C:\Program Files\Git\cmd;;%SystemRoot%\system32;%SystemRoot%;%SystemRoot%\System32\Wbem;%SYSTEMROOT%\System32\WindowsPowerShell\v1.0\;%SYSTEMROOT%\System32\OpenSSH\;C:\Users\Mohammad.Junaid\AppData\Local\Programs\Microsoft VS Code\bin;C:\Program Files\flutter\bin;C:\Users\Mohammad.Junaid\.dotnet\tools;C:\Users\Mohammad.Junaid\AppData\Local\Microsoft\WindowsApps;;C:\Users\Mohammad.Junaid\AppData\Local\Android\Sdk\tools;C:\Users\Mohammad.Junaid\AppData\Local\Android\Sdk\platform-tools;C:\Users\Mohammad.Junaid\AppData\Local\Android\Sdk\t
USERNAME=Mohammad.Junaid
OS=Windows_NT
PROCESSOR_IDENTIFIER=Intel64 Family 6 Model 140 Stepping 1, GenuineIntel



---------------  S Y S T E M  ---------------

OS: Windows 11 , 64 bit Build 26100 (10.0.26100.2454)
Hyper-V role detected

CPU:total 8 (initial active 8) (4 cores per cpu, 2 threads per core) family 6 model 140 stepping 1 microcode 0xb8, cmov, cx8, fxsr, mmx, sse, sse2, sse3, ssse3, sse4.1, sse4.2, popcnt, avx, avx2, aes, clmul, erms, 3dnowpref, lzcnt, ht, tsc, tscinvbit, bmi1, bmi2, adx, evex, sha, fma

Memory: 4k page, system-wide physical 16126M (2361M free)
TotalPageFile size 18938M (AvailPageFile size 12M)
current process WorkingSet (physical memory assigned to process): 415M, peak: 447M
current process commit charge ("private bytes"): 507M, peak: 538M

vm_info: Java HotSpot(TM) 64-Bit Server VM (11.0.19+9-LTS-224) for windows-amd64 JRE (11.0.19+9-LTS-224), built on Mar 27 2023 08:48:55 by "mach5one" with MS VC++ 17.1 (VS2022)

END.
