#
# There is insufficient memory for the Java Runtime Environment to continue.
# Native memory allocation (malloc) failed to allocate 1048576 bytes. Error detail: AllocateHeap
# Possible reasons:
#   The system is out of physical RAM or swap space
#   This process is running with CompressedOops enabled, and the Java Heap may be blocking the growth of the native heap
# Possible solutions:
#   Reduce memory load on the system
#   Increase physical memory or swap space
#   Check if swap backing store is full
#   Decrease Java heap size (-Xmx/-Xms)
#   Decrease number of Java threads
#   Decrease Java thread stack sizes (-Xss)
#   Set larger code cache with -XX:ReservedCodeCacheSize=
#   JVM is running with Unscaled Compressed Oops mode in which the Java heap is
#     placed in the first 4GB address space. The Java Heap base address is the
#     maximum limit for the native heap growth. Please use -XX:HeapBaseMinAddress
#     to set the Java Heap base and to place the Java Heap above 4GB virtual address.
# This output file may be truncated or incomplete.
#
#  Out of Memory Error (allocation.cpp:44), pid=119972, tid=150448
#
# JRE version:  (17.0.12+7) (build )
# Java VM: OpenJDK 64-Bit Server VM (17.0.12+7, mixed mode, tiered, compressed oops, compressed class ptrs, parallel gc, windows-amd64)
# No core dump will be written. Minidumps are not enabled by default on client versions of Windows
#

---------------  S U M M A R Y ------------

Command Line: --add-modules=ALL-SYSTEM --add-opens=java.base/java.util=ALL-UNNAMED --add-opens=java.base/java.lang=ALL-UNNAMED --add-opens=java.base/sun.nio.fs=ALL-UNNAMED -Declipse.application=org.eclipse.jdt.ls.core.id1 -Dosgi.bundles.defaultStartLevel=4 -Declipse.product=org.eclipse.jdt.ls.core.product -Djava.import.generatesMetadataFilesAtProjectRoot=false -DDetectVMInstallationsJob.disabled=true -Dfile.encoding=utf8 -XX:+UseParallelGC -XX:GCTimeRatio=4 -XX:AdaptiveSizePolicyWeight=90 -Dsun.zip.disableMemoryMapping=true -Xmx1G -Xms100m -Xlog:disable -javaagent:c:\Users\Mohammad.Junaid\.vscode\extensions\redhat.java-1.34.0-win32-x64\lombok\lombok-1.18.33.jar -XX:+HeapDumpOnOutOfMemoryError -XX:HeapDumpPath=c:\Users\Mohammad.Junaid\AppData\Roaming\Code\User\workspaceStorage\90501a0e597bae033d6f77364c903df4\redhat.java -Daether.dependencyCollector.impl=bf -Xmx512M c:\Users\Mohammad.Junaid\.vscode\extensions\redhat.java-1.34.0-win32-x64\server\plugins\org.eclipse.equinox.launcher_1.6.900.v20240613-2009.jar -configuration c:\Users\Mohammad.Junaid\AppData\Roaming\Code\User\globalStorage\redhat.java\1.34.0\config_win -data c:\Users\Mohammad.Junaid\AppData\Roaming\Code\User\workspaceStorage\90501a0e597bae033d6f77364c903df4\redhat.java\jdt_ws --pipe=\\.\pipe\lsp-b7b9dd6d748257661d41ebb97a82943c-sock

Host: 11th Gen Intel(R) Core(TM) i5-1135G7 @ 2.40GHz, 8 cores, 15G,  Windows 10 , 64 bit Build 19041 (10.0.19041.4717)
Time: Fri Sep  6 14:53:48 2024 India Standard Time elapsed time: 0.546746 seconds (0d 0h 0m 0s)

---------------  T H R E A D  ---------------

Current thread (0x0000027789aa2090):  JavaThread "Unknown thread" [_thread_in_vm, id=150448, stack(0x000000f51b000000,0x000000f51b100000)]

Stack: [0x000000f51b000000,0x000000f51b100000]
Native frames: (J=compiled Java code, j=interpreted, Vv=VM code, C=native code)
V  [jvm.dll+0x67f929]
V  [jvm.dll+0x8371ba]
V  [jvm.dll+0x838c7e]
V  [jvm.dll+0x8392e3]
V  [jvm.dll+0x24834f]
V  [jvm.dll+0xa70d3]
V  [jvm.dll+0x6b2e9a]
V  [jvm.dll+0x6b3b8f]
V  [jvm.dll+0x68c0b3]
V  [jvm.dll+0x80916b]
V  [jvm.dll+0x36d434]
V  [jvm.dll+0x7e7425]
V  [jvm.dll+0x3f0edf]
V  [jvm.dll+0x3f2a31]
C  [jli.dll+0x528f]
C  [ucrtbase.dll+0x21bb2]
C  [KERNEL32.DLL+0x17374]
C  [ntdll.dll+0x4cc91]


---------------  P R O C E S S  ---------------

Threads class SMR info:
_java_thread_list=0x00007ffc3e046f18, length=0, elements={
}

Java Threads: ( => current thread )

Other Threads:
  0x0000027789ab5ad0 GCTaskThread "GC Thread#0" [stack: 0x000000f51b100000,0x000000f51b200000] [id=152808]

=>0x0000027789aa2090 (exited) JavaThread "Unknown thread" [_thread_in_vm, id=150448, stack(0x000000f51b000000,0x000000f51b100000)]

Threads with active compile tasks:

VM state: not at safepoint (normal execution)

VM Mutex/Monitor currently owned by a thread: None

Heap address: 0x00000000e0000000, size: 512 MB, Compressed Oops mode: 32-bit

CDS archive(s) not mapped
Compressed class space mapped at: 0x0000000100000000-0x0000000140000000, reserved size: 1073741824
Narrow klass base: 0x0000000000000000, Narrow klass shift: 3, Narrow klass range: 0x140000000

GC Precious Log:
 CPUs: 8 total, 8 available
 Memory: 16126M
 Large Page Support: Disabled
 NUMA Support: Disabled
 Compressed Oops: Enabled (32-bit)
 Alignments: Space 512K, Generation 512K, Heap 2M
 Heap Min Capacity: 100M
 Heap Initial Capacity: 100M
 Heap Max Capacity: 512M
 Pre-touch: Disabled
 Parallel Workers: 8

Heap:
 PSYoungGen      total 29696K, used 512K [0x00000000f5580000, 0x00000000f7680000, 0x0000000100000000)
  eden space 25600K, 2% used [0x00000000f5580000,0x00000000f5600070,0x00000000f6e80000)
  from space 4096K, 0% used [0x00000000f7280000,0x00000000f7280000,0x00000000f7680000)
  to   space 4096K, 0% used [0x00000000f6e80000,0x00000000f6e80000,0x00000000f7280000)
 ParOldGen       total 68608K, used 0K [0x00000000e0000000, 0x00000000e4300000, 0x00000000f5580000)
  object space 68608K, 0% used [0x00000000e0000000,0x00000000e0000000,0x00000000e4300000)
 Metaspace       used 1149K, committed 1216K, reserved 1114112K
  class space    used 101K, committed 128K, reserved 1048576K

Card table byte_map: [0x0000027789420000,0x0000027789530000] _byte_map_base: 0x0000027788d20000

Marking Bits: (ParMarkBitMap*) 0x00007ffc3e0b58b0
 Begin Bits: [0x000002779b720000, 0x000002779bf20000)
 End Bits:   [0x000002779bf20000, 0x000002779c720000)

Polling page: 0x0000027787a30000

Metaspace:

Usage:
  Non-class:      1.02 MB used.
      Class:    101.05 KB used.
       Both:      1.12 MB used.

Virtual space:
  Non-class space:       64.00 MB reserved,       1.06 MB (  2%) committed,  1 nodes.
      Class space:        1.00 GB reserved,     128.00 KB ( <1%) committed,  1 nodes.
             Both:        1.06 GB reserved,       1.19 MB ( <1%) committed. 

Chunk freelists:
   Non-Class:  12.00 MB
       Class:  15.75 MB
        Both:  27.75 MB

MaxMetaspaceSize: unlimited
CompressedClassSpaceSize: 1.00 GB
Initial GC threshold: 21.00 MB
Current GC threshold: 17179869184.00 GB
CDS: off
MetaspaceReclaimPolicy: balanced
 - commit_granule_bytes: 65536.
 - commit_granule_words: 8192.
 - virtual_space_node_default_size: 8388608.
 - enlarge_chunks_in_place: 1.
 - new_chunks_are_fully_committed: 0.
 - uncommit_free_chunks: 1.
 - use_allocation_guard: 0.
 - handle_deallocations: 1.


Internal statistics:

num_allocs_failed_limit: 0.
num_arena_births: 2.
num_arena_deaths: 0.
num_vsnodes_births: 2.
num_vsnodes_deaths: 0.
num_space_committed: 19.
num_space_uncommitted: 0.
num_chunks_returned_to_freelist: 0.
num_chunks_taken_from_freelist: 3.
num_chunk_merges: 0.
num_chunk_splits: 2.
num_chunks_enlarged: 0.
num_inconsistent_stats: 0.

CodeHeap 'non-profiled nmethods': size=120000Kb used=0Kb max_used=0Kb free=120000Kb
 bounds [0x00000277941f0000, 0x0000027794460000, 0x000002779b720000]
CodeHeap 'profiled nmethods': size=120000Kb used=0Kb max_used=0Kb free=120000Kb
 bounds [0x000002778c720000, 0x000002778c990000, 0x0000027793c50000]
CodeHeap 'non-nmethods': size=5760Kb used=209Kb max_used=360Kb free=5550Kb
 bounds [0x0000027793c50000, 0x0000027793ec0000, 0x00000277941f0000]
 total_blobs=66 nmethods=0 adapters=47
 compilation: enabled
              stopped_count=0, restarted_count=0
 full_count=0

Compilation events (0 events):
No events

GC Heap History (0 events):
No events

Dll operation events (1 events):
Event: 0.031 Loaded shared library c:\Users\Mohammad.Junaid\.vscode\extensions\redhat.java-1.34.0-win32-x64\jre\17.0.12-win32-x86_64\bin\java.dll

Deoptimization events (0 events):
No events

Classes loaded (20 events):
Event: 0.064 Loading class java/lang/Long
Event: 0.064 Loading class java/lang/Long done
Event: 0.064 Loading class java/util/Iterator
Event: 0.064 Loading class java/util/Iterator done
Event: 0.064 Loading class java/lang/reflect/RecordComponent
Event: 0.064 Loading class java/lang/reflect/RecordComponent done
Event: 0.064 Loading class jdk/internal/vm/vector/VectorSupport
Event: 0.065 Loading class jdk/internal/vm/vector/VectorSupport done
Event: 0.065 Loading class jdk/internal/vm/vector/VectorSupport$VectorPayload
Event: 0.065 Loading class jdk/internal/vm/vector/VectorSupport$VectorPayload done
Event: 0.065 Loading class jdk/internal/vm/vector/VectorSupport$Vector
Event: 0.065 Loading class jdk/internal/vm/vector/VectorSupport$Vector done
Event: 0.065 Loading class jdk/internal/vm/vector/VectorSupport$VectorMask
Event: 0.065 Loading class jdk/internal/vm/vector/VectorSupport$VectorMask done
Event: 0.065 Loading class jdk/internal/vm/vector/VectorSupport$VectorShuffle
Event: 0.065 Loading class jdk/internal/vm/vector/VectorSupport$VectorShuffle done
Event: 0.068 Loading class java/lang/NullPointerException
Event: 0.068 Loading class java/lang/NullPointerException done
Event: 0.068 Loading class java/lang/ArithmeticException
Event: 0.068 Loading class java/lang/ArithmeticException done

Classes unloaded (0 events):
No events

Classes redefined (0 events):
No events

Internal exceptions (0 events):
No events

VM Operations (0 events):
No events

Events (0 events):
No events


Dynamic libraries:
0x00007ff6a88b0000 - 0x00007ff6a88be000 	c:\Users\Mohammad.Junaid\.vscode\extensions\redhat.java-1.34.0-win32-x64\jre\17.0.12-win32-x86_64\bin\java.exe
0x00007ffcc3470000 - 0x00007ffcc3668000 	C:\Windows\SYSTEM32\ntdll.dll
0x00007ffcc1b80000 - 0x00007ffcc1c41000 	C:\Windows\System32\KERNEL32.DLL
0x00007ffcc11a0000 - 0x00007ffcc149d000 	C:\Windows\System32\KERNELBASE.dll
0x00007ffcafae0000 - 0x00007ffcafb74000 	C:\Windows\SYSTEM32\apphelp.dll
0x0000000065150000 - 0x00000000651ee000 	C:\ProgramData\Symantec\Symantec Endpoint Protection\14.3.9681.7000.105\Data\Sysfer\x64\sysfer.dll
0x00007ffcc0cb0000 - 0x00007ffcc0db0000 	C:\Windows\System32\ucrtbase.dll
0x00007ffcb0ab0000 - 0x00007ffcb0ac7000 	c:\Users\Mohammad.Junaid\.vscode\extensions\redhat.java-1.34.0-win32-x64\jre\17.0.12-win32-x86_64\bin\jli.dll
0x00007ffcc2290000 - 0x00007ffcc242d000 	C:\Windows\System32\USER32.dll
0x00007ffcaf260000 - 0x00007ffcaf27b000 	c:\Users\Mohammad.Junaid\.vscode\extensions\redhat.java-1.34.0-win32-x64\jre\17.0.12-win32-x86_64\bin\VCRUNTIME140.dll
0x00007ffc95aa0000 - 0x00007ffc95d3a000 	C:\Windows\WinSxS\amd64_microsoft.windows.common-controls_6595b64144ccf1df_6.0.19041.4355_none_60b8b9eb71f62e16\COMCTL32.dll
0x00007ffcc1d80000 - 0x00007ffcc1e1e000 	C:\Windows\System32\msvcrt.dll
0x00007ffcc14c0000 - 0x00007ffcc14eb000 	C:\Windows\System32\GDI32.dll
0x00007ffcc0f10000 - 0x00007ffcc0f32000 	C:\Windows\System32\win32u.dll
0x00007ffcc0fb0000 - 0x00007ffcc10c7000 	C:\Windows\System32\gdi32full.dll
0x00007ffcc10d0000 - 0x00007ffcc116d000 	C:\Windows\System32\msvcp_win.dll
0x00007ffcc1c50000 - 0x00007ffcc1c7f000 	C:\Windows\System32\IMM32.DLL
0x00007ffcba040000 - 0x00007ffcba04c000 	c:\Users\Mohammad.Junaid\.vscode\extensions\redhat.java-1.34.0-win32-x64\jre\17.0.12-win32-x86_64\bin\vcruntime140_1.dll
0x00007ffc5bb90000 - 0x00007ffc5bc1d000 	c:\Users\Mohammad.Junaid\.vscode\extensions\redhat.java-1.34.0-win32-x64\jre\17.0.12-win32-x86_64\bin\msvcp140.dll
0x00007ffc3d510000 - 0x00007ffc3e17a000 	c:\Users\Mohammad.Junaid\.vscode\extensions\redhat.java-1.34.0-win32-x64\jre\17.0.12-win32-x86_64\bin\server\jvm.dll
0x00007ffcc25b0000 - 0x00007ffcc2660000 	C:\Windows\System32\ADVAPI32.dll
0x00007ffcc2b00000 - 0x00007ffcc2ba0000 	C:\Windows\System32\sechost.dll
0x00007ffcc2660000 - 0x00007ffcc2783000 	C:\Windows\System32\RPCRT4.dll
0x00007ffcc1170000 - 0x00007ffcc1197000 	C:\Windows\System32\bcrypt.dll
0x00007ffcc2790000 - 0x00007ffcc27fb000 	C:\Windows\System32\WS2_32.dll
0x00007ffcc0050000 - 0x00007ffcc009b000 	C:\Windows\SYSTEM32\POWRPROF.dll
0x00007ffca9750000 - 0x00007ffca9777000 	C:\Windows\SYSTEM32\WINMM.dll
0x00007ffcbba50000 - 0x00007ffcbba5a000 	C:\Windows\SYSTEM32\VERSION.dll
0x00007ffcbff10000 - 0x00007ffcbff22000 	C:\Windows\SYSTEM32\UMPDC.dll
0x00007ffcbf380000 - 0x00007ffcbf392000 	C:\Windows\SYSTEM32\kernel.appcore.dll
0x00007ffcaf320000 - 0x00007ffcaf32a000 	c:\Users\Mohammad.Junaid\.vscode\extensions\redhat.java-1.34.0-win32-x64\jre\17.0.12-win32-x86_64\bin\jimage.dll
0x00007ffcbe640000 - 0x00007ffcbe824000 	C:\Windows\SYSTEM32\DBGHELP.DLL
0x00007ffcb3460000 - 0x00007ffcb3494000 	C:\Windows\SYSTEM32\dbgcore.DLL
0x00007ffcc0c20000 - 0x00007ffcc0ca2000 	C:\Windows\System32\bcryptPrimitives.dll
0x00007ffcaf010000 - 0x00007ffcaf01e000 	c:\Users\Mohammad.Junaid\.vscode\extensions\redhat.java-1.34.0-win32-x64\jre\17.0.12-win32-x86_64\bin\instrument.dll
0x00007ffc677f0000 - 0x00007ffc67815000 	c:\Users\Mohammad.Junaid\.vscode\extensions\redhat.java-1.34.0-win32-x64\jre\17.0.12-win32-x86_64\bin\java.dll
0x00007ffcad8f0000 - 0x00007ffcad908000 	c:\Users\Mohammad.Junaid\.vscode\extensions\redhat.java-1.34.0-win32-x64\jre\17.0.12-win32-x86_64\bin\zip.dll

dbghelp: loaded successfully - version: 4.0.5 - missing functions: none
symbol engine: initialized successfully - sym options: 0x614 - pdb path: .;c:\Users\Mohammad.Junaid\.vscode\extensions\redhat.java-1.34.0-win32-x64\jre\17.0.12-win32-x86_64\bin;C:\Windows\SYSTEM32;C:\ProgramData\Symantec\Symantec Endpoint Protection\14.3.9681.7000.105\Data\Sysfer\x64;C:\Windows\WinSxS\amd64_microsoft.windows.common-controls_6595b64144ccf1df_6.0.19041.4355_none_60b8b9eb71f62e16;c:\Users\Mohammad.Junaid\.vscode\extensions\redhat.java-1.34.0-win32-x64\jre\17.0.12-win32-x86_64\bin\server

VM Arguments:
jvm_args: --add-modules=ALL-SYSTEM --add-opens=java.base/java.util=ALL-UNNAMED --add-opens=java.base/java.lang=ALL-UNNAMED --add-opens=java.base/sun.nio.fs=ALL-UNNAMED -Declipse.application=org.eclipse.jdt.ls.core.id1 -Dosgi.bundles.defaultStartLevel=4 -Declipse.product=org.eclipse.jdt.ls.core.product -Djava.import.generatesMetadataFilesAtProjectRoot=false -DDetectVMInstallationsJob.disabled=true -Dfile.encoding=utf8 -XX:+UseParallelGC -XX:GCTimeRatio=4 -XX:AdaptiveSizePolicyWeight=90 -Dsun.zip.disableMemoryMapping=true -Xmx1G -Xms100m -Xlog:disable -javaagent:c:\Users\Mohammad.Junaid\.vscode\extensions\redhat.java-1.34.0-win32-x64\lombok\lombok-1.18.33.jar -XX:+HeapDumpOnOutOfMemoryError -XX:HeapDumpPath=c:\Users\Mohammad.Junaid\AppData\Roaming\Code\User\workspaceStorage\90501a0e597bae033d6f77364c903df4\redhat.java -Daether.dependencyCollector.impl=bf -Xmx512M 
java_command: c:\Users\Mohammad.Junaid\.vscode\extensions\redhat.java-1.34.0-win32-x64\server\plugins\org.eclipse.equinox.launcher_1.6.900.v20240613-2009.jar -configuration c:\Users\Mohammad.Junaid\AppData\Roaming\Code\User\globalStorage\redhat.java\1.34.0\config_win -data c:\Users\Mohammad.Junaid\AppData\Roaming\Code\User\workspaceStorage\90501a0e597bae033d6f77364c903df4\redhat.java\jdt_ws --pipe=\\.\pipe\lsp-b7b9dd6d748257661d41ebb97a82943c-sock
java_class_path (initial): c:\Users\Mohammad.Junaid\.vscode\extensions\redhat.java-1.34.0-win32-x64\server\plugins\org.eclipse.equinox.launcher_1.6.900.v20240613-2009.jar
Launcher Type: SUN_STANDARD

[Global flags]
    uintx AdaptiveSizePolicyWeight                 = 90                                        {product} {command line}
     intx CICompilerCount                          = 4                                         {product} {ergonomic}
    uintx GCTimeRatio                              = 4                                         {product} {command line}
     bool HeapDumpOnOutOfMemoryError               = true                                   {manageable} {command line}
    ccstr HeapDumpPath                             = c:\Users\Mohammad.Junaid\AppData\Roaming\Code\User\workspaceStorage\90501a0e597bae033d6f77364c903df4\redhat.java         {manageable} {command line}
   size_t InitialHeapSize                          = 104857600                                 {product} {command line}
   size_t MaxHeapSize                              = 536870912                                 {product} {command line}
   size_t MaxNewSize                               = 178782208                                 {product} {ergonomic}
   size_t MinHeapDeltaBytes                        = 524288                                    {product} {ergonomic}
   size_t MinHeapSize                              = 104857600                                 {product} {command line}
   size_t NewSize                                  = 34603008                                  {product} {ergonomic}
    uintx NonNMethodCodeHeapSize                   = 5839372                                {pd product} {ergonomic}
    uintx NonProfiledCodeHeapSize                  = 122909434                              {pd product} {ergonomic}
   size_t OldSize                                  = 70254592                                  {product} {ergonomic}
    uintx ProfiledCodeHeapSize                     = 122909434                              {pd product} {ergonomic}
    uintx ReservedCodeCacheSize                    = 251658240                              {pd product} {ergonomic}
     bool SegmentedCodeCache                       = true                                      {product} {ergonomic}
   size_t SoftMaxHeapSize                          = 536870912                              {manageable} {ergonomic}
     bool UseCompressedClassPointers               = true                           {product lp64_product} {ergonomic}
     bool UseCompressedOops                        = true                           {product lp64_product} {ergonomic}
     bool UseLargePagesIndividualAllocation        = false                                  {pd product} {ergonomic}
     bool UseParallelGC                            = true                                      {product} {command line}

Logging:
Log output configuration:
 #0: stdout all=off uptime,level,tags
 #1: stderr all=off uptime,level,tags

Environment Variables:
JAVA_HOME=C:\Program Files\Java\jdk-11.0.19
_JAVA_OPTIONS=-Xmx512M
PATH=C:\Program Files\Python311\Scripts\;C:\Program Files\Python311\;C:\oraclexe\app\oracle\product\11.2.0\server\bin;C:\Program Files\Eclipse Foundation\jdk-8.0.302.8-hotspot\bin;C:\Program Files (x86)\Common Files\Oracle\Java\javapath;C:\Windows\system32;C:\Windows;C:\Windows\System32\Wbem;C:\Windows\System32\WindowsPowerShell\v1.0\;C:\Windows\System32\OpenSSH\;C:\Program Files (x86)\Microsoft SQL Server\150\DTS\Binn\;C:\Program Files\Azure Data Studio\bin;C:\Program Files (x86)\Microsoft SQL Server\130\Tools\Binn\;C:\Program Files\Microsoft SQL Server\130\Tools\Binn\;C:\Program Files (x86)\Microsoft SQL Server\130\DTS\Binn\;C:\Program Files\Microsoft SQL Server\130\DTS\Binn\;C:\Program Files\Microsoft SQL Server\Client SDK\ODBC\130\Tools\Binn\;C:\Program Files\gradle-5.1.1\bin;C:\Program Files\nodejs\;C:\Program Files\dotnet\;C:\Program Files\Microsoft SQL Server\Client SDK\ODBC\170\Tools\Binn\;C:\Program Files\Java\jdk-11.0.19;C:\Program Files\Java\jre1.8.0_202;C:\Users\Mohammad.Junaid\AppData\Local\Microsoft\WindowsApps;C:\Program Files\JetBrains;C:\Program Files\Microsoft SQL Server\120\Tools\Binn\;C:\Program Files (x86)\Microsoft SQL Server\150\Tools\Binn\;C:\Program Files\Microsoft SQL Server\150\Tools\Binn\;C:\Program Files\Microsoft SQL Server\150\DTS\Binn\;C:\Program Files (x86)\dotnet\;C:\Program Files\flutter\bin;C:\Users\Mohammad.Junaid\AppData\Roaming\npm;C:\Program Files\Git\cmd;C:\Users\Mohammad.Junaid\AppData\Local\Programs\Microsoft VS Code\bin;C:\Program Files\flutter\bin;C:\Users\Mohammad.Junaid\.dotnet\tools
USERNAME=Mohammad.Junaid
OS=Windows_NT
PROCESSOR_IDENTIFIER=Intel64 Family 6 Model 140 Stepping 1, GenuineIntel
TMP=C:\Users\MOHAMM~1.JUN\AppData\Local\Temp
TEMP=C:\Users\MOHAMM~1.JUN\AppData\Local\Temp



Periodic native trim disabled


---------------  S Y S T E M  ---------------

OS:
 Windows 10 , 64 bit Build 19041 (10.0.19041.4717)
OS uptime: 2 days 0:27 hours

CPU: total 8 (initial active 8) (4 cores per cpu, 2 threads per core) family 6 model 140 stepping 1 microcode 0xb4, cx8, cmov, fxsr, ht, mmx, 3dnowpref, sse, sse2, sse3, ssse3, sse4.1, sse4.2, popcnt, lzcnt, tsc, tscinvbit, avx, avx2, aes, erms, clmul, bmi1, bmi2, adx, avx512f, avx512dq, avx512cd, avx512bw, avx512vl, sha, fma, vzeroupper, avx512_vpopcntdq, avx512_vpclmulqdq, avx512_vaes, avx512_vnni, clflush, clflushopt, clwb, avx512_vbmi2, avx512_vbmi
Processor Information for all 8 processors :
  Max Mhz: 1382, Current Mhz: 1382, Mhz Limit: 1382

Memory: 4k page, system-wide physical 16126M (422M free)
TotalPageFile size 32318M (AvailPageFile size 79M)
current process WorkingSet (physical memory assigned to process): 17M, peak: 17M
current process commit charge ("private bytes"): 136M, peak: 137M

vm_info: OpenJDK 64-Bit Server VM (17.0.12+7) for windows-amd64 JRE (17.0.12+7), built on Jul 16 2024 22:08:24 by "admin" with MS VC++ 16.10 / 16.11 (VS2019)

END.
