#
# There is insufficient memory for the Java Runtime Environment to continue.
# Native memory allocation (malloc) failed to allocate 1891216 bytes for Chunk::new
# Possible reasons:
#   The system is out of physical RAM or swap space
#   The process is running with CompressedOops enabled, and the Java Heap may be blocking the growth of the native heap
# Possible solutions:
#   Reduce memory load on the system
#   Increase physical memory or swap space
#   Check if swap backing store is full
#   Decrease Java heap size (-Xmx/-Xms)
#   Decrease number of Java threads
#   Decrease Java thread stack sizes (-Xss)
#   Set larger code cache with -XX:ReservedCodeCacheSize=
#   JVM is running with Unscaled Compressed Oops mode in which the Java heap is
#     placed in the first 4GB address space. The Java Heap base address is the
#     maximum limit for the native heap growth. Please use -XX:HeapBaseMinAddress
#     to set the Java Heap base and to place the Java Heap above 4GB virtual address.
# This output file may be truncated or incomplete.
#
#  Out of Memory Error (./open/src/hotspot/share/memory/arena.cpp:197), pid=66380, tid=69992
#
# JRE version: Java(TM) SE Runtime Environment 18.9 (11.0.19+9) (build 11.0.19+9-LTS-224)
# Java VM: Java HotSpot(TM) 64-Bit Server VM 18.9 (11.0.19+9-LTS-224, mixed mode, tiered, compressed oops, g1 gc, windows-amd64)
# No core dump will be written. Minidumps are not enabled by default on client versions of Windows
#

---------------  S U M M A R Y ------------

Command Line: --add-opens=java.base/java.util=ALL-UNNAMED -XX:+HeapDumpOnOutOfMemoryError -Xmx1024m -Dfile.encoding=windows-1252 -Duser.country=IN -Duser.language=en -Duser.variant -Xmx512M org.gradle.launcher.daemon.bootstrap.GradleDaemon 4.10.3

Host: 11th Gen Intel(R) Core(TM) i5-1135G7 @ 2.40GHz, 8 cores, 15G,  Windows 11 , 64 bit Build 22621 (10.0.22621.2506)
Time: Tue Sep 24 16:30:32 2024 India Standard Time elapsed time: 3.754432 seconds (0d 0h 0m 3s)

---------------  T H R E A D  ---------------

Current thread (0x0000020cb10b9800):  JavaThread "C2 CompilerThread1" daemon [_thread_in_native, id=69992, stack(0x00000081a8900000,0x00000081a8a00000)]


Current CompileTask:
C2:   3754 2165       4       java.net.URLClassLoader$1::run (5 bytes)

Stack: [0x00000081a8900000,0x00000081a8a00000]
Native frames: (J=compiled Java code, j=interpreted, Vv=VM code, C=native code)
V  [jvm.dll+0x65fe1a]
V  [jvm.dll+0x7a2bbf]
V  [jvm.dll+0x7a4289]
V  [jvm.dll+0x7a4923]
V  [jvm.dll+0x258a25]
V  [jvm.dll+0xb29cc]
V  [jvm.dll+0xb2f8c]
V  [jvm.dll+0x3670df]
V  [jvm.dll+0x32fdf5]
V  [jvm.dll+0x32f1da]
V  [jvm.dll+0x21172d]
V  [jvm.dll+0x2106f8]
V  [jvm.dll+0x18c841]
V  [jvm.dll+0x220989]
V  [jvm.dll+0x21ecac]
V  [jvm.dll+0x766921]
V  [jvm.dll+0x75f2e4]
V  [jvm.dll+0x65ecc5]
C  [ucrtbase.dll+0x29363]
C  [KERNEL32.DLL+0x1257d]
C  [ntdll.dll+0x5aa58]


---------------  P R O C E S S  ---------------

Threads class SMR info:
_java_thread_list=0x0000020cafb96640, length=24, elements={
0x0000020c9300d000, 0x0000020cadfaa800, 0x0000020cadfb3800, 0x0000020cae00a800,
0x0000020cae00d800, 0x0000020cae010000, 0x0000020cae012000, 0x0000020cae033800,
0x0000020cae03c000, 0x0000020cae1b3800, 0x0000020caf6f4000, 0x0000020caef40000,
0x0000020caf67b000, 0x0000020caf651000, 0x0000020caf651800, 0x0000020caf556800,
0x0000020caf557800, 0x0000020caf647000, 0x0000020caf648000, 0x0000020cafa76800,
0x0000020cafa72000, 0x0000020cafa77000, 0x0000020cafa74000, 0x0000020cb10b9800
}

Java Threads: ( => current thread )
  0x0000020c9300d000 JavaThread "main" [_thread_blocked, id=69704, stack(0x00000081a6300000,0x00000081a6400000)]
  0x0000020cadfaa800 JavaThread "Reference Handler" daemon [_thread_blocked, id=69736, stack(0x00000081a6a00000,0x00000081a6b00000)]
  0x0000020cadfb3800 JavaThread "Finalizer" daemon [_thread_blocked, id=69740, stack(0x00000081a6b00000,0x00000081a6c00000)]
  0x0000020cae00a800 JavaThread "Signal Dispatcher" daemon [_thread_blocked, id=69744, stack(0x00000081a6c00000,0x00000081a6d00000)]
  0x0000020cae00d800 JavaThread "Attach Listener" daemon [_thread_blocked, id=69748, stack(0x00000081a6d00000,0x00000081a6e00000)]
  0x0000020cae010000 JavaThread "Service Thread" daemon [_thread_blocked, id=69752, stack(0x00000081a6e00000,0x00000081a6f00000)]
  0x0000020cae012000 JavaThread "C2 CompilerThread0" daemon [_thread_in_native, id=69756, stack(0x00000081a6f00000,0x00000081a7000000)]
  0x0000020cae033800 JavaThread "C1 CompilerThread0" daemon [_thread_in_native, id=69760, stack(0x00000081a7000000,0x00000081a7100000)]
  0x0000020cae03c000 JavaThread "Sweeper thread" daemon [_thread_blocked, id=69764, stack(0x00000081a7100000,0x00000081a7200000)]
  0x0000020cae1b3800 JavaThread "Common-Cleaner" daemon [_thread_blocked, id=69772, stack(0x00000081a7200000,0x00000081a7300000)]
  0x0000020caf6f4000 JavaThread "Daemon health stats" [_thread_blocked, id=69828, stack(0x00000081a7a00000,0x00000081a7b00000)]
  0x0000020caef40000 JavaThread "Incoming local TCP Connector on port 56963" [_thread_in_native, id=69916, stack(0x00000081a7400000,0x00000081a7500000)]
  0x0000020caf67b000 JavaThread "Daemon periodic checks" [_thread_blocked, id=69920, stack(0x00000081a7b00000,0x00000081a7c00000)]
  0x0000020caf651000 JavaThread "Daemon" [_thread_blocked, id=69932, stack(0x00000081a7c00000,0x00000081a7d00000)]
  0x0000020caf651800 JavaThread "Handler for socket connection from /127.0.0.1:56963 to /127.0.0.1:56964" [_thread_in_native, id=69936, stack(0x00000081a7d00000,0x00000081a7e00000)]
  0x0000020caf556800 JavaThread "Cancel handler" [_thread_blocked, id=69940, stack(0x00000081a7e00000,0x00000081a7f00000)]
  0x0000020caf557800 JavaThread "Daemon worker" [_thread_in_vm, id=69944, stack(0x00000081a7f00000,0x00000081a8000000)]
  0x0000020caf647000 JavaThread "Asynchronous log dispatcher for DefaultDaemonConnection: socket connection from /127.0.0.1:56963 to /127.0.0.1:56964" [_thread_blocked, id=69956, stack(0x00000081a8000000,0x00000081a8100000)]
  0x0000020caf648000 JavaThread "Stdin handler" [_thread_blocked, id=69960, stack(0x00000081a8100000,0x00000081a8200000)]
  0x0000020cafa76800 JavaThread "Cache worker for file hash cache (C:\Users\Mohammad.Junaid\.gradle\caches\4.10.3\fileHashes)" [_thread_blocked, id=69964, stack(0x00000081a8200000,0x00000081a8300000)]
  0x0000020cafa72000 JavaThread "File lock request listener" [_thread_in_native, id=69968, stack(0x00000081a8300000,0x00000081a8400000)]
  0x0000020cafa77000 JavaThread "Cache worker for file hash cache (D:\MobileApp\GalaxyV3_BIAL_SB_LEVEL_GHA_WFS\platforms\android\.gradle\4.10.3\fileHashes)" [_thread_blocked, id=69972, stack(0x00000081a8400000,0x00000081a8500000)]
  0x0000020cafa74000 JavaThread "Cache worker for journal cache (C:\Users\Mohammad.Junaid\.gradle\caches\journal-1)" [_thread_blocked, id=69976, stack(0x00000081a8500000,0x00000081a8600000)]
=>0x0000020cb10b9800 JavaThread "C2 CompilerThread1" daemon [_thread_in_native, id=69992, stack(0x00000081a8900000,0x00000081a8a00000)]

Other Threads:
  0x0000020cadf87800 VMThread "VM Thread" [stack: 0x00000081a6900000,0x00000081a6a00000] [id=69732]
  0x0000020cae1cc800 WatcherThread [stack: 0x00000081a7300000,0x00000081a7400000] [id=69776]
  0x0000020c93021800 GCTaskThread "GC Thread#0" [stack: 0x00000081a6400000,0x00000081a6500000] [id=69708]
  0x0000020caeb71000 GCTaskThread "GC Thread#1" [stack: 0x00000081a7500000,0x00000081a7600000] [id=69800]
  0x0000020caedcc000 GCTaskThread "GC Thread#2" [stack: 0x00000081a7600000,0x00000081a7700000] [id=69804]
  0x0000020caedcc800 GCTaskThread "GC Thread#3" [stack: 0x00000081a7700000,0x00000081a7800000] [id=69808]
  0x0000020caed60800 GCTaskThread "GC Thread#4" [stack: 0x00000081a7800000,0x00000081a7900000] [id=69812]
  0x0000020caed61000 GCTaskThread "GC Thread#5" [stack: 0x00000081a7900000,0x00000081a7a00000] [id=69816]
  0x0000020caf6b9000 GCTaskThread "GC Thread#6" [stack: 0x00000081a8600000,0x00000081a8700000] [id=69980]
  0x0000020cafa6d000 GCTaskThread "GC Thread#7" [stack: 0x00000081a8700000,0x00000081a8800000] [id=69984]
  0x0000020c93034000 ConcurrentGCThread "G1 Main Marker" [stack: 0x00000081a6500000,0x00000081a6600000] [id=69712]
  0x0000020c93035800 ConcurrentGCThread "G1 Conc#0" [stack: 0x00000081a6600000,0x00000081a6700000] [id=69716]
  0x0000020cafc3c000 ConcurrentGCThread "G1 Conc#1" [stack: 0x00000081a8800000,0x00000081a8900000] [id=69988]
  0x0000020cad5ec800 ConcurrentGCThread "G1 Refine#0" [stack: 0x00000081a6700000,0x00000081a6800000] [id=69724]
  0x0000020cad5ed800 ConcurrentGCThread "G1 Young RemSet Sampling" [stack: 0x00000081a6800000,0x00000081a6900000] [id=69728]

Threads with active compile tasks:
C2 CompilerThread0     3769 2166   !   4       java.net.URLClassLoader$1::run (81 bytes)
C1 CompilerThread0     3769 2268       3       java.beans.Introspector::addMethod (196 bytes)
C2 CompilerThread1     3769 2165       4       java.net.URLClassLoader$1::run (5 bytes)
C2 CompilerThread2     3769 2266   !   4       jdk.internal.loader.URLClassPath$JarLoader::getResource (65 bytes)

VM state:not at safepoint (normal execution)

VM Mutex/Monitor currently owned by a thread: None

Heap address: 0x00000000e0000000, size: 512 MB, Compressed Oops mode: 32-bit
Narrow klass base: 0x0000000000000000, Narrow klass shift: 3
Compressed class space size: 1073741824 Address: 0x0000000100000000

Heap:
 garbage-first heap   total 258048K, used 48147K [0x00000000e0000000, 0x0000000100000000)
  region size 1024K, 45 young (46080K), 11 survivors (11264K)
 Metaspace       used 27654K, capacity 28088K, committed 28288K, reserved 1073152K
  class space    used 3516K, capacity 3711K, committed 3712K, reserved 1048576K
Heap Regions: E=young(eden), S=young(survivor), O=old, HS=humongous(starts), HC=humongous(continues), CS=collection set, F=free, A=archive, TAMS=top-at-mark-start (previous, next)
|   0|0x00000000e0000000, 0x00000000e0100000, 0x00000000e0100000|100%|HS|  |TAMS 0x00000000e0100000, 0x00000000e0000000| Complete 
|   1|0x00000000e0100000, 0x00000000e0200000, 0x00000000e0200000|100%|HC|  |TAMS 0x00000000e0200000, 0x00000000e0100000| Complete 
|   2|0x00000000e0200000, 0x00000000e0300000, 0x00000000e0300000|100%| O|  |TAMS 0x00000000e0300000, 0x00000000e0200000| Untracked 
|   3|0x00000000e0300000, 0x00000000e039fa00, 0x00000000e0400000| 62%| O|  |TAMS 0x00000000e039fa00, 0x00000000e0300000| Untracked 
|   4|0x00000000e0400000, 0x00000000e0400000, 0x00000000e0500000|  0%| F|  |TAMS 0x00000000e0400000, 0x00000000e0400000| Untracked 
|   5|0x00000000e0500000, 0x00000000e0500000, 0x00000000e0600000|  0%| F|  |TAMS 0x00000000e0500000, 0x00000000e0500000| Untracked 
|   6|0x00000000e0600000, 0x00000000e0600000, 0x00000000e0700000|  0%| F|  |TAMS 0x00000000e0600000, 0x00000000e0600000| Untracked 
|   7|0x00000000e0700000, 0x00000000e0700000, 0x00000000e0800000|  0%| F|  |TAMS 0x00000000e0700000, 0x00000000e0700000| Untracked 
|   8|0x00000000e0800000, 0x00000000e0800000, 0x00000000e0900000|  0%| F|  |TAMS 0x00000000e0800000, 0x00000000e0800000| Untracked 
|   9|0x00000000e0900000, 0x00000000e0900000, 0x00000000e0a00000|  0%| F|  |TAMS 0x00000000e0900000, 0x00000000e0900000| Untracked 
|  10|0x00000000e0a00000, 0x00000000e0a00000, 0x00000000e0b00000|  0%| F|  |TAMS 0x00000000e0a00000, 0x00000000e0a00000| Untracked 
|  11|0x00000000e0b00000, 0x00000000e0b00000, 0x00000000e0c00000|  0%| F|  |TAMS 0x00000000e0b00000, 0x00000000e0b00000| Untracked 
|  12|0x00000000e0c00000, 0x00000000e0c00000, 0x00000000e0d00000|  0%| F|  |TAMS 0x00000000e0c00000, 0x00000000e0c00000| Untracked 
|  13|0x00000000e0d00000, 0x00000000e0d00000, 0x00000000e0e00000|  0%| F|  |TAMS 0x00000000e0d00000, 0x00000000e0d00000| Untracked 
|  14|0x00000000e0e00000, 0x00000000e0e00000, 0x00000000e0f00000|  0%| F|  |TAMS 0x00000000e0e00000, 0x00000000e0e00000| Untracked 
|  15|0x00000000e0f00000, 0x00000000e0f00000, 0x00000000e1000000|  0%| F|  |TAMS 0x00000000e0f00000, 0x00000000e0f00000| Untracked 
|  16|0x00000000e1000000, 0x00000000e1000000, 0x00000000e1100000|  0%| F|  |TAMS 0x00000000e1000000, 0x00000000e1000000| Untracked 
|  17|0x00000000e1100000, 0x00000000e1100000, 0x00000000e1200000|  0%| F|  |TAMS 0x00000000e1100000, 0x00000000e1100000| Untracked 
|  18|0x00000000e1200000, 0x00000000e1200000, 0x00000000e1300000|  0%| F|  |TAMS 0x00000000e1200000, 0x00000000e1200000| Untracked 
|  19|0x00000000e1300000, 0x00000000e1300000, 0x00000000e1400000|  0%| F|  |TAMS 0x00000000e1300000, 0x00000000e1300000| Untracked 
|  20|0x00000000e1400000, 0x00000000e1400000, 0x00000000e1500000|  0%| F|  |TAMS 0x00000000e1400000, 0x00000000e1400000| Untracked 
|  21|0x00000000e1500000, 0x00000000e1500000, 0x00000000e1600000|  0%| F|  |TAMS 0x00000000e1500000, 0x00000000e1500000| Untracked 
|  22|0x00000000e1600000, 0x00000000e1600000, 0x00000000e1700000|  0%| F|  |TAMS 0x00000000e1600000, 0x00000000e1600000| Untracked 
|  23|0x00000000e1700000, 0x00000000e1700000, 0x00000000e1800000|  0%| F|  |TAMS 0x00000000e1700000, 0x00000000e1700000| Untracked 
|  24|0x00000000e1800000, 0x00000000e1800000, 0x00000000e1900000|  0%| F|  |TAMS 0x00000000e1800000, 0x00000000e1800000| Untracked 
|  25|0x00000000e1900000, 0x00000000e1900000, 0x00000000e1a00000|  0%| F|  |TAMS 0x00000000e1900000, 0x00000000e1900000| Untracked 
|  26|0x00000000e1a00000, 0x00000000e1a00000, 0x00000000e1b00000|  0%| F|  |TAMS 0x00000000e1a00000, 0x00000000e1a00000| Untracked 
|  27|0x00000000e1b00000, 0x00000000e1b00000, 0x00000000e1c00000|  0%| F|  |TAMS 0x00000000e1b00000, 0x00000000e1b00000| Untracked 
|  28|0x00000000e1c00000, 0x00000000e1c00000, 0x00000000e1d00000|  0%| F|  |TAMS 0x00000000e1c00000, 0x00000000e1c00000| Untracked 
|  29|0x00000000e1d00000, 0x00000000e1d00000, 0x00000000e1e00000|  0%| F|  |TAMS 0x00000000e1d00000, 0x00000000e1d00000| Untracked 
|  30|0x00000000e1e00000, 0x00000000e1e00000, 0x00000000e1f00000|  0%| F|  |TAMS 0x00000000e1e00000, 0x00000000e1e00000| Untracked 
|  31|0x00000000e1f00000, 0x00000000e1f00000, 0x00000000e2000000|  0%| F|  |TAMS 0x00000000e1f00000, 0x00000000e1f00000| Untracked 
|  32|0x00000000e2000000, 0x00000000e2000000, 0x00000000e2100000|  0%| F|  |TAMS 0x00000000e2000000, 0x00000000e2000000| Untracked 
|  33|0x00000000e2100000, 0x00000000e2100000, 0x00000000e2200000|  0%| F|  |TAMS 0x00000000e2100000, 0x00000000e2100000| Untracked 
|  34|0x00000000e2200000, 0x00000000e2200000, 0x00000000e2300000|  0%| F|  |TAMS 0x00000000e2200000, 0x00000000e2200000| Untracked 
|  35|0x00000000e2300000, 0x00000000e2300000, 0x00000000e2400000|  0%| F|  |TAMS 0x00000000e2300000, 0x00000000e2300000| Untracked 
|  36|0x00000000e2400000, 0x00000000e2400000, 0x00000000e2500000|  0%| F|  |TAMS 0x00000000e2400000, 0x00000000e2400000| Untracked 
|  37|0x00000000e2500000, 0x00000000e2500000, 0x00000000e2600000|  0%| F|  |TAMS 0x00000000e2500000, 0x00000000e2500000| Untracked 
|  38|0x00000000e2600000, 0x00000000e2600000, 0x00000000e2700000|  0%| F|  |TAMS 0x00000000e2600000, 0x00000000e2600000| Untracked 
|  39|0x00000000e2700000, 0x00000000e2700000, 0x00000000e2800000|  0%| F|  |TAMS 0x00000000e2700000, 0x00000000e2700000| Untracked 
|  40|0x00000000e2800000, 0x00000000e2800000, 0x00000000e2900000|  0%| F|  |TAMS 0x00000000e2800000, 0x00000000e2800000| Untracked 
|  41|0x00000000e2900000, 0x00000000e2900000, 0x00000000e2a00000|  0%| F|  |TAMS 0x00000000e2900000, 0x00000000e2900000| Untracked 
|  42|0x00000000e2a00000, 0x00000000e2a00000, 0x00000000e2b00000|  0%| F|  |TAMS 0x00000000e2a00000, 0x00000000e2a00000| Untracked 
|  43|0x00000000e2b00000, 0x00000000e2b00000, 0x00000000e2c00000|  0%| F|  |TAMS 0x00000000e2b00000, 0x00000000e2b00000| Untracked 
|  44|0x00000000e2c00000, 0x00000000e2c00000, 0x00000000e2d00000|  0%| F|  |TAMS 0x00000000e2c00000, 0x00000000e2c00000| Untracked 
|  45|0x00000000e2d00000, 0x00000000e2d00000, 0x00000000e2e00000|  0%| F|  |TAMS 0x00000000e2d00000, 0x00000000e2d00000| Untracked 
|  46|0x00000000e2e00000, 0x00000000e2e00000, 0x00000000e2f00000|  0%| F|  |TAMS 0x00000000e2e00000, 0x00000000e2e00000| Untracked 
|  47|0x00000000e2f00000, 0x00000000e2f00000, 0x00000000e3000000|  0%| F|  |TAMS 0x00000000e2f00000, 0x00000000e2f00000| Untracked 
|  48|0x00000000e3000000, 0x00000000e3000000, 0x00000000e3100000|  0%| F|  |TAMS 0x00000000e3000000, 0x00000000e3000000| Untracked 
|  49|0x00000000e3100000, 0x00000000e3100000, 0x00000000e3200000|  0%| F|  |TAMS 0x00000000e3100000, 0x00000000e3100000| Untracked 
|  50|0x00000000e3200000, 0x00000000e3200000, 0x00000000e3300000|  0%| F|  |TAMS 0x00000000e3200000, 0x00000000e3200000| Untracked 
|  51|0x00000000e3300000, 0x00000000e3300000, 0x00000000e3400000|  0%| F|  |TAMS 0x00000000e3300000, 0x00000000e3300000| Untracked 
|  52|0x00000000e3400000, 0x00000000e3400000, 0x00000000e3500000|  0%| F|  |TAMS 0x00000000e3400000, 0x00000000e3400000| Untracked 
|  53|0x00000000e3500000, 0x00000000e3500000, 0x00000000e3600000|  0%| F|  |TAMS 0x00000000e3500000, 0x00000000e3500000| Untracked 
|  54|0x00000000e3600000, 0x00000000e3600000, 0x00000000e3700000|  0%| F|  |TAMS 0x00000000e3600000, 0x00000000e3600000| Untracked 
|  55|0x00000000e3700000, 0x00000000e3700000, 0x00000000e3800000|  0%| F|  |TAMS 0x00000000e3700000, 0x00000000e3700000| Untracked 
|  56|0x00000000e3800000, 0x00000000e3800000, 0x00000000e3900000|  0%| F|  |TAMS 0x00000000e3800000, 0x00000000e3800000| Untracked 
|  57|0x00000000e3900000, 0x00000000e3900000, 0x00000000e3a00000|  0%| F|  |TAMS 0x00000000e3900000, 0x00000000e3900000| Untracked 
|  58|0x00000000e3a00000, 0x00000000e3a00000, 0x00000000e3b00000|  0%| F|  |TAMS 0x00000000e3a00000, 0x00000000e3a00000| Untracked 
|  59|0x00000000e3b00000, 0x00000000e3b00000, 0x00000000e3c00000|  0%| F|  |TAMS 0x00000000e3b00000, 0x00000000e3b00000| Untracked 
|  60|0x00000000e3c00000, 0x00000000e3c00000, 0x00000000e3d00000|  0%| F|  |TAMS 0x00000000e3c00000, 0x00000000e3c00000| Untracked 
|  61|0x00000000e3d00000, 0x00000000e3d00000, 0x00000000e3e00000|  0%| F|  |TAMS 0x00000000e3d00000, 0x00000000e3d00000| Untracked 
|  62|0x00000000e3e00000, 0x00000000e3e00000, 0x00000000e3f00000|  0%| F|  |TAMS 0x00000000e3e00000, 0x00000000e3e00000| Untracked 
|  63|0x00000000e3f00000, 0x00000000e3f00000, 0x00000000e4000000|  0%| F|  |TAMS 0x00000000e3f00000, 0x00000000e3f00000| Untracked 
|  64|0x00000000e4000000, 0x00000000e4000000, 0x00000000e4100000|  0%| F|  |TAMS 0x00000000e4000000, 0x00000000e4000000| Untracked 
|  65|0x00000000e4100000, 0x00000000e4100000, 0x00000000e4200000|  0%| F|  |TAMS 0x00000000e4100000, 0x00000000e4100000| Untracked 
|  66|0x00000000e4200000, 0x00000000e4200000, 0x00000000e4300000|  0%| F|  |TAMS 0x00000000e4200000, 0x00000000e4200000| Untracked 
|  67|0x00000000e4300000, 0x00000000e4300000, 0x00000000e4400000|  0%| F|  |TAMS 0x00000000e4300000, 0x00000000e4300000| Untracked 
|  68|0x00000000e4400000, 0x00000000e4400000, 0x00000000e4500000|  0%| F|  |TAMS 0x00000000e4400000, 0x00000000e4400000| Untracked 
|  69|0x00000000e4500000, 0x00000000e4500000, 0x00000000e4600000|  0%| F|  |TAMS 0x00000000e4500000, 0x00000000e4500000| Untracked 
|  70|0x00000000e4600000, 0x00000000e4600000, 0x00000000e4700000|  0%| F|  |TAMS 0x00000000e4600000, 0x00000000e4600000| Untracked 
|  71|0x00000000e4700000, 0x00000000e4700000, 0x00000000e4800000|  0%| F|  |TAMS 0x00000000e4700000, 0x00000000e4700000| Untracked 
|  72|0x00000000e4800000, 0x00000000e4800000, 0x00000000e4900000|  0%| F|  |TAMS 0x00000000e4800000, 0x00000000e4800000| Untracked 
|  73|0x00000000e4900000, 0x00000000e4900000, 0x00000000e4a00000|  0%| F|  |TAMS 0x00000000e4900000, 0x00000000e4900000| Untracked 
|  74|0x00000000e4a00000, 0x00000000e4a00000, 0x00000000e4b00000|  0%| F|  |TAMS 0x00000000e4a00000, 0x00000000e4a00000| Untracked 
|  75|0x00000000e4b00000, 0x00000000e4b00000, 0x00000000e4c00000|  0%| F|  |TAMS 0x00000000e4b00000, 0x00000000e4b00000| Untracked 
|  76|0x00000000e4c00000, 0x00000000e4c00000, 0x00000000e4d00000|  0%| F|  |TAMS 0x00000000e4c00000, 0x00000000e4c00000| Untracked 
|  77|0x00000000e4d00000, 0x00000000e4d00000, 0x00000000e4e00000|  0%| F|  |TAMS 0x00000000e4d00000, 0x00000000e4d00000| Untracked 
|  78|0x00000000e4e00000, 0x00000000e4e00000, 0x00000000e4f00000|  0%| F|  |TAMS 0x00000000e4e00000, 0x00000000e4e00000| Untracked 
|  79|0x00000000e4f00000, 0x00000000e4f00000, 0x00000000e5000000|  0%| F|  |TAMS 0x00000000e4f00000, 0x00000000e4f00000| Untracked 
|  80|0x00000000e5000000, 0x00000000e5000000, 0x00000000e5100000|  0%| F|  |TAMS 0x00000000e5000000, 0x00000000e5000000| Untracked 
|  81|0x00000000e5100000, 0x00000000e5100000, 0x00000000e5200000|  0%| F|  |TAMS 0x00000000e5100000, 0x00000000e5100000| Untracked 
|  82|0x00000000e5200000, 0x00000000e5200000, 0x00000000e5300000|  0%| F|  |TAMS 0x00000000e5200000, 0x00000000e5200000| Untracked 
|  83|0x00000000e5300000, 0x00000000e5300000, 0x00000000e5400000|  0%| F|  |TAMS 0x00000000e5300000, 0x00000000e5300000| Untracked 
|  84|0x00000000e5400000, 0x00000000e5400000, 0x00000000e5500000|  0%| F|  |TAMS 0x00000000e5400000, 0x00000000e5400000| Untracked 
|  85|0x00000000e5500000, 0x00000000e5500000, 0x00000000e5600000|  0%| F|  |TAMS 0x00000000e5500000, 0x00000000e5500000| Untracked 
|  86|0x00000000e5600000, 0x00000000e5600000, 0x00000000e5700000|  0%| F|  |TAMS 0x00000000e5600000, 0x00000000e5600000| Untracked 
|  87|0x00000000e5700000, 0x00000000e5700000, 0x00000000e5800000|  0%| F|  |TAMS 0x00000000e5700000, 0x00000000e5700000| Untracked 
|  88|0x00000000e5800000, 0x00000000e5800000, 0x00000000e5900000|  0%| F|  |TAMS 0x00000000e5800000, 0x00000000e5800000| Untracked 
|  89|0x00000000e5900000, 0x00000000e5900000, 0x00000000e5a00000|  0%| F|  |TAMS 0x00000000e5900000, 0x00000000e5900000| Untracked 
|  90|0x00000000e5a00000, 0x00000000e5a00000, 0x00000000e5b00000|  0%| F|  |TAMS 0x00000000e5a00000, 0x00000000e5a00000| Untracked 
|  91|0x00000000e5b00000, 0x00000000e5b00000, 0x00000000e5c00000|  0%| F|  |TAMS 0x00000000e5b00000, 0x00000000e5b00000| Untracked 
|  92|0x00000000e5c00000, 0x00000000e5c00000, 0x00000000e5d00000|  0%| F|  |TAMS 0x00000000e5c00000, 0x00000000e5c00000| Untracked 
|  93|0x00000000e5d00000, 0x00000000e5d00000, 0x00000000e5e00000|  0%| F|  |TAMS 0x00000000e5d00000, 0x00000000e5d00000| Untracked 
|  94|0x00000000e5e00000, 0x00000000e5e00000, 0x00000000e5f00000|  0%| F|  |TAMS 0x00000000e5e00000, 0x00000000e5e00000| Untracked 
|  95|0x00000000e5f00000, 0x00000000e5f00000, 0x00000000e6000000|  0%| F|  |TAMS 0x00000000e5f00000, 0x00000000e5f00000| Untracked 
|  96|0x00000000e6000000, 0x00000000e6000000, 0x00000000e6100000|  0%| F|  |TAMS 0x00000000e6000000, 0x00000000e6000000| Untracked 
|  97|0x00000000e6100000, 0x00000000e6100000, 0x00000000e6200000|  0%| F|  |TAMS 0x00000000e6100000, 0x00000000e6100000| Untracked 
|  98|0x00000000e6200000, 0x00000000e6200000, 0x00000000e6300000|  0%| F|  |TAMS 0x00000000e6200000, 0x00000000e6200000| Untracked 
|  99|0x00000000e6300000, 0x00000000e6300000, 0x00000000e6400000|  0%| F|  |TAMS 0x00000000e6300000, 0x00000000e6300000| Untracked 
| 100|0x00000000e6400000, 0x00000000e6400000, 0x00000000e6500000|  0%| F|  |TAMS 0x00000000e6400000, 0x00000000e6400000| Untracked 
| 101|0x00000000e6500000, 0x00000000e6500000, 0x00000000e6600000|  0%| F|  |TAMS 0x00000000e6500000, 0x00000000e6500000| Untracked 
| 102|0x00000000e6600000, 0x00000000e6600000, 0x00000000e6700000|  0%| F|  |TAMS 0x00000000e6600000, 0x00000000e6600000| Untracked 
| 103|0x00000000e6700000, 0x00000000e6700000, 0x00000000e6800000|  0%| F|  |TAMS 0x00000000e6700000, 0x00000000e6700000| Untracked 
| 104|0x00000000e6800000, 0x00000000e6800000, 0x00000000e6900000|  0%| F|  |TAMS 0x00000000e6800000, 0x00000000e6800000| Untracked 
| 105|0x00000000e6900000, 0x00000000e6900000, 0x00000000e6a00000|  0%| F|  |TAMS 0x00000000e6900000, 0x00000000e6900000| Untracked 
| 106|0x00000000e6a00000, 0x00000000e6a00000, 0x00000000e6b00000|  0%| F|  |TAMS 0x00000000e6a00000, 0x00000000e6a00000| Untracked 
| 107|0x00000000e6b00000, 0x00000000e6b00000, 0x00000000e6c00000|  0%| F|  |TAMS 0x00000000e6b00000, 0x00000000e6b00000| Untracked 
| 108|0x00000000e6c00000, 0x00000000e6c00000, 0x00000000e6d00000|  0%| F|  |TAMS 0x00000000e6c00000, 0x00000000e6c00000| Untracked 
| 109|0x00000000e6d00000, 0x00000000e6d00000, 0x00000000e6e00000|  0%| F|  |TAMS 0x00000000e6d00000, 0x00000000e6d00000| Untracked 
| 110|0x00000000e6e00000, 0x00000000e6e00000, 0x00000000e6f00000|  0%| F|  |TAMS 0x00000000e6e00000, 0x00000000e6e00000| Untracked 
| 111|0x00000000e6f00000, 0x00000000e6f00000, 0x00000000e7000000|  0%| F|  |TAMS 0x00000000e6f00000, 0x00000000e6f00000| Untracked 
| 112|0x00000000e7000000, 0x00000000e7000000, 0x00000000e7100000|  0%| F|  |TAMS 0x00000000e7000000, 0x00000000e7000000| Untracked 
| 113|0x00000000e7100000, 0x00000000e7100000, 0x00000000e7200000|  0%| F|  |TAMS 0x00000000e7100000, 0x00000000e7100000| Untracked 
| 114|0x00000000e7200000, 0x00000000e7200000, 0x00000000e7300000|  0%| F|  |TAMS 0x00000000e7200000, 0x00000000e7200000| Untracked 
| 115|0x00000000e7300000, 0x00000000e7300000, 0x00000000e7400000|  0%| F|  |TAMS 0x00000000e7300000, 0x00000000e7300000| Untracked 
| 116|0x00000000e7400000, 0x00000000e7400000, 0x00000000e7500000|  0%| F|  |TAMS 0x00000000e7400000, 0x00000000e7400000| Untracked 
| 117|0x00000000e7500000, 0x00000000e7500000, 0x00000000e7600000|  0%| F|  |TAMS 0x00000000e7500000, 0x00000000e7500000| Untracked 
| 118|0x00000000e7600000, 0x00000000e7600000, 0x00000000e7700000|  0%| F|  |TAMS 0x00000000e7600000, 0x00000000e7600000| Untracked 
| 119|0x00000000e7700000, 0x00000000e7700000, 0x00000000e7800000|  0%| F|  |TAMS 0x00000000e7700000, 0x00000000e7700000| Untracked 
| 120|0x00000000e7800000, 0x00000000e7800000, 0x00000000e7900000|  0%| F|  |TAMS 0x00000000e7800000, 0x00000000e7800000| Untracked 
| 121|0x00000000e7900000, 0x00000000e7900000, 0x00000000e7a00000|  0%| F|  |TAMS 0x00000000e7900000, 0x00000000e7900000| Untracked 
| 122|0x00000000e7a00000, 0x00000000e7a00000, 0x00000000e7b00000|  0%| F|  |TAMS 0x00000000e7a00000, 0x00000000e7a00000| Untracked 
| 123|0x00000000e7b00000, 0x00000000e7b00000, 0x00000000e7c00000|  0%| F|  |TAMS 0x00000000e7b00000, 0x00000000e7b00000| Untracked 
| 124|0x00000000e7c00000, 0x00000000e7c00000, 0x00000000e7d00000|  0%| F|  |TAMS 0x00000000e7c00000, 0x00000000e7c00000| Untracked 
| 125|0x00000000e7d00000, 0x00000000e7d00000, 0x00000000e7e00000|  0%| F|  |TAMS 0x00000000e7d00000, 0x00000000e7d00000| Untracked 
| 126|0x00000000e7e00000, 0x00000000e7e00000, 0x00000000e7f00000|  0%| F|  |TAMS 0x00000000e7e00000, 0x00000000e7e00000| Untracked 
| 127|0x00000000e7f00000, 0x00000000e7f00000, 0x00000000e8000000|  0%| F|  |TAMS 0x00000000e7f00000, 0x00000000e7f00000| Untracked 
| 128|0x00000000e8000000, 0x00000000e8000000, 0x00000000e8100000|  0%| F|  |TAMS 0x00000000e8000000, 0x00000000e8000000| Untracked 
| 129|0x00000000e8100000, 0x00000000e8100000, 0x00000000e8200000|  0%| F|  |TAMS 0x00000000e8100000, 0x00000000e8100000| Untracked 
| 130|0x00000000e8200000, 0x00000000e8200000, 0x00000000e8300000|  0%| F|  |TAMS 0x00000000e8200000, 0x00000000e8200000| Untracked 
| 131|0x00000000e8300000, 0x00000000e8300000, 0x00000000e8400000|  0%| F|  |TAMS 0x00000000e8300000, 0x00000000e8300000| Untracked 
| 132|0x00000000e8400000, 0x00000000e8400000, 0x00000000e8500000|  0%| F|  |TAMS 0x00000000e8400000, 0x00000000e8400000| Untracked 
| 133|0x00000000e8500000, 0x00000000e8500000, 0x00000000e8600000|  0%| F|  |TAMS 0x00000000e8500000, 0x00000000e8500000| Untracked 
| 134|0x00000000e8600000, 0x00000000e8600000, 0x00000000e8700000|  0%| F|  |TAMS 0x00000000e8600000, 0x00000000e8600000| Untracked 
| 135|0x00000000e8700000, 0x00000000e8700000, 0x00000000e8800000|  0%| F|  |TAMS 0x00000000e8700000, 0x00000000e8700000| Untracked 
| 136|0x00000000e8800000, 0x00000000e8800000, 0x00000000e8900000|  0%| F|  |TAMS 0x00000000e8800000, 0x00000000e8800000| Untracked 
| 137|0x00000000e8900000, 0x00000000e8900000, 0x00000000e8a00000|  0%| F|  |TAMS 0x00000000e8900000, 0x00000000e8900000| Untracked 
| 138|0x00000000e8a00000, 0x00000000e8a00000, 0x00000000e8b00000|  0%| F|  |TAMS 0x00000000e8a00000, 0x00000000e8a00000| Untracked 
| 139|0x00000000e8b00000, 0x00000000e8b00000, 0x00000000e8c00000|  0%| F|  |TAMS 0x00000000e8b00000, 0x00000000e8b00000| Untracked 
| 140|0x00000000e8c00000, 0x00000000e8c00000, 0x00000000e8d00000|  0%| F|  |TAMS 0x00000000e8c00000, 0x00000000e8c00000| Untracked 
| 141|0x00000000e8d00000, 0x00000000e8d00000, 0x00000000e8e00000|  0%| F|  |TAMS 0x00000000e8d00000, 0x00000000e8d00000| Untracked 
| 142|0x00000000e8e00000, 0x00000000e8e00000, 0x00000000e8f00000|  0%| F|  |TAMS 0x00000000e8e00000, 0x00000000e8e00000| Untracked 
| 143|0x00000000e8f00000, 0x00000000e8f00000, 0x00000000e9000000|  0%| F|  |TAMS 0x00000000e8f00000, 0x00000000e8f00000| Untracked 
| 144|0x00000000e9000000, 0x00000000e9000000, 0x00000000e9100000|  0%| F|  |TAMS 0x00000000e9000000, 0x00000000e9000000| Untracked 
| 145|0x00000000e9100000, 0x00000000e9100000, 0x00000000e9200000|  0%| F|  |TAMS 0x00000000e9100000, 0x00000000e9100000| Untracked 
| 146|0x00000000e9200000, 0x00000000e9200000, 0x00000000e9300000|  0%| F|  |TAMS 0x00000000e9200000, 0x00000000e9200000| Untracked 
| 147|0x00000000e9300000, 0x00000000e9300000, 0x00000000e9400000|  0%| F|  |TAMS 0x00000000e9300000, 0x00000000e9300000| Untracked 
| 148|0x00000000e9400000, 0x00000000e9400000, 0x00000000e9500000|  0%| F|  |TAMS 0x00000000e9400000, 0x00000000e9400000| Untracked 
| 149|0x00000000e9500000, 0x00000000e9500000, 0x00000000e9600000|  0%| F|  |TAMS 0x00000000e9500000, 0x00000000e9500000| Untracked 
| 150|0x00000000e9600000, 0x00000000e9600000, 0x00000000e9700000|  0%| F|  |TAMS 0x00000000e9600000, 0x00000000e9600000| Untracked 
| 151|0x00000000e9700000, 0x00000000e9700000, 0x00000000e9800000|  0%| F|  |TAMS 0x00000000e9700000, 0x00000000e9700000| Untracked 
| 152|0x00000000e9800000, 0x00000000e9800000, 0x00000000e9900000|  0%| F|  |TAMS 0x00000000e9800000, 0x00000000e9800000| Untracked 
| 153|0x00000000e9900000, 0x00000000e9900000, 0x00000000e9a00000|  0%| F|  |TAMS 0x00000000e9900000, 0x00000000e9900000| Untracked 
| 154|0x00000000e9a00000, 0x00000000e9a00000, 0x00000000e9b00000|  0%| F|  |TAMS 0x00000000e9a00000, 0x00000000e9a00000| Untracked 
| 155|0x00000000e9b00000, 0x00000000e9b00000, 0x00000000e9c00000|  0%| F|  |TAMS 0x00000000e9b00000, 0x00000000e9b00000| Untracked 
| 156|0x00000000e9c00000, 0x00000000e9c00000, 0x00000000e9d00000|  0%| F|  |TAMS 0x00000000e9c00000, 0x00000000e9c00000| Untracked 
| 157|0x00000000e9d00000, 0x00000000e9d00000, 0x00000000e9e00000|  0%| F|  |TAMS 0x00000000e9d00000, 0x00000000e9d00000| Untracked 
| 158|0x00000000e9e00000, 0x00000000e9e00000, 0x00000000e9f00000|  0%| F|  |TAMS 0x00000000e9e00000, 0x00000000e9e00000| Untracked 
| 159|0x00000000e9f00000, 0x00000000e9f00000, 0x00000000ea000000|  0%| F|  |TAMS 0x00000000e9f00000, 0x00000000e9f00000| Untracked 
| 160|0x00000000ea000000, 0x00000000ea000000, 0x00000000ea100000|  0%| F|  |TAMS 0x00000000ea000000, 0x00000000ea000000| Untracked 
| 161|0x00000000ea100000, 0x00000000ea100000, 0x00000000ea200000|  0%| F|  |TAMS 0x00000000ea100000, 0x00000000ea100000| Untracked 
| 162|0x00000000ea200000, 0x00000000ea200000, 0x00000000ea300000|  0%| F|  |TAMS 0x00000000ea200000, 0x00000000ea200000| Untracked 
| 163|0x00000000ea300000, 0x00000000ea300000, 0x00000000ea400000|  0%| F|  |TAMS 0x00000000ea300000, 0x00000000ea300000| Untracked 
| 164|0x00000000ea400000, 0x00000000ea400000, 0x00000000ea500000|  0%| F|  |TAMS 0x00000000ea400000, 0x00000000ea400000| Untracked 
| 165|0x00000000ea500000, 0x00000000ea500000, 0x00000000ea600000|  0%| F|  |TAMS 0x00000000ea500000, 0x00000000ea500000| Untracked 
| 166|0x00000000ea600000, 0x00000000ea600000, 0x00000000ea700000|  0%| F|  |TAMS 0x00000000ea600000, 0x00000000ea600000| Untracked 
| 167|0x00000000ea700000, 0x00000000ea700000, 0x00000000ea800000|  0%| F|  |TAMS 0x00000000ea700000, 0x00000000ea700000| Untracked 
| 168|0x00000000ea800000, 0x00000000ea865218, 0x00000000ea900000| 39%| S|CS|TAMS 0x00000000ea800000, 0x00000000ea800000| Complete 
| 169|0x00000000ea900000, 0x00000000eaa00000, 0x00000000eaa00000|100%| S|CS|TAMS 0x00000000ea900000, 0x00000000ea900000| Complete 
| 170|0x00000000eaa00000, 0x00000000eab00000, 0x00000000eab00000|100%| S|CS|TAMS 0x00000000eaa00000, 0x00000000eaa00000| Complete 
| 171|0x00000000eab00000, 0x00000000eac00000, 0x00000000eac00000|100%| S|CS|TAMS 0x00000000eab00000, 0x00000000eab00000| Complete 
| 172|0x00000000eac00000, 0x00000000ead00000, 0x00000000ead00000|100%| S|CS|TAMS 0x00000000eac00000, 0x00000000eac00000| Complete 
| 173|0x00000000ead00000, 0x00000000eae00000, 0x00000000eae00000|100%| S|CS|TAMS 0x00000000ead00000, 0x00000000ead00000| Complete 
| 174|0x00000000eae00000, 0x00000000eaf00000, 0x00000000eaf00000|100%| S|CS|TAMS 0x00000000eae00000, 0x00000000eae00000| Complete 
| 175|0x00000000eaf00000, 0x00000000eb000000, 0x00000000eb000000|100%| S|CS|TAMS 0x00000000eaf00000, 0x00000000eaf00000| Complete 
| 176|0x00000000eb000000, 0x00000000eb100000, 0x00000000eb100000|100%| S|CS|TAMS 0x00000000eb000000, 0x00000000eb000000| Complete 
| 177|0x00000000eb100000, 0x00000000eb200000, 0x00000000eb200000|100%| S|CS|TAMS 0x00000000eb100000, 0x00000000eb100000| Complete 
| 178|0x00000000eb200000, 0x00000000eb300000, 0x00000000eb300000|100%| S|CS|TAMS 0x00000000eb200000, 0x00000000eb200000| Complete 
| 179|0x00000000eb300000, 0x00000000eb300000, 0x00000000eb400000|  0%| F|  |TAMS 0x00000000eb300000, 0x00000000eb300000| Untracked 
| 180|0x00000000eb400000, 0x00000000eb400000, 0x00000000eb500000|  0%| F|  |TAMS 0x00000000eb400000, 0x00000000eb400000| Untracked 
| 181|0x00000000eb500000, 0x00000000eb500000, 0x00000000eb600000|  0%| F|  |TAMS 0x00000000eb500000, 0x00000000eb500000| Untracked 
| 182|0x00000000eb600000, 0x00000000eb600000, 0x00000000eb700000|  0%| F|  |TAMS 0x00000000eb600000, 0x00000000eb600000| Untracked 
| 183|0x00000000eb700000, 0x00000000eb700000, 0x00000000eb800000|  0%| F|  |TAMS 0x00000000eb700000, 0x00000000eb700000| Untracked 
| 184|0x00000000eb800000, 0x00000000eb800000, 0x00000000eb900000|  0%| F|  |TAMS 0x00000000eb800000, 0x00000000eb800000| Untracked 
| 185|0x00000000eb900000, 0x00000000eb900000, 0x00000000eba00000|  0%| F|  |TAMS 0x00000000eb900000, 0x00000000eb900000| Untracked 
| 186|0x00000000eba00000, 0x00000000eba00000, 0x00000000ebb00000|  0%| F|  |TAMS 0x00000000eba00000, 0x00000000eba00000| Untracked 
| 187|0x00000000ebb00000, 0x00000000ebb00000, 0x00000000ebc00000|  0%| F|  |TAMS 0x00000000ebb00000, 0x00000000ebb00000| Untracked 
| 188|0x00000000ebc00000, 0x00000000ebc00000, 0x00000000ebd00000|  0%| F|  |TAMS 0x00000000ebc00000, 0x00000000ebc00000| Untracked 
| 189|0x00000000ebd00000, 0x00000000ebd00000, 0x00000000ebe00000|  0%| F|  |TAMS 0x00000000ebd00000, 0x00000000ebd00000| Untracked 
| 190|0x00000000ebe00000, 0x00000000ebe00000, 0x00000000ebf00000|  0%| F|  |TAMS 0x00000000ebe00000, 0x00000000ebe00000| Untracked 
| 191|0x00000000ebf00000, 0x00000000ebf00000, 0x00000000ec000000|  0%| F|  |TAMS 0x00000000ebf00000, 0x00000000ebf00000| Untracked 
| 192|0x00000000ec000000, 0x00000000ec000000, 0x00000000ec100000|  0%| F|  |TAMS 0x00000000ec000000, 0x00000000ec000000| Untracked 
| 193|0x00000000ec100000, 0x00000000ec100000, 0x00000000ec200000|  0%| F|  |TAMS 0x00000000ec100000, 0x00000000ec100000| Untracked 
| 194|0x00000000ec200000, 0x00000000ec200000, 0x00000000ec300000|  0%| F|  |TAMS 0x00000000ec200000, 0x00000000ec200000| Untracked 
| 195|0x00000000ec300000, 0x00000000ec300000, 0x00000000ec400000|  0%| F|  |TAMS 0x00000000ec300000, 0x00000000ec300000| Untracked 
| 196|0x00000000ec400000, 0x00000000ec400000, 0x00000000ec500000|  0%| F|  |TAMS 0x00000000ec400000, 0x00000000ec400000| Untracked 
| 197|0x00000000ec500000, 0x00000000ec500000, 0x00000000ec600000|  0%| F|  |TAMS 0x00000000ec500000, 0x00000000ec500000| Untracked 
| 198|0x00000000ec600000, 0x00000000ec600000, 0x00000000ec700000|  0%| F|  |TAMS 0x00000000ec600000, 0x00000000ec600000| Untracked 
| 199|0x00000000ec700000, 0x00000000ec700000, 0x00000000ec800000|  0%| F|  |TAMS 0x00000000ec700000, 0x00000000ec700000| Untracked 
| 200|0x00000000ec800000, 0x00000000ec800000, 0x00000000ec900000|  0%| F|  |TAMS 0x00000000ec800000, 0x00000000ec800000| Untracked 
| 201|0x00000000ec900000, 0x00000000ec900000, 0x00000000eca00000|  0%| F|  |TAMS 0x00000000ec900000, 0x00000000ec900000| Untracked 
| 202|0x00000000eca00000, 0x00000000eca00000, 0x00000000ecb00000|  0%| F|  |TAMS 0x00000000eca00000, 0x00000000eca00000| Untracked 
| 203|0x00000000ecb00000, 0x00000000ecb00000, 0x00000000ecc00000|  0%| F|  |TAMS 0x00000000ecb00000, 0x00000000ecb00000| Untracked 
| 204|0x00000000ecc00000, 0x00000000ecc00000, 0x00000000ecd00000|  0%| F|  |TAMS 0x00000000ecc00000, 0x00000000ecc00000| Untracked 
| 205|0x00000000ecd00000, 0x00000000ecd00000, 0x00000000ece00000|  0%| F|  |TAMS 0x00000000ecd00000, 0x00000000ecd00000| Untracked 
| 206|0x00000000ece00000, 0x00000000ece00000, 0x00000000ecf00000|  0%| F|  |TAMS 0x00000000ece00000, 0x00000000ece00000| Untracked 
| 207|0x00000000ecf00000, 0x00000000ecf00000, 0x00000000ed000000|  0%| F|  |TAMS 0x00000000ecf00000, 0x00000000ecf00000| Untracked 
| 208|0x00000000ed000000, 0x00000000ed000000, 0x00000000ed100000|  0%| F|  |TAMS 0x00000000ed000000, 0x00000000ed000000| Untracked 
| 209|0x00000000ed100000, 0x00000000ed100000, 0x00000000ed200000|  0%| F|  |TAMS 0x00000000ed100000, 0x00000000ed100000| Untracked 
| 210|0x00000000ed200000, 0x00000000ed200000, 0x00000000ed300000|  0%| F|  |TAMS 0x00000000ed200000, 0x00000000ed200000| Untracked 
| 211|0x00000000ed300000, 0x00000000ed300000, 0x00000000ed400000|  0%| F|  |TAMS 0x00000000ed300000, 0x00000000ed300000| Untracked 
| 212|0x00000000ed400000, 0x00000000ed400000, 0x00000000ed500000|  0%| F|  |TAMS 0x00000000ed400000, 0x00000000ed400000| Untracked 
| 213|0x00000000ed500000, 0x00000000ed500000, 0x00000000ed600000|  0%| F|  |TAMS 0x00000000ed500000, 0x00000000ed500000| Untracked 
| 214|0x00000000ed600000, 0x00000000ed600000, 0x00000000ed700000|  0%| F|  |TAMS 0x00000000ed600000, 0x00000000ed600000| Untracked 
| 215|0x00000000ed700000, 0x00000000ed700000, 0x00000000ed800000|  0%| F|  |TAMS 0x00000000ed700000, 0x00000000ed700000| Untracked 
| 216|0x00000000ed800000, 0x00000000ed8bf820, 0x00000000ed900000| 74%| E|  |TAMS 0x00000000ed800000, 0x00000000ed800000| Complete 
| 217|0x00000000ed900000, 0x00000000ed9e3150, 0x00000000eda00000| 88%| E|  |TAMS 0x00000000ed900000, 0x00000000ed900000| Complete 
| 218|0x00000000eda00000, 0x00000000edb00000, 0x00000000edb00000|100%| E|CS|TAMS 0x00000000eda00000, 0x00000000eda00000| Complete 
| 219|0x00000000edb00000, 0x00000000edc00000, 0x00000000edc00000|100%| E|CS|TAMS 0x00000000edb00000, 0x00000000edb00000| Complete 
| 220|0x00000000edc00000, 0x00000000edd00000, 0x00000000edd00000|100%| E|CS|TAMS 0x00000000edc00000, 0x00000000edc00000| Complete 
| 221|0x00000000edd00000, 0x00000000ede00000, 0x00000000ede00000|100%| E|CS|TAMS 0x00000000edd00000, 0x00000000edd00000| Complete 
| 222|0x00000000ede00000, 0x00000000edf00000, 0x00000000edf00000|100%| E|CS|TAMS 0x00000000ede00000, 0x00000000ede00000| Complete 
| 223|0x00000000edf00000, 0x00000000ee000000, 0x00000000ee000000|100%| E|CS|TAMS 0x00000000edf00000, 0x00000000edf00000| Complete 
| 224|0x00000000ee000000, 0x00000000ee100000, 0x00000000ee100000|100%| E|CS|TAMS 0x00000000ee000000, 0x00000000ee000000| Complete 
| 225|0x00000000ee100000, 0x00000000ee200000, 0x00000000ee200000|100%| E|CS|TAMS 0x00000000ee100000, 0x00000000ee100000| Complete 
| 226|0x00000000ee200000, 0x00000000ee300000, 0x00000000ee300000|100%| E|CS|TAMS 0x00000000ee200000, 0x00000000ee200000| Complete 
| 227|0x00000000ee300000, 0x00000000ee400000, 0x00000000ee400000|100%| E|CS|TAMS 0x00000000ee300000, 0x00000000ee300000| Complete 
| 228|0x00000000ee400000, 0x00000000ee500000, 0x00000000ee500000|100%| E|CS|TAMS 0x00000000ee400000, 0x00000000ee400000| Complete 
| 229|0x00000000ee500000, 0x00000000ee600000, 0x00000000ee600000|100%| E|CS|TAMS 0x00000000ee500000, 0x00000000ee500000| Complete 
| 230|0x00000000ee600000, 0x00000000ee700000, 0x00000000ee700000|100%| E|CS|TAMS 0x00000000ee600000, 0x00000000ee600000| Complete 
| 231|0x00000000ee700000, 0x00000000ee800000, 0x00000000ee800000|100%| E|CS|TAMS 0x00000000ee700000, 0x00000000ee700000| Complete 
| 232|0x00000000ee800000, 0x00000000ee900000, 0x00000000ee900000|100%| E|CS|TAMS 0x00000000ee800000, 0x00000000ee800000| Complete 
| 233|0x00000000ee900000, 0x00000000eea00000, 0x00000000eea00000|100%| E|CS|TAMS 0x00000000ee900000, 0x00000000ee900000| Complete 
| 234|0x00000000eea00000, 0x00000000eeb00000, 0x00000000eeb00000|100%| E|CS|TAMS 0x00000000eea00000, 0x00000000eea00000| Complete 
| 235|0x00000000eeb00000, 0x00000000eec00000, 0x00000000eec00000|100%| E|CS|TAMS 0x00000000eeb00000, 0x00000000eeb00000| Complete 
| 236|0x00000000eec00000, 0x00000000eed00000, 0x00000000eed00000|100%| E|CS|TAMS 0x00000000eec00000, 0x00000000eec00000| Complete 
| 237|0x00000000eed00000, 0x00000000eee00000, 0x00000000eee00000|100%| E|CS|TAMS 0x00000000eed00000, 0x00000000eed00000| Complete 
| 238|0x00000000eee00000, 0x00000000eef00000, 0x00000000eef00000|100%| E|CS|TAMS 0x00000000eee00000, 0x00000000eee00000| Complete 
| 239|0x00000000eef00000, 0x00000000ef000000, 0x00000000ef000000|100%| E|CS|TAMS 0x00000000eef00000, 0x00000000eef00000| Complete 
| 240|0x00000000ef000000, 0x00000000ef100000, 0x00000000ef100000|100%| E|CS|TAMS 0x00000000ef000000, 0x00000000ef000000| Complete 
| 241|0x00000000ef100000, 0x00000000ef200000, 0x00000000ef200000|100%| E|CS|TAMS 0x00000000ef100000, 0x00000000ef100000| Complete 
| 242|0x00000000ef200000, 0x00000000ef300000, 0x00000000ef300000|100%| E|CS|TAMS 0x00000000ef200000, 0x00000000ef200000| Complete 
| 243|0x00000000ef300000, 0x00000000ef400000, 0x00000000ef400000|100%| E|CS|TAMS 0x00000000ef300000, 0x00000000ef300000| Complete 
| 244|0x00000000ef400000, 0x00000000ef500000, 0x00000000ef500000|100%| E|CS|TAMS 0x00000000ef400000, 0x00000000ef400000| Complete 
| 245|0x00000000ef500000, 0x00000000ef600000, 0x00000000ef600000|100%| E|CS|TAMS 0x00000000ef500000, 0x00000000ef500000| Complete 
| 246|0x00000000ef600000, 0x00000000ef700000, 0x00000000ef700000|100%| E|CS|TAMS 0x00000000ef600000, 0x00000000ef600000| Complete 
| 247|0x00000000ef700000, 0x00000000ef800000, 0x00000000ef800000|100%| E|CS|TAMS 0x00000000ef700000, 0x00000000ef700000| Complete 
| 248|0x00000000ef800000, 0x00000000ef900000, 0x00000000ef900000|100%| E|CS|TAMS 0x00000000ef800000, 0x00000000ef800000| Complete 
| 249|0x00000000ef900000, 0x00000000efa00000, 0x00000000efa00000|100%| E|CS|TAMS 0x00000000ef900000, 0x00000000ef900000| Complete 
| 250|0x00000000efa00000, 0x00000000efb00000, 0x00000000efb00000|100%| E|CS|TAMS 0x00000000efa00000, 0x00000000efa00000| Complete 
| 251|0x00000000efb00000, 0x00000000efc00000, 0x00000000efc00000|100%| E|CS|TAMS 0x00000000efb00000, 0x00000000efb00000| Complete 

Card table byte_map: [0x0000020ca9b00000,0x0000020ca9c00000] _byte_map_base: 0x0000020ca9400000

Marking Bits (Prev, Next): (CMBitMap*) 0x0000020c9302f1a0, (CMBitMap*) 0x0000020c9302f168
 Prev Bits: [0x0000020caa500000, 0x0000020caad00000)
 Next Bits: [0x0000020ca9d00000, 0x0000020caa500000)

Polling page: 0x0000020c927d0000

Metaspace:

Usage:
  Non-class:     23.87 MB capacity,    23.63 MB (>99%) used,   203.24 KB ( <1%) free+waste,    38.81 KB ( <1%) overhead. 
      Class:      3.62 MB capacity,     3.44 MB ( 95%) used,   165.15 KB (  4%) free+waste,    18.50 KB ( <1%) overhead. 
       Both:     27.49 MB capacity,    27.08 MB ( 98%) used,   368.39 KB (  1%) free+waste,    57.31 KB ( <1%) overhead. 

Virtual space:
  Non-class space:       24.00 MB reserved,      24.00 MB (100%) committed 
      Class space:        1.00 GB reserved,       3.62 MB ( <1%) committed 
             Both:        1.02 GB reserved,      27.62 MB (  3%) committed 

Chunk freelists:
   Non-Class:  896 bytes
       Class:  128 bytes
        Both:  1.00 KB

CodeHeap 'non-profiled nmethods': size=120000Kb used=875Kb max_used=875Kb free=119124Kb
 bounds [0x0000020ca21a0000, 0x0000020ca2410000, 0x0000020ca96d0000]
CodeHeap 'profiled nmethods': size=120000Kb used=4742Kb max_used=4742Kb free=115257Kb
 bounds [0x0000020c9ac70000, 0x0000020c9b120000, 0x0000020ca21a0000]
CodeHeap 'non-nmethods': size=5760Kb used=1156Kb max_used=1187Kb free=4603Kb
 bounds [0x0000020c9a6d0000, 0x0000020c9a940000, 0x0000020c9ac70000]
 total_blobs=2758 nmethods=2281 adapters=388
 compilation: enabled
              stopped_count=0, restarted_count=0
 full_count=0

Compilation events (10 events):
Event: 3.740 Thread 0x0000020cae033800 2232       3       org.objectweb.asm.Frame::merge (322 bytes)
Event: 3.740 Thread 0x0000020cae033800 nmethod 2232 0x0000020c9b0ed290 code [0x0000020c9b0ed4a0, 0x0000020c9b0edd18]
Event: 3.741 Thread 0x0000020cae033800 2235       3       org.objectweb.asm.Frame::<init> (10 bytes)
Event: 3.741 Thread 0x0000020cae033800 nmethod 2235 0x0000020c9b0edf10 code [0x0000020c9b0ee0a0, 0x0000020c9b0ee258]
Event: 3.741 Thread 0x0000020cae033800 2233       3       org.objectweb.asm.MethodWriter::visitLabel (328 bytes)
Event: 3.741 Thread 0x0000020cae033800 nmethod 2233 0x0000020c9b0ee310 code [0x0000020c9b0ee5a0, 0x0000020c9b0ef708]
Event: 3.741 Thread 0x0000020cae033800 2234       3       org.objectweb.asm.Frame::getInputStackSize (6 bytes)
Event: 3.741 Thread 0x0000020cae033800 nmethod 2234 0x0000020c9b0efa90 code [0x0000020c9b0efc20, 0x0000020c9b0efd38]
Event: 3.747 Thread 0x0000020cae033800 2237       3       java.lang.ThreadLocal$ThreadLocalMap::nextIndex (15 bytes)
Event: 3.747 Thread 0x0000020cae033800 nmethod 2237 0x0000020c9b0efe10 code [0x0000020c9b0effa0, 0x0000020c9b0f00d8]

GC Heap History (4 events):
Event: 0.619 GC heap before
{Heap before GC invocations=0 (full 0):
 garbage-first heap   total 258048K, used 25600K [0x00000000e0000000, 0x0000000100000000)
  region size 1024K, 24 young (24576K), 0 survivors (0K)
 Metaspace       used 10400K, capacity 10608K, committed 10880K, reserved 1058816K
  class space    used 1090K, capacity 1131K, committed 1152K, reserved 1048576K
}
Event: 0.622 GC heap after
{Heap after GC invocations=1 (full 0):
 garbage-first heap   total 258048K, used 6782K [0x00000000e0000000, 0x0000000100000000)
  region size 1024K, 3 young (3072K), 3 survivors (3072K)
 Metaspace       used 10400K, capacity 10608K, committed 10880K, reserved 1058816K
  class space    used 1090K, capacity 1131K, committed 1152K, reserved 1048576K
}
Event: 3.334 GC heap before
{Heap before GC invocations=1 (full 0):
 garbage-first heap   total 258048K, used 76414K [0x00000000e0000000, 0x0000000100000000)
  region size 1024K, 73 young (74752K), 3 survivors (3072K)
 Metaspace       used 20802K, capacity 21170K, committed 21248K, reserved 1067008K
  class space    used 2643K, capacity 2790K, committed 2816K, reserved 1048576K
}
Event: 3.341 GC heap after
{Heap after GC invocations=2 (full 0):
 garbage-first heap   total 258048K, used 14355K [0x00000000e0000000, 0x0000000100000000)
  region size 1024K, 11 young (11264K), 11 survivors (11264K)
 Metaspace       used 20802K, capacity 21170K, committed 21248K, reserved 1067008K
  class space    used 2643K, capacity 2790K, committed 2816K, reserved 1048576K
}

Deoptimization events (10 events):
Event: 3.163 Thread 0x0000020caf557800 Uncommon trap: reason=class_check action=maybe_recompile pc=0x0000020ca21ed4e0 method=java.util.regex.Matcher.match(II)Z @ 121 c2
Event: 3.170 Thread 0x0000020caf557800 Uncommon trap: reason=unstable_if action=reinterpret pc=0x0000020ca21ecd94 method=java.util.regex.Matcher.reset()Ljava/util/regex/Matcher; @ 71 c2
Event: 3.170 Thread 0x0000020caf557800 Uncommon trap: reason=unstable_if action=reinterpret pc=0x0000020ca21ed574 method=java.util.regex.Matcher.match(II)Z @ 76 c2
Event: 3.299 Thread 0x0000020caf557800 Uncommon trap: reason=unstable_if action=reinterpret pc=0x0000020ca2249384 method=java.util.jar.JarFile.maybeInstantiateVerifier()V @ 21 c2
Event: 3.437 Thread 0x0000020caf557800 Uncommon trap: reason=unstable_if action=reinterpret pc=0x0000020ca21f635c method=java.io.File.getName()Ljava/lang/String; @ 16 c2
Event: 3.437 Thread 0x0000020caf557800 Uncommon trap: reason=unstable_if action=reinterpret pc=0x0000020ca21f5094 method=java.lang.String.substring(I)Ljava/lang/String; @ 34 c2
Event: 3.636 Thread 0x0000020caf557800 Uncommon trap: reason=unstable_if action=reinterpret pc=0x0000020ca22734ac method=jdk.internal.org.objectweb.asm.Type.getArgumentsAndReturnSizes(Ljava/lang/String;)I @ 136 c2
Event: 3.643 Thread 0x0000020caf557800 Uncommon trap: reason=unstable_if action=reinterpret pc=0x0000020ca22028dc method=java.util.concurrent.ConcurrentHashMap.get(Ljava/lang/Object;)Ljava/lang/Object; @ 76 c2
Event: 3.692 Thread 0x0000020caf557800 Uncommon trap: reason=unstable_if action=reinterpret pc=0x0000020ca21d5098 method=java.lang.AbstractStringBuilder.append(Ljava/lang/String;)Ljava/lang/AbstractStringBuilder; @ 1 c2
Event: 3.692 Thread 0x0000020caf557800 Uncommon trap: reason=unstable_if action=reinterpret pc=0x0000020ca21d6778 method=java.lang.AbstractStringBuilder.append(Ljava/lang/String;)Ljava/lang/AbstractStringBuilder; @ 1 c2

Classes redefined (0 events):
No events

Internal exceptions (10 events):
Event: 3.638 Thread 0x0000020caf557800 Exception <a 'java/lang/ClassNotFoundException'{0x00000000ee26ff08}: java/lang/ObjectBeanInfo> (0x00000000ee26ff08) thrown at [./open/src/hotspot/share/classfile/systemDictionary.cpp, line 226]
Event: 3.639 Thread 0x0000020caf557800 Exception <a 'java/lang/ClassNotFoundException'{0x00000000ee2777d8}: java/lang/ObjectCustomizer> (0x00000000ee2777d8) thrown at [./open/src/hotspot/share/classfile/systemDictionary.cpp, line 226]
Event: 3.644 Thread 0x0000020caf557800 Exception <a 'java/lang/ClassNotFoundException'{0x00000000ee29be80}: groovy/lang/MetaClassImplCustomizer> (0x00000000ee29be80) thrown at [./open/src/hotspot/share/classfile/systemDictionary.cpp, line 226]
Event: 3.645 Thread 0x0000020caf557800 Exception <a 'java/lang/ClassNotFoundException'{0x00000000ee2ca840}: groovy/lang/ExpandoMetaClassCustomizer> (0x00000000ee2ca840) thrown at [./open/src/hotspot/share/classfile/systemDictionary.cpp, line 226]
Event: 3.650 Thread 0x0000020caf557800 Exception <a 'java/lang/ClassNotFoundException'{0x00000000ee13eaf0}: org/gradle/api/internal/plugins/DefaultExtraPropertiesExtensionBeanInfo> (0x00000000ee13eaf0) thrown at [./open/src/hotspot/share/classfile/systemDictionary.cpp, line 226]
Event: 3.650 Thread 0x0000020caf557800 Exception <a 'java/lang/ClassNotFoundException'{0x00000000ee14c080}: groovy/lang/GroovyObjectSupportBeanInfo> (0x00000000ee14c080) thrown at [./open/src/hotspot/share/classfile/systemDictionary.cpp, line 226]
Event: 3.650 Thread 0x0000020caf557800 Exception <a 'java/lang/ClassNotFoundException'{0x00000000ee159410}: groovy/lang/GroovyObjectSupportCustomizer> (0x00000000ee159410) thrown at [./open/src/hotspot/share/classfile/systemDictionary.cpp, line 226]
Event: 3.651 Thread 0x0000020caf557800 Exception <a 'java/lang/ClassNotFoundException'{0x00000000ee16a4d0}: org/gradle/api/internal/plugins/DefaultExtraPropertiesExtensionCustomizer> (0x00000000ee16a4d0) thrown at [./open/src/hotspot/share/classfile/systemDictionary.cpp, line 226]
Event: 3.692 Thread 0x0000020caf557800 Implicit null exception at 0x0000020ca21d4b74 to 0x0000020ca21d5080
Event: 3.692 Thread 0x0000020caf557800 Implicit null exception at 0x0000020ca21d6274 to 0x0000020ca21d6760

Events (10 events):
Event: 3.752 loading class com/google/common/collect/AllEqualOrdering
Event: 3.752 loading class com/google/common/collect/AllEqualOrdering done
Event: 3.752 loading class com/google/common/collect/CompoundOrdering
Event: 3.752 loading class com/google/common/collect/CompoundOrdering done
Event: 3.752 loading class com/google/common/collect/ExplicitOrdering
Event: 3.752 loading class com/google/common/collect/ExplicitOrdering done
Event: 3.753 loading class com/google/common/collect/ByFunctionOrdering
Event: 3.753 loading class com/google/common/collect/ByFunctionOrdering done
Event: 3.753 loading class com/google/common/collect/NaturalOrdering
Event: 3.753 loading class com/google/common/collect/NaturalOrdering done


Dynamic libraries:
0x00007ff6f42b0000 - 0x00007ff6f42c0000 	C:\Program Files\Java\jdk-11.0.19\bin\java.exe
0x00007fffc3710000 - 0x00007fffc3927000 	C:\WINDOWS\SYSTEM32\ntdll.dll
0x00007fffc2c40000 - 0x00007fffc2d04000 	C:\WINDOWS\System32\KERNEL32.DLL
0x00007fffc0a80000 - 0x00007fffc0e26000 	C:\WINDOWS\System32\KERNELBASE.dll
0x0000000077290000 - 0x000000007732e000 	C:\ProgramData\Symantec\Symantec Endpoint Protection\14.3.9681.7000.105\Data\Sysfer\x64\sysfer.dll
0x00007fffc1180000 - 0x00007fffc1291000 	C:\WINDOWS\System32\ucrtbase.dll
0x00007fff95c00000 - 0x00007fff95c19000 	C:\Program Files\Java\jdk-11.0.19\bin\jli.dll
0x00007fff93b70000 - 0x00007fff93b8b000 	C:\Program Files\Java\jdk-11.0.19\bin\VCRUNTIME140.dll
0x00007fffc32a0000 - 0x00007fffc3351000 	C:\WINDOWS\System32\ADVAPI32.dll
0x00007fffc1db0000 - 0x00007fffc1e57000 	C:\WINDOWS\System32\msvcrt.dll
0x00007fffc1cd0000 - 0x00007fffc1d75000 	C:\WINDOWS\System32\sechost.dll
0x00007fffc2b20000 - 0x00007fffc2c37000 	C:\WINDOWS\System32\RPCRT4.dll
0x00007fffc30f0000 - 0x00007fffc329e000 	C:\WINDOWS\System32\USER32.dll
0x00007fffc0eb0000 - 0x00007fffc0ed6000 	C:\WINDOWS\System32\win32u.dll
0x00007fffc1820000 - 0x00007fffc1849000 	C:\WINDOWS\System32\GDI32.dll
0x00007fffc12a0000 - 0x00007fffc13b8000 	C:\WINDOWS\System32\gdi32full.dll
0x00007fffc13c0000 - 0x00007fffc145a000 	C:\WINDOWS\System32\msvcp_win.dll
0x00007fff6e200000 - 0x00007fff6e493000 	C:\WINDOWS\WinSxS\amd64_microsoft.windows.common-controls_6595b64144ccf1df_6.0.22621.2506_none_270c5ae97388e100\COMCTL32.dll
0x00007fffb87d0000 - 0x00007fffb87da000 	C:\WINDOWS\SYSTEM32\VERSION.dll
0x00007fffc34c0000 - 0x00007fffc34f1000 	C:\WINDOWS\System32\IMM32.DLL
0x00007fff960f0000 - 0x00007fff960fc000 	C:\Program Files\Java\jdk-11.0.19\bin\vcruntime140_1.dll
0x00007fff2a340000 - 0x00007fff2a3ce000 	C:\Program Files\Java\jdk-11.0.19\bin\msvcp140.dll
0x00007ffed32a0000 - 0x00007ffed3e0c000 	C:\Program Files\Java\jdk-11.0.19\bin\server\jvm.dll
0x00007fffc1d80000 - 0x00007fffc1d88000 	C:\WINDOWS\System32\PSAPI.DLL
0x00007fffb4bb0000 - 0x00007fffb4bb9000 	C:\WINDOWS\SYSTEM32\WSOCK32.dll
0x00007fffc3070000 - 0x00007fffc30e1000 	C:\WINDOWS\System32\WS2_32.dll
0x00007fffb8790000 - 0x00007fffb87c4000 	C:\WINDOWS\SYSTEM32\WINMM.dll
0x00007fffbfa80000 - 0x00007fffbfa98000 	C:\WINDOWS\SYSTEM32\kernel.appcore.dll
0x00007fff95bf0000 - 0x00007fff95c00000 	C:\Program Files\Java\jdk-11.0.19\bin\verify.dll
0x00007fffbe140000 - 0x00007fffbe373000 	C:\WINDOWS\SYSTEM32\DBGHELP.DLL
0x00007fffc2790000 - 0x00007fffc2b19000 	C:\WINDOWS\System32\combase.dll
0x00007fffc2df0000 - 0x00007fffc2ec7000 	C:\WINDOWS\System32\OLEAUT32.dll
0x00007fffb7c00000 - 0x00007fffb7c32000 	C:\WINDOWS\SYSTEM32\dbgcore.DLL
0x00007fffc0e30000 - 0x00007fffc0eaa000 	C:\WINDOWS\System32\bcryptPrimitives.dll
0x00007fff69460000 - 0x00007fff69488000 	C:\Program Files\Java\jdk-11.0.19\bin\java.dll
0x00007fff92be0000 - 0x00007fff92bea000 	C:\Program Files\Java\jdk-11.0.19\bin\jimage.dll
0x00007fff659b0000 - 0x00007fff659c7000 	C:\Program Files\Java\jdk-11.0.19\bin\zip.dll
0x00007fffc1e60000 - 0x00007fffc26ba000 	C:\WINDOWS\System32\SHELL32.dll
0x00007fffbe8f0000 - 0x00007fffbf1e6000 	C:\WINDOWS\SYSTEM32\windows.storage.dll
0x00007fffbe7b0000 - 0x00007fffbe8ee000 	C:\WINDOWS\SYSTEM32\wintypes.dll
0x00007fffc3500000 - 0x00007fffc35f3000 	C:\WINDOWS\System32\SHCORE.dll
0x00007fffc1460000 - 0x00007fffc14be000 	C:\WINDOWS\System32\shlwapi.dll
0x00007fffc09b0000 - 0x00007fffc09d6000 	C:\WINDOWS\SYSTEM32\profapi.dll
0x00007fff65880000 - 0x00007fff65899000 	C:\Program Files\Java\jdk-11.0.19\bin\net.dll
0x00007fffba570000 - 0x00007fffba6a7000 	C:\WINDOWS\SYSTEM32\WINHTTP.dll
0x00007fffbff00000 - 0x00007fffbff69000 	C:\WINDOWS\system32\mswsock.dll
0x00007fff657e0000 - 0x00007fff657f2000 	C:\Program Files\Java\jdk-11.0.19\bin\nio.dll
0x00007fff61700000 - 0x00007fff6171e000 	C:\Users\Mohammad.Junaid\.gradle\native\25\windows-amd64\native-platform.dll
0x00007fff92af0000 - 0x00007fff92af9000 	C:\Program Files\Java\jdk-11.0.19\bin\management.dll
0x00007fff92a80000 - 0x00007fff92a8b000 	C:\Program Files\Java\jdk-11.0.19\bin\management_ext.dll
0x00007fffc0150000 - 0x00007fffc016b000 	C:\WINDOWS\SYSTEM32\CRYPTSP.dll
0x00007fffbf9e0000 - 0x00007fffbfa15000 	C:\WINDOWS\system32\rsaenh.dll
0x00007fffbfff0000 - 0x00007fffc001c000 	C:\WINDOWS\SYSTEM32\USERENV.dll
0x00007fffc02c0000 - 0x00007fffc02e8000 	C:\WINDOWS\SYSTEM32\bcrypt.dll
0x00007fffc0170000 - 0x00007fffc017c000 	C:\WINDOWS\SYSTEM32\CRYPTBASE.dll
0x00007fffbf310000 - 0x00007fffbf33d000 	C:\WINDOWS\SYSTEM32\IPHLPAPI.DLL
0x00007fffc14c0000 - 0x00007fffc14c9000 	C:\WINDOWS\System32\NSI.dll
0x00007fffba390000 - 0x00007fffba3a9000 	C:\WINDOWS\SYSTEM32\dhcpcsvc6.DLL
0x00007fffba370000 - 0x00007fffba38f000 	C:\WINDOWS\SYSTEM32\dhcpcsvc.DLL
0x00007fffbf340000 - 0x00007fffbf439000 	C:\WINDOWS\SYSTEM32\DNSAPI.dll

dbghelp: loaded successfully - version: 4.0.5 - missing functions: none
symbol engine: initialized successfully - sym options: 0x614 - pdb path: .;C:\Program Files\Java\jdk-11.0.19\bin;C:\WINDOWS\SYSTEM32;C:\ProgramData\Symantec\Symantec Endpoint Protection\14.3.9681.7000.105\Data\Sysfer\x64;C:\WINDOWS\WinSxS\amd64_microsoft.windows.common-controls_6595b64144ccf1df_6.0.22621.2506_none_270c5ae97388e100;C:\Program Files\Java\jdk-11.0.19\bin\server;C:\Users\Mohammad.Junaid\.gradle\native\25\windows-amd64

VM Arguments:
jvm_args: --add-opens=java.base/java.util=ALL-UNNAMED -XX:+HeapDumpOnOutOfMemoryError -Xmx1024m -Dfile.encoding=windows-1252 -Duser.country=IN -Duser.language=en -Duser.variant -Xmx512M 
java_command: org.gradle.launcher.daemon.bootstrap.GradleDaemon 4.10.3
java_class_path (initial): C:\Users\Mohammad.Junaid\.gradle\wrapper\dists\gradle-4.10.3-all\81msde2dx9p4vji0mjgtvxkcb\gradle-4.10.3\lib\gradle-launcher-4.10.3.jar
Launcher Type: SUN_STANDARD

[Global flags]
     intx CICompilerCount                          = 4                                         {product} {ergonomic}
     uint ConcGCThreads                            = 2                                         {product} {ergonomic}
     uint G1ConcRefinementThreads                  = 8                                         {product} {ergonomic}
   size_t G1HeapRegionSize                         = 1048576                                   {product} {ergonomic}
    uintx GCDrainStackTargetSize                   = 64                                        {product} {ergonomic}
     bool HeapDumpOnOutOfMemoryError               = true                                   {manageable} {command line}
   size_t InitialHeapSize                          = 264241152                                 {product} {ergonomic}
   size_t MarkStackSize                            = 4194304                                   {product} {ergonomic}
   size_t MaxHeapSize                              = 536870912                                 {product} {command line}
   size_t MaxNewSize                               = 321912832                                 {product} {ergonomic}
   size_t MinHeapDeltaBytes                        = 1048576                                   {product} {ergonomic}
    uintx NonNMethodCodeHeapSize                   = 5836300                                {pd product} {ergonomic}
    uintx NonProfiledCodeHeapSize                  = 122910970                              {pd product} {ergonomic}
    uintx ProfiledCodeHeapSize                     = 122910970                              {pd product} {ergonomic}
    uintx ReservedCodeCacheSize                    = 251658240                              {pd product} {ergonomic}
     bool SegmentedCodeCache                       = true                                      {product} {ergonomic}
     bool UseCompressedClassPointers               = true                                 {lp64_product} {ergonomic}
     bool UseCompressedOops                        = true                                 {lp64_product} {ergonomic}
     bool UseG1GC                                  = true                                      {product} {ergonomic}
     bool UseLargePagesIndividualAllocation        = false                                  {pd product} {ergonomic}

Logging:
Log output configuration:
 #0: stdout all=warning uptime,level,tags
 #1: stderr all=off uptime,level,tags

Environment Variables:
JAVA_HOME=C:\Program Files\Java\jdk-11.0.19
JRE_HOME=C:\Program Files\Java\jre1.8.0_202
_JAVA_OPTIONS=-Xmx512M
CLASSPATH=D:\MobileApp\GalaxyV3_BIAL_SB_LEVEL_GHA_WFS\platforms\android\\gradle\wrapper\gradle-wrapper.jar
PATH=C:\Users\Mohammad.Junaid\AppData\Roaming\npm;C:\Program Files\nodejs\;C:\Program Files\Python311\Scripts\;C:\Program Files\Python311\;C:\oraclexe\app\oracle\product\11.2.0\server\bin;C:\Program Files\Eclipse Foundation\jdk-8.0.302.8-hotspot\bin;C:\Program Files (x86)\Common Files\Oracle\Java\javapath;C:\Windows\system32;C:\Windows;C:\Windows\System32\Wbem;C:\Windows\System32\WindowsPowerShell\v1.0\;C:\Windows\System32\OpenSSH\;C:\Program Files (x86)\Microsoft SQL Server\150\DTS\Binn\;C:\Program Files\Azure Data Studio\bin;C:\Program Files (x86)\Microsoft SQL Server\130\Tools\Binn\;C:\Program Files\Microsoft SQL Server\130\Tools\Binn\;C:\Program Files (x86)\Microsoft SQL Server\130\DTS\Binn\;C:\Program Files\Microsoft SQL Server\130\DTS\Binn\;C:\Program Files\Microsoft SQL Server\Client SDK\ODBC\130\Tools\Binn\;C:\Program Files\gradle-5.1.1\bin;C:\Program Files\nodejs\;C:\Program Files\dotnet\;C:\Program Files\Microsoft SQL Server\Client SDK\ODBC\170\Tools\Binn\;C:\Program Files\Java\jdk-11.0.19;C:\Program Files\Java\jre1.8.0_202;C:\Users\Mohammad.Junaid\AppData\Local\Microsoft\WindowsApps;C:\Program Files\JetBrains;C:\Program Files\Microsoft SQL Server\120\Tools\Binn\;C:\Program Files (x86)\Microsoft SQL Server\150\Tools\Binn\;C:\Program Files\Microsoft SQL Server\150\Tools\Binn\;C:\Program Files\Microsoft SQL Server\150\DTS\Binn\;C:\Program Files (x86)\dotnet\;C:\Program Files\flutter\bin;C:\Users\Mohammad.Junaid\AppData\Roaming\npm;C:\Program Files\Git\cmd;;%SystemRoot%\system32;%SystemRoot%;%SystemRoot%\System32\Wbem;%SYSTEMROOT%\System32\WindowsPowerShell\v1.0\;%SYSTEMROOT%\System32\OpenSSH\;C:\Users\Mohammad.Junaid\AppData\Local\Programs\Microsoft VS Code\bin;C:\Program Files\flutter\bin;C:\Users\Mohammad.Junaid\.dotnet\tools;C:\Users\Mohammad.Junaid\AppData\Local\Microsoft\WindowsApps;;C:\Users\Mohammad.Junaid\AppData\Local\Android\Sdk\tools;C:\Users\Mohammad.Junaid\AppData\Local\Android\Sdk\platform-tools;C:\Users\Mohammad.Junaid\AppData\Local\Android\Sdk\t
USERNAME=Mohammad.Junaid
OS=Windows_NT
PROCESSOR_IDENTIFIER=Intel64 Family 6 Model 140 Stepping 1, GenuineIntel



---------------  S Y S T E M  ---------------

OS: Windows 11 , 64 bit Build 22621 (10.0.22621.2506)

CPU:total 8 (initial active 8) (4 cores per cpu, 2 threads per core) family 6 model 140 stepping 1 microcode 0xb4, cmov, cx8, fxsr, mmx, sse, sse2, sse3, ssse3, sse4.1, sse4.2, popcnt, avx, avx2, aes, clmul, erms, 3dnowpref, lzcnt, ht, tsc, tscinvbit, bmi1, bmi2, adx, evex, sha, fma

Memory: 4k page, system-wide physical 16126M (2210M free)
TotalPageFile size 22635M (AvailPageFile size 6M)
current process WorkingSet (physical memory assigned to process): 206M, peak: 206M
current process commit charge ("private bytes"): 417M, peak: 418M

vm_info: Java HotSpot(TM) 64-Bit Server VM (11.0.19+9-LTS-224) for windows-amd64 JRE (11.0.19+9-LTS-224), built on Mar 27 2023 08:48:55 by "mach5one" with MS VC++ 17.1 (VS2022)

END.
